#
# There is insufficient memory for the Java Runtime Environment to continue.
# Native memory allocation (malloc) failed to allocate 2260208 bytes for Chunk::new
# Possible reasons:
#   The system is out of physical RAM or swap space
#   The process is running with CompressedOops enabled, and the Java Heap may be blocking the growth of the native heap
# Possible solutions:
#   Reduce memory load on the system
#   Increase physical memory or swap space
#   Check if swap backing store is full
#   Decrease Java heap size (-Xmx/-Xms)
#   Decrease number of Java threads
#   Decrease Java thread stack sizes (-Xss)
#   Set larger code cache with -XX:ReservedCodeCacheSize=
#   JVM is running with Unscaled Compressed Oops mode in which the Java heap is
#     placed in the first 4GB address space. The Java Heap base address is the
#     maximum limit for the native heap growth. Please use -XX:HeapBaseMinAddress
#     to set the Java Heap base and to place the Java Heap above 4GB virtual address.
# This output file may be truncated or incomplete.
#
#  Out of Memory Error (arena.cpp:191), pid=38620, tid=32272
#
# JRE version: OpenJDK Runtime Environment (17.0.10) (build 17.0.10+0--11572160)
# Java VM: OpenJDK 64-Bit Server VM (17.0.10+0--11572160, mixed mode, tiered, compressed oops, compressed class ptrs, g1 gc, windows-amd64)
# No core dump will be written. Minidumps are not enabled by default on client versions of Windows
#

---------------  S U M M A R Y ------------

Command Line: --add-opens=java.base/java.util=ALL-UNNAMED --add-opens=java.base/java.lang=ALL-UNNAMED --add-opens=java.base/java.lang.invoke=ALL-UNNAMED --add-opens=java.prefs/java.util.prefs=ALL-UNNAMED --add-opens=java.base/java.nio.charset=ALL-UNNAMED --add-opens=java.base/java.net=ALL-UNNAMED --add-opens=java.base/java.util.concurrent.atomic=ALL-UNNAMED -Xmx2048m -Dfile.encoding=UTF-8 -Duser.country=US -Duser.language=en -Duser.variant -javaagent:C:\Users\Zack Githui\.gradle\wrapper\dists\gradle-8.6-bin\afr5mpiioh2wthjmwnkmdsd5w\gradle-8.6\lib\agents\gradle-instrumentation-agent-8.6.jar org.gradle.launcher.daemon.bootstrap.GradleDaemon 8.6

Host: Intel(R) Core(TM) i5-6300U CPU @ 2.40GHz, 4 cores, 7G,  Windows 11 , 64 bit Build 22000 (10.0.22000.2538)
Time: Thu Apr  3 00:00:19 2025 E. Africa Standard Time elapsed time: 59.049062 seconds (0d 0h 0m 59s)

---------------  T H R E A D  ---------------

Current thread (0x000002574601c6c0):  JavaThread "C2 CompilerThread0" daemon [_thread_in_native, id=32272, stack(0x000000f620d00000,0x000000f620e00000)]


Current CompileTask:
C2:  59049 7461   !   4       java.net.URLClassLoader$1::run (81 bytes)

Stack: [0x000000f620d00000,0x000000f620e00000]
Native frames: (J=compiled Java code, j=interpreted, Vv=VM code, C=native code)
V  [jvm.dll+0x688e89]
V  [jvm.dll+0x84247a]
V  [jvm.dll+0x8440be]
V  [jvm.dll+0x844723]
V  [jvm.dll+0x24be0f]
V  [jvm.dll+0xac524]
V  [jvm.dll+0xacb6c]
V  [jvm.dll+0x36bd67]
V  [jvm.dll+0x33615a]
V  [jvm.dll+0x3355fa]
V  [jvm.dll+0x21daa1]
V  [jvm.dll+0x21cec1]
V  [jvm.dll+0x1a60ad]
V  [jvm.dll+0x22cd78]
V  [jvm.dll+0x22aeb0]
V  [jvm.dll+0x7f6917]
V  [jvm.dll+0x7f0d1a]
V  [jvm.dll+0x687d05]
C  [ucrtbase.dll+0x26c0c]
C  [KERNEL32.DLL+0x153e0]
C  [ntdll.dll+0x485b]


---------------  P R O C E S S  ---------------

Threads class SMR info:
_java_thread_list=0x000002574a344220, length=41, elements={
0x000002572878b070, 0x0000025741d72020, 0x0000025741d72ea0, 0x0000025741d9dcc0,
0x0000025741d9e590, 0x000002574601b010, 0x000002574601b9d0, 0x000002574601c6c0,
0x000002574606fb30, 0x00000257460928b0, 0x0000025746149000, 0x000002574627dab0,
0x0000025747d4f6f0, 0x00000257464d07f0, 0x000002574770fcf0, 0x000002574722c960,
0x0000025747735f40, 0x0000025746b8feb0, 0x0000025746b90de0, 0x0000025746b92c40,
0x0000025746b903c0, 0x0000025746b92730, 0x0000025746b8f9a0, 0x0000025746b908d0,
0x0000025746b912f0, 0x0000025746b8f490, 0x0000025746b92220, 0x0000025747dde770,
0x0000025747dd9670, 0x0000025747ddd330, 0x0000025747ddb9e0, 0x0000025747dd9160,
0x0000025747dddd50, 0x0000025747dda5a0, 0x0000025747ddaab0, 0x0000025747dde260,
0x0000025747ddce20, 0x0000025747dda090, 0x0000025747ddec80, 0x0000025747ddf190,
0x0000025747ddc400
}

Java Threads: ( => current thread )
  0x000002572878b070 JavaThread "main" [_thread_blocked, id=25172, stack(0x000000f620000000,0x000000f620100000)]
  0x0000025741d72020 JavaThread "Reference Handler" daemon [_thread_blocked, id=87828, stack(0x000000f620700000,0x000000f620800000)]
  0x0000025741d72ea0 JavaThread "Finalizer" daemon [_thread_blocked, id=80148, stack(0x000000f620800000,0x000000f620900000)]
  0x0000025741d9dcc0 JavaThread "Signal Dispatcher" daemon [_thread_blocked, id=82476, stack(0x000000f620900000,0x000000f620a00000)]
  0x0000025741d9e590 JavaThread "Attach Listener" daemon [_thread_blocked, id=58436, stack(0x000000f620a00000,0x000000f620b00000)]
  0x000002574601b010 JavaThread "Service Thread" daemon [_thread_blocked, id=73900, stack(0x000000f620b00000,0x000000f620c00000)]
  0x000002574601b9d0 JavaThread "Monitor Deflation Thread" daemon [_thread_blocked, id=9504, stack(0x000000f620c00000,0x000000f620d00000)]
=>0x000002574601c6c0 JavaThread "C2 CompilerThread0" daemon [_thread_in_native, id=32272, stack(0x000000f620d00000,0x000000f620e00000)]
  0x000002574606fb30 JavaThread "C1 CompilerThread0" daemon [_thread_blocked, id=776, stack(0x000000f620e00000,0x000000f620f00000)]
  0x00000257460928b0 JavaThread "Sweeper thread" daemon [_thread_blocked, id=2692, stack(0x000000f620f00000,0x000000f621000000)]
  0x0000025746149000 JavaThread "Common-Cleaner" daemon [_thread_blocked, id=61000, stack(0x000000f621000000,0x000000f621100000)]
  0x000002574627dab0 JavaThread "Notification Thread" daemon [_thread_blocked, id=44260, stack(0x000000f621100000,0x000000f621200000)]
  0x0000025747d4f6f0 JavaThread "Daemon health stats" [_thread_blocked, id=68492, stack(0x000000f621600000,0x000000f621700000)]
  0x00000257464d07f0 JavaThread "Incoming local TCP Connector on port 65112" [_thread_in_native, id=63284, stack(0x000000f621700000,0x000000f621800000)]
  0x000002574770fcf0 JavaThread "Daemon periodic checks" [_thread_blocked, id=21212, stack(0x000000f621800000,0x000000f621900000)]
  0x000002574722c960 JavaThread "Daemon" [_thread_blocked, id=36320, stack(0x000000f621900000,0x000000f621a00000)]
  0x0000025747735f40 JavaThread "Handler for socket connection from /127.0.0.1:65112 to /127.0.0.1:65113" [_thread_in_native, id=40592, stack(0x000000f621a00000,0x000000f621b00000)]
  0x0000025746b8feb0 JavaThread "Cancel handler" [_thread_blocked, id=32276, stack(0x000000f621b00000,0x000000f621c00000)]
  0x0000025746b90de0 JavaThread "Daemon worker" [_thread_in_vm, id=76032, stack(0x000000f621c00000,0x000000f621d00000)]
  0x0000025746b92c40 JavaThread "Asynchronous log dispatcher for DefaultDaemonConnection: socket connection from /127.0.0.1:65112 to /127.0.0.1:65113" [_thread_blocked, id=16512, stack(0x000000f621d00000,0x000000f621e00000)]
  0x0000025746b903c0 JavaThread "Stdin handler" [_thread_blocked, id=7356, stack(0x000000f621e00000,0x000000f621f00000)]
  0x0000025746b92730 JavaThread "Daemon client event forwarder" [_thread_blocked, id=82784, stack(0x000000f621f00000,0x000000f622000000)]
  0x0000025746b8f9a0 JavaThread "Cache worker for journal cache (C:\Users\Zack Githui\.gradle\caches\journal-1)" [_thread_blocked, id=11376, stack(0x000000f622000000,0x000000f622100000)]
  0x0000025746b908d0 JavaThread "File lock request listener" [_thread_in_native, id=22440, stack(0x000000f622100000,0x000000f622200000)]
  0x0000025746b912f0 JavaThread "Cache worker for file hash cache (C:\Users\Zack Githui\.gradle\caches\8.6\fileHashes)" [_thread_blocked, id=22756, stack(0x000000f622200000,0x000000f622300000)]
  0x0000025746b8f490 JavaThread "File watcher server" daemon [_thread_in_native, id=41740, stack(0x000000f622300000,0x000000f622400000)]
  0x0000025746b92220 JavaThread "File watcher consumer" daemon [_thread_blocked, id=33368, stack(0x000000f622400000,0x000000f622500000)]
  0x0000025747dde770 JavaThread "Cache worker for checksums cache (C:\Users\Zack Githui\AndroidStudioProjects\Cleanshelf\.gradle\8.6\checksums)" [_thread_blocked, id=2688, stack(0x000000f622500000,0x000000f622600000)]
  0x0000025747dd9670 JavaThread "Cache worker for file hash cache (C:\Users\Zack Githui\AndroidStudioProjects\Cleanshelf\.gradle\8.6\fileHashes)" [_thread_blocked, id=78316, stack(0x000000f622600000,0x000000f622700000)]
  0x0000025747ddd330 JavaThread "Cache worker for cache directory md-supplier (C:\Users\Zack Githui\.gradle\caches\8.6\md-supplier)" [_thread_blocked, id=61920, stack(0x000000f622700000,0x000000f622800000)]
  0x0000025747ddb9e0 JavaThread "Cache worker for cache directory md-rule (C:\Users\Zack Githui\.gradle\caches\8.6\md-rule)" [_thread_blocked, id=61896, stack(0x000000f622800000,0x000000f622900000)]
  0x0000025747dd9160 JavaThread "Cache worker for file content cache (C:\Users\Zack Githui\.gradle\caches\8.6\fileContent)" [_thread_blocked, id=7108, stack(0x000000f622900000,0x000000f622a00000)]
  0x0000025747dddd50 JavaThread "jar transforms" [_thread_blocked, id=31272, stack(0x000000f622b00000,0x000000f622c00000)]
  0x0000025747dda5a0 JavaThread "jar transforms Thread 2" [_thread_blocked, id=51600, stack(0x000000f622c00000,0x000000f622d00000)]
  0x0000025747ddaab0 JavaThread "jar transforms Thread 3" [_thread_blocked, id=76756, stack(0x000000f622d00000,0x000000f622e00000)]
  0x0000025747dde260 JavaThread "jar transforms Thread 4" [_thread_blocked, id=56508, stack(0x000000f622e00000,0x000000f622f00000)]
  0x0000025747ddce20 JavaThread "Cache worker for Build Output Cleanup Cache (C:\Users\Zack Githui\AndroidStudioProjects\Cleanshelf\.gradle\buildOutputCleanup)" [_thread_blocked, id=87044, stack(0x000000f623100000,0x000000f623200000)]
  0x0000025747dda090 JavaThread "Unconstrained build operations" [_thread_blocked, id=1148, stack(0x000000f623200000,0x000000f623300000)]
  0x0000025747ddec80 JavaThread "Unconstrained build operations Thread 2" [_thread_blocked, id=20944, stack(0x000000f623300000,0x000000f623400000)]
  0x0000025747ddf190 JavaThread "Unconstrained build operations Thread 3" [_thread_blocked, id=63176, stack(0x000000f623400000,0x000000f623500000)]
  0x0000025747ddc400 JavaThread "build event listener" [_thread_blocked, id=79876, stack(0x000000f623500000,0x000000f623600000)]

Other Threads:
  0x0000025741d54320 VMThread "VM Thread" [stack: 0x000000f620600000,0x000000f620700000] [id=63852]
  0x000002574627df90 WatcherThread [stack: 0x000000f621200000,0x000000f621300000] [id=27640]
  0x00000257287e73f0 GCTaskThread "GC Thread#0" [stack: 0x000000f620100000,0x000000f620200000] [id=46464]
  0x000002574651bb70 GCTaskThread "GC Thread#1" [stack: 0x000000f621300000,0x000000f621400000] [id=33412]
  0x000002574651be30 GCTaskThread "GC Thread#2" [stack: 0x000000f621400000,0x000000f621500000] [id=55264]
  0x0000025746df46e0 GCTaskThread "GC Thread#3" [stack: 0x000000f621500000,0x000000f621600000] [id=67044]
  0x00000257287f8340 ConcurrentGCThread "G1 Main Marker" [stack: 0x000000f620200000,0x000000f620300000] [id=75280]
  0x00000257287f8d60 ConcurrentGCThread "G1 Conc#0" [stack: 0x000000f620300000,0x000000f620400000] [id=79136]
  0x000002572884e480 ConcurrentGCThread "G1 Refine#0" [stack: 0x000000f620400000,0x000000f620500000] [id=44912]
  0x000002574766dcb0 ConcurrentGCThread "G1 Refine#1" [stack: 0x000000f622a00000,0x000000f622b00000] [id=63540]
  0x0000025741bc1850 ConcurrentGCThread "G1 Service" [stack: 0x000000f620500000,0x000000f620600000] [id=43956]

Threads with active compile tasks:
C2 CompilerThread0    59139 7461   !   4       java.net.URLClassLoader$1::run (81 bytes)

VM state: not at safepoint (normal execution)

VM Mutex/Monitor currently owned by a thread: None

Heap address: 0x0000000080000000, size: 2048 MB, Compressed Oops mode: 32-bit

CDS archive(s) not mapped
Compressed class space mapped at: 0x0000000100000000-0x0000000140000000, reserved size: 1073741824
Narrow klass base: 0x0000000000000000, Narrow klass shift: 3, Narrow klass range: 0x140000000

GC Precious Log:
 CPUs: 4 total, 4 available
 Memory: 8072M
 Large Page Support: Disabled
 NUMA Support: Disabled
 Compressed Oops: Enabled (32-bit)
 Heap Region Size: 1M
 Heap Min Capacity: 8M
 Heap Initial Capacity: 128M
 Heap Max Capacity: 2G
 Pre-touch: Disabled
 Parallel Workers: 4
 Concurrent Workers: 1
 Concurrent Refinement Workers: 4
 Periodic GC: Disabled

Heap:
 garbage-first heap   total 141312K, used 96205K [0x0000000080000000, 0x0000000100000000)
  region size 1024K, 31 young (31744K), 1 survivors (1024K)
 Metaspace       used 65363K, committed 65984K, reserved 1114112K
  class space    used 8880K, committed 9152K, reserved 1048576K

Heap Regions: E=young(eden), S=young(survivor), O=old, HS=humongous(starts), HC=humongous(continues), CS=collection set, F=free, OA=open archive, CA=closed archive, TAMS=top-at-mark-start (previous, next)
|   0|0x0000000080000000, 0x0000000080100000, 0x0000000080100000|100%| O|  |TAMS 0x0000000080100000, 0x0000000080000000| Untracked 
|   1|0x0000000080100000, 0x0000000080200000, 0x0000000080200000|100%|HS|  |TAMS 0x0000000080200000, 0x0000000080100000| Complete 
|   2|0x0000000080200000, 0x0000000080300000, 0x0000000080300000|100%|HC|  |TAMS 0x0000000080300000, 0x0000000080200000| Complete 
|   3|0x0000000080300000, 0x0000000080400000, 0x0000000080400000|100%|HC|  |TAMS 0x0000000080400000, 0x0000000080300000| Complete 
|   4|0x0000000080400000, 0x0000000080500000, 0x0000000080500000|100%|HC|  |TAMS 0x0000000080500000, 0x0000000080400000| Complete 
|   5|0x0000000080500000, 0x0000000080600000, 0x0000000080600000|100%| O|  |TAMS 0x0000000080600000, 0x0000000080500000| Untracked 
|   6|0x0000000080600000, 0x0000000080700000, 0x0000000080700000|100%| O|  |TAMS 0x0000000080700000, 0x0000000080600000| Untracked 
|   7|0x0000000080700000, 0x0000000080800000, 0x0000000080800000|100%| O|  |TAMS 0x0000000080800000, 0x0000000080700000| Untracked 
|   8|0x0000000080800000, 0x0000000080900000, 0x0000000080900000|100%| O|  |TAMS 0x0000000080900000, 0x0000000080800000| Untracked 
|   9|0x0000000080900000, 0x0000000080a00000, 0x0000000080a00000|100%| O|  |TAMS 0x0000000080a00000, 0x0000000080900000| Untracked 
|  10|0x0000000080a00000, 0x0000000080ab0a00, 0x0000000080b00000| 68%| O|  |TAMS 0x0000000080ab0a00, 0x0000000080a00000| Untracked 
|  11|0x0000000080b00000, 0x0000000080c00000, 0x0000000080c00000|100%| O|  |TAMS 0x0000000080c00000, 0x0000000080b00000| Untracked 
|  12|0x0000000080c00000, 0x0000000080d00000, 0x0000000080d00000|100%| O|  |TAMS 0x0000000080d00000, 0x0000000080c00000| Untracked 
|  13|0x0000000080d00000, 0x0000000080e00000, 0x0000000080e00000|100%| O|  |TAMS 0x0000000080e00000, 0x0000000080d00000| Untracked 
|  14|0x0000000080e00000, 0x0000000080f00000, 0x0000000080f00000|100%| O|  |TAMS 0x0000000080f00000, 0x0000000080e00000| Untracked 
|  15|0x0000000080f00000, 0x0000000081000000, 0x0000000081000000|100%| O|  |TAMS 0x0000000081000000, 0x0000000080f00000| Untracked 
|  16|0x0000000081000000, 0x0000000081100000, 0x0000000081100000|100%| O|  |TAMS 0x0000000081100000, 0x0000000081000000| Untracked 
|  17|0x0000000081100000, 0x0000000081200000, 0x0000000081200000|100%| O|  |TAMS 0x0000000081200000, 0x0000000081100000| Untracked 
|  18|0x0000000081200000, 0x0000000081300000, 0x0000000081300000|100%| O|  |TAMS 0x0000000081300000, 0x0000000081200000| Untracked 
|  19|0x0000000081300000, 0x0000000081400000, 0x0000000081400000|100%| O|  |TAMS 0x0000000081400000, 0x0000000081300000| Untracked 
|  20|0x0000000081400000, 0x0000000081500000, 0x0000000081500000|100%| O|  |TAMS 0x0000000081500000, 0x0000000081400000| Untracked 
|  21|0x0000000081500000, 0x0000000081600000, 0x0000000081600000|100%| O|  |TAMS 0x0000000081600000, 0x0000000081500000| Untracked 
|  22|0x0000000081600000, 0x0000000081600000, 0x0000000081700000|  0%| F|  |TAMS 0x0000000081600000, 0x0000000081600000| Untracked 
|  23|0x0000000081700000, 0x0000000081800000, 0x0000000081800000|100%| O|  |TAMS 0x0000000081800000, 0x0000000081700000| Untracked 
|  24|0x0000000081800000, 0x0000000081900000, 0x0000000081900000|100%| O|  |TAMS 0x0000000081900000, 0x0000000081800000| Untracked 
|  25|0x0000000081900000, 0x0000000081a00000, 0x0000000081a00000|100%| O|  |TAMS 0x0000000081a00000, 0x0000000081900000| Untracked 
|  26|0x0000000081a00000, 0x0000000081b00000, 0x0000000081b00000|100%| O|  |TAMS 0x0000000081b00000, 0x0000000081a00000| Untracked 
|  27|0x0000000081b00000, 0x0000000081c00000, 0x0000000081c00000|100%| O|  |TAMS 0x0000000081c00000, 0x0000000081b00000| Untracked 
|  28|0x0000000081c00000, 0x0000000081d00000, 0x0000000081d00000|100%| O|  |TAMS 0x0000000081d00000, 0x0000000081c00000| Untracked 
|  29|0x0000000081d00000, 0x0000000081e00000, 0x0000000081e00000|100%| O|  |TAMS 0x0000000081e00000, 0x0000000081d00000| Untracked 
|  30|0x0000000081e00000, 0x0000000081f00000, 0x0000000081f00000|100%|HS|  |TAMS 0x0000000081f00000, 0x0000000081e00000| Complete 
|  31|0x0000000081f00000, 0x0000000082000000, 0x0000000082000000|100%| O|  |TAMS 0x0000000082000000, 0x0000000081f00000| Untracked 
|  32|0x0000000082000000, 0x0000000082100000, 0x0000000082100000|100%| O|  |TAMS 0x0000000082100000, 0x0000000082000000| Untracked 
|  33|0x0000000082100000, 0x0000000082200000, 0x0000000082200000|100%| O|  |TAMS 0x0000000082200000, 0x0000000082100000| Untracked 
|  34|0x0000000082200000, 0x0000000082300000, 0x0000000082300000|100%| O|  |TAMS 0x0000000082300000, 0x0000000082200000| Untracked 
|  35|0x0000000082300000, 0x0000000082400000, 0x0000000082400000|100%| O|  |TAMS 0x0000000082400000, 0x0000000082300000| Untracked 
|  36|0x0000000082400000, 0x0000000082500000, 0x0000000082500000|100%| O|  |TAMS 0x0000000082500000, 0x0000000082400000| Untracked 
|  37|0x0000000082500000, 0x0000000082600000, 0x0000000082600000|100%| O|  |TAMS 0x0000000082600000, 0x0000000082500000| Untracked 
|  38|0x0000000082600000, 0x0000000082700000, 0x0000000082700000|100%| O|  |TAMS 0x0000000082700000, 0x0000000082600000| Untracked 
|  39|0x0000000082700000, 0x0000000082800000, 0x0000000082800000|100%| O|  |TAMS 0x0000000082800000, 0x0000000082700000| Untracked 
|  40|0x0000000082800000, 0x0000000082900000, 0x0000000082900000|100%| O|  |TAMS 0x0000000082900000, 0x0000000082800000| Untracked 
|  41|0x0000000082900000, 0x0000000082a00000, 0x0000000082a00000|100%|HS|  |TAMS 0x0000000082900000, 0x0000000082900000| Complete 
|  42|0x0000000082a00000, 0x0000000082b00000, 0x0000000082b00000|100%| O|  |TAMS 0x0000000082b00000, 0x0000000082a00000| Untracked 
|  43|0x0000000082b00000, 0x0000000082c00000, 0x0000000082c00000|100%|HS|  |TAMS 0x0000000082c00000, 0x0000000082b00000| Complete 
|  44|0x0000000082c00000, 0x0000000082d00000, 0x0000000082d00000|100%|HS|  |TAMS 0x0000000082d00000, 0x0000000082c00000| Complete 
|  45|0x0000000082d00000, 0x0000000082e00000, 0x0000000082e00000|100%|HC|  |TAMS 0x0000000082e00000, 0x0000000082d00000| Complete 
|  46|0x0000000082e00000, 0x0000000082f00000, 0x0000000082f00000|100%|HS|  |TAMS 0x0000000082f00000, 0x0000000082e00000| Complete 
|  47|0x0000000082f00000, 0x0000000083000000, 0x0000000083000000|100%|HC|  |TAMS 0x0000000083000000, 0x0000000082f00000| Complete 
|  48|0x0000000083000000, 0x0000000083100000, 0x0000000083100000|100%|HS|  |TAMS 0x0000000083100000, 0x0000000083000000| Complete 
|  49|0x0000000083100000, 0x0000000083200000, 0x0000000083200000|100%|HS|  |TAMS 0x0000000083200000, 0x0000000083100000| Complete 
|  50|0x0000000083200000, 0x0000000083300000, 0x0000000083300000|100%|HC|  |TAMS 0x0000000083300000, 0x0000000083200000| Complete 
|  51|0x0000000083300000, 0x0000000083400000, 0x0000000083400000|100%|HC|  |TAMS 0x0000000083400000, 0x0000000083300000| Complete 
|  52|0x0000000083400000, 0x0000000083500000, 0x0000000083500000|100%|HC|  |TAMS 0x0000000083500000, 0x0000000083400000| Complete 
|  53|0x0000000083500000, 0x0000000083600000, 0x0000000083600000|100%|HS|  |TAMS 0x0000000083600000, 0x0000000083500000| Complete 
|  54|0x0000000083600000, 0x0000000083700000, 0x0000000083700000|100%| O|  |TAMS 0x0000000083700000, 0x0000000083600000| Untracked 
|  55|0x0000000083700000, 0x0000000083800000, 0x0000000083800000|100%|HS|  |TAMS 0x0000000083800000, 0x0000000083700000| Complete 
|  56|0x0000000083800000, 0x0000000083900000, 0x0000000083900000|100%| O|  |TAMS 0x0000000083900000, 0x0000000083800000| Untracked 
|  57|0x0000000083900000, 0x0000000083a00000, 0x0000000083a00000|100%| O|  |TAMS 0x0000000083a00000, 0x0000000083900000| Untracked 
|  58|0x0000000083a00000, 0x0000000083b00000, 0x0000000083b00000|100%| O|  |TAMS 0x0000000083b00000, 0x0000000083a00000| Untracked 
|  59|0x0000000083b00000, 0x0000000083c00000, 0x0000000083c00000|100%| O|  |TAMS 0x0000000083c00000, 0x0000000083b00000| Untracked 
|  60|0x0000000083c00000, 0x0000000083d00000, 0x0000000083d00000|100%| O|  |TAMS 0x0000000083d00000, 0x0000000083c00000| Untracked 
|  61|0x0000000083d00000, 0x0000000083e00000, 0x0000000083e00000|100%| O|  |TAMS 0x0000000083e00000, 0x0000000083d00000| Untracked 
|  62|0x0000000083e00000, 0x0000000083f00000, 0x0000000083f00000|100%| O|  |TAMS 0x0000000083f00000, 0x0000000083e00000| Untracked 
|  63|0x0000000083f00000, 0x0000000084000000, 0x0000000084000000|100%| O|  |TAMS 0x0000000083fc1400, 0x0000000083f00000| Untracked 
|  64|0x0000000084000000, 0x0000000084100000, 0x0000000084100000|100%| O|  |TAMS 0x0000000084000000, 0x0000000084000000| Untracked 
|  65|0x0000000084100000, 0x0000000084200000, 0x0000000084200000|100%| O|  |TAMS 0x0000000084100000, 0x0000000084100000| Untracked 
|  66|0x0000000084200000, 0x0000000084214c00, 0x0000000084300000|  8%| O|  |TAMS 0x0000000084200000, 0x0000000084200000| Untracked 
|  67|0x0000000084300000, 0x0000000084300000, 0x0000000084400000|  0%| F|  |TAMS 0x0000000084300000, 0x0000000084300000| Untracked 
|  68|0x0000000084400000, 0x0000000084400000, 0x0000000084500000|  0%| F|  |TAMS 0x0000000084400000, 0x0000000084400000| Untracked 
|  69|0x0000000084500000, 0x0000000084500000, 0x0000000084600000|  0%| F|  |TAMS 0x0000000084500000, 0x0000000084500000| Untracked 
|  70|0x0000000084600000, 0x0000000084600000, 0x0000000084700000|  0%| F|  |TAMS 0x0000000084600000, 0x0000000084600000| Untracked 
|  71|0x0000000084700000, 0x0000000084700000, 0x0000000084800000|  0%| F|  |TAMS 0x0000000084700000, 0x0000000084700000| Untracked 
|  72|0x0000000084800000, 0x0000000084800000, 0x0000000084900000|  0%| F|  |TAMS 0x0000000084800000, 0x0000000084800000| Untracked 
|  73|0x0000000084900000, 0x0000000084900000, 0x0000000084a00000|  0%| F|  |TAMS 0x0000000084900000, 0x0000000084900000| Untracked 
|  74|0x0000000084a00000, 0x0000000084a00000, 0x0000000084b00000|  0%| F|  |TAMS 0x0000000084a00000, 0x0000000084a00000| Untracked 
|  75|0x0000000084b00000, 0x0000000084b00000, 0x0000000084c00000|  0%| F|  |TAMS 0x0000000084b00000, 0x0000000084b00000| Untracked 
|  76|0x0000000084c00000, 0x0000000084c00000, 0x0000000084d00000|  0%| F|  |TAMS 0x0000000084c00000, 0x0000000084c00000| Untracked 
|  77|0x0000000084d00000, 0x0000000084d00000, 0x0000000084e00000|  0%| F|  |TAMS 0x0000000084d00000, 0x0000000084d00000| Untracked 
|  78|0x0000000084e00000, 0x0000000084e00000, 0x0000000084f00000|  0%| F|  |TAMS 0x0000000084e00000, 0x0000000084e00000| Untracked 
|  79|0x0000000084f00000, 0x0000000084f00000, 0x0000000085000000|  0%| F|  |TAMS 0x0000000084f00000, 0x0000000084f00000| Untracked 
|  80|0x0000000085000000, 0x0000000085000000, 0x0000000085100000|  0%| F|  |TAMS 0x0000000085000000, 0x0000000085000000| Untracked 
|  81|0x0000000085100000, 0x0000000085100000, 0x0000000085200000|  0%| F|  |TAMS 0x0000000085100000, 0x0000000085100000| Untracked 
|  82|0x0000000085200000, 0x0000000085200000, 0x0000000085300000|  0%| F|  |TAMS 0x0000000085200000, 0x0000000085200000| Untracked 
|  83|0x0000000085300000, 0x0000000085300000, 0x0000000085400000|  0%| F|  |TAMS 0x0000000085300000, 0x0000000085300000| Untracked 
|  84|0x0000000085400000, 0x0000000085400000, 0x0000000085500000|  0%| F|  |TAMS 0x0000000085400000, 0x0000000085400000| Untracked 
|  85|0x0000000085500000, 0x0000000085500000, 0x0000000085600000|  0%| F|  |TAMS 0x0000000085500000, 0x0000000085500000| Untracked 
|  86|0x0000000085600000, 0x0000000085600000, 0x0000000085700000|  0%| F|  |TAMS 0x0000000085600000, 0x0000000085600000| Untracked 
|  87|0x0000000085700000, 0x0000000085700000, 0x0000000085800000|  0%| F|  |TAMS 0x0000000085700000, 0x0000000085700000| Untracked 
|  88|0x0000000085800000, 0x0000000085800000, 0x0000000085900000|  0%| F|  |TAMS 0x0000000085800000, 0x0000000085800000| Untracked 
|  89|0x0000000085900000, 0x0000000085900000, 0x0000000085a00000|  0%| F|  |TAMS 0x0000000085900000, 0x0000000085900000| Untracked 
|  90|0x0000000085a00000, 0x0000000085a00000, 0x0000000085b00000|  0%| F|  |TAMS 0x0000000085a00000, 0x0000000085a00000| Untracked 
|  91|0x0000000085b00000, 0x0000000085b00000, 0x0000000085c00000|  0%| F|  |TAMS 0x0000000085b00000, 0x0000000085b00000| Untracked 
|  92|0x0000000085c00000, 0x0000000085c00000, 0x0000000085d00000|  0%| F|  |TAMS 0x0000000085c00000, 0x0000000085c00000| Untracked 
|  93|0x0000000085d00000, 0x0000000085d00000, 0x0000000085e00000|  0%| F|  |TAMS 0x0000000085d00000, 0x0000000085d00000| Untracked 
|  94|0x0000000085e00000, 0x0000000085e00000, 0x0000000085f00000|  0%| F|  |TAMS 0x0000000085e00000, 0x0000000085e00000| Untracked 
|  95|0x0000000085f00000, 0x0000000085f00000, 0x0000000086000000|  0%| F|  |TAMS 0x0000000085f00000, 0x0000000085f00000| Untracked 
|  96|0x0000000086000000, 0x0000000086000000, 0x0000000086100000|  0%| F|  |TAMS 0x0000000086000000, 0x0000000086000000| Untracked 
|  97|0x0000000086100000, 0x0000000086100000, 0x0000000086200000|  0%| F|  |TAMS 0x0000000086100000, 0x0000000086100000| Untracked 
|  98|0x0000000086200000, 0x0000000086200000, 0x0000000086300000|  0%| F|  |TAMS 0x0000000086200000, 0x0000000086200000| Untracked 
|  99|0x0000000086300000, 0x0000000086300000, 0x0000000086400000|  0%| F|  |TAMS 0x0000000086300000, 0x0000000086300000| Untracked 
| 100|0x0000000086400000, 0x0000000086400000, 0x0000000086500000|  0%| F|  |TAMS 0x0000000086400000, 0x0000000086400000| Untracked 
| 101|0x0000000086500000, 0x0000000086500000, 0x0000000086600000|  0%| F|  |TAMS 0x0000000086500000, 0x0000000086500000| Untracked 
| 102|0x0000000086600000, 0x0000000086600000, 0x0000000086700000|  0%| F|  |TAMS 0x0000000086600000, 0x0000000086600000| Untracked 
| 103|0x0000000086700000, 0x0000000086700000, 0x0000000086800000|  0%| F|  |TAMS 0x0000000086700000, 0x0000000086700000| Untracked 
| 104|0x0000000086800000, 0x0000000086800000, 0x0000000086900000|  0%| F|  |TAMS 0x0000000086800000, 0x0000000086800000| Untracked 
| 105|0x0000000086900000, 0x0000000086900000, 0x0000000086a00000|  0%| F|  |TAMS 0x0000000086900000, 0x0000000086900000| Untracked 
| 106|0x0000000086a00000, 0x0000000086a00000, 0x0000000086b00000|  0%| F|  |TAMS 0x0000000086a00000, 0x0000000086a00000| Untracked 
| 107|0x0000000086b00000, 0x0000000086b80c58, 0x0000000086c00000| 50%| E|  |TAMS 0x0000000086b00000, 0x0000000086b00000| Complete 
| 108|0x0000000086c00000, 0x0000000086d00000, 0x0000000086d00000|100%| E|CS|TAMS 0x0000000086c00000, 0x0000000086c00000| Complete 
| 109|0x0000000086d00000, 0x0000000086e00000, 0x0000000086e00000|100%| E|CS|TAMS 0x0000000086d00000, 0x0000000086d00000| Complete 
| 110|0x0000000086e00000, 0x0000000086f00000, 0x0000000086f00000|100%| E|CS|TAMS 0x0000000086e00000, 0x0000000086e00000| Complete 
| 111|0x0000000086f00000, 0x0000000087000000, 0x0000000087000000|100%| E|CS|TAMS 0x0000000086f00000, 0x0000000086f00000| Complete 
| 112|0x0000000087000000, 0x0000000087100000, 0x0000000087100000|100%| E|CS|TAMS 0x0000000087000000, 0x0000000087000000| Complete 
| 113|0x0000000087100000, 0x0000000087200000, 0x0000000087200000|100%| E|CS|TAMS 0x0000000087100000, 0x0000000087100000| Complete 
| 114|0x0000000087200000, 0x0000000087300000, 0x0000000087300000|100%| E|CS|TAMS 0x0000000087200000, 0x0000000087200000| Complete 
| 115|0x0000000087300000, 0x0000000087400000, 0x0000000087400000|100%| E|CS|TAMS 0x0000000087300000, 0x0000000087300000| Complete 
| 116|0x0000000087400000, 0x0000000087500000, 0x0000000087500000|100%| E|CS|TAMS 0x0000000087400000, 0x0000000087400000| Complete 
| 117|0x0000000087500000, 0x0000000087600000, 0x0000000087600000|100%| E|CS|TAMS 0x0000000087500000, 0x0000000087500000| Complete 
| 118|0x0000000087600000, 0x0000000087700000, 0x0000000087700000|100%| E|CS|TAMS 0x0000000087600000, 0x0000000087600000| Complete 
| 119|0x0000000087700000, 0x0000000087800000, 0x0000000087800000|100%| E|CS|TAMS 0x0000000087700000, 0x0000000087700000| Complete 
| 120|0x0000000087800000, 0x0000000087900000, 0x0000000087900000|100%| E|CS|TAMS 0x0000000087800000, 0x0000000087800000| Complete 
| 121|0x0000000087900000, 0x0000000087a00000, 0x0000000087a00000|100%| E|CS|TAMS 0x0000000087900000, 0x0000000087900000| Complete 
| 122|0x0000000087a00000, 0x0000000087b00000, 0x0000000087b00000|100%| E|CS|TAMS 0x0000000087a00000, 0x0000000087a00000| Complete 
| 123|0x0000000087b00000, 0x0000000087c00000, 0x0000000087c00000|100%| E|CS|TAMS 0x0000000087b00000, 0x0000000087b00000| Complete 
| 124|0x0000000087c00000, 0x0000000087d00000, 0x0000000087d00000|100%| E|CS|TAMS 0x0000000087c00000, 0x0000000087c00000| Complete 
| 125|0x0000000087d00000, 0x0000000087e00000, 0x0000000087e00000|100%| E|CS|TAMS 0x0000000087d00000, 0x0000000087d00000| Complete 
| 126|0x0000000087e00000, 0x0000000087f00000, 0x0000000087f00000|100%| E|CS|TAMS 0x0000000087e00000, 0x0000000087e00000| Complete 
| 127|0x0000000087f00000, 0x0000000088000000, 0x0000000088000000|100%| E|CS|TAMS 0x0000000087f00000, 0x0000000087f00000| Complete 
| 128|0x0000000088000000, 0x0000000088100000, 0x0000000088100000|100%| E|CS|TAMS 0x0000000088000000, 0x0000000088000000| Complete 
| 129|0x0000000088100000, 0x0000000088200000, 0x0000000088200000|100%| E|CS|TAMS 0x0000000088100000, 0x0000000088100000| Complete 
| 130|0x0000000088200000, 0x0000000088300000, 0x0000000088300000|100%| E|CS|TAMS 0x0000000088200000, 0x0000000088200000| Complete 
| 131|0x0000000088300000, 0x0000000088400000, 0x0000000088400000|100%| E|CS|TAMS 0x0000000088300000, 0x0000000088300000| Complete 
| 132|0x0000000088400000, 0x0000000088500000, 0x0000000088500000|100%| E|CS|TAMS 0x0000000088400000, 0x0000000088400000| Complete 
| 133|0x0000000088500000, 0x000000008852e0e0, 0x0000000088600000| 17%| S|CS|TAMS 0x0000000088500000, 0x0000000088500000| Complete 
| 134|0x0000000088600000, 0x0000000088700000, 0x0000000088700000|100%| E|CS|TAMS 0x0000000088600000, 0x0000000088600000| Complete 
| 135|0x0000000088700000, 0x0000000088800000, 0x0000000088800000|100%| E|CS|TAMS 0x0000000088700000, 0x0000000088700000| Complete 
| 136|0x0000000088800000, 0x0000000088900000, 0x0000000088900000|100%| E|CS|TAMS 0x0000000088800000, 0x0000000088800000| Complete 
| 137|0x0000000088900000, 0x0000000088a00000, 0x0000000088a00000|100%| E|CS|TAMS 0x0000000088900000, 0x0000000088900000| Complete 

Card table byte_map: [0x000002573b070000,0x000002573b470000] _byte_map_base: 0x000002573ac70000

Marking Bits (Prev, Next): (CMBitMap*) 0x00000257287e7a50, (CMBitMap*) 0x00000257287e7a10
 Prev Bits: [0x000002573d870000, 0x000002573f870000)
 Next Bits: [0x000002573b870000, 0x000002573d870000)

Polling page: 0x00000257266c0000

Metaspace:

Usage:
  Non-class:     55.16 MB used.
      Class:      8.67 MB used.
       Both:     63.83 MB used.

Virtual space:
  Non-class space:       64.00 MB reserved,      55.50 MB ( 87%) committed,  1 nodes.
      Class space:        1.00 GB reserved,       8.94 MB ( <1%) committed,  1 nodes.
             Both:        1.06 GB reserved,      64.44 MB (  6%) committed. 

Chunk freelists:
   Non-Class:  8.17 MB
       Class:  6.91 MB
        Both:  15.08 MB

MaxMetaspaceSize: unlimited
CompressedClassSpaceSize: 1.00 GB
Initial GC threshold: 21.00 MB
Current GC threshold: 96.69 MB
CDS: off
MetaspaceReclaimPolicy: balanced
 - commit_granule_bytes: 65536.
 - commit_granule_words: 8192.
 - virtual_space_node_default_size: 8388608.
 - enlarge_chunks_in_place: 1.
 - new_chunks_are_fully_committed: 0.
 - uncommit_free_chunks: 1.
 - use_allocation_guard: 0.
 - handle_deallocations: 1.


Internal statistics:

num_allocs_failed_limit: 6.
num_arena_births: 766.
num_arena_deaths: 0.
num_vsnodes_births: 2.
num_vsnodes_deaths: 0.
num_space_committed: 1031.
num_space_uncommitted: 0.
num_chunks_returned_to_freelist: 6.
num_chunks_taken_from_freelist: 3076.
num_chunk_merges: 6.
num_chunk_splits: 1999.
num_chunks_enlarged: 1316.
num_inconsistent_stats: 0.

CodeHeap 'non-profiled nmethods': size=120000Kb used=3145Kb max_used=3251Kb free=116854Kb
 bounds [0x0000025733740000, 0x0000025733a70000, 0x000002573ac70000]
CodeHeap 'profiled nmethods': size=120000Kb used=12727Kb max_used=12727Kb free=107272Kb
 bounds [0x000002572bc70000, 0x000002572c8e0000, 0x00000257331a0000]
CodeHeap 'non-nmethods': size=5760Kb used=1640Kb max_used=1681Kb free=4119Kb
 bounds [0x00000257331a0000, 0x0000025733410000, 0x0000025733740000]
 total_blobs=7381 nmethods=6661 adapters=632
 compilation: enabled
              stopped_count=0, restarted_count=0
 full_count=0

Compilation events (20 events):
Event: 58.936 Thread 0x000002574606fb30 7504       3       java.lang.invoke.ClassSpecializer$SpeciesData::transformHelper (56 bytes)
Event: 58.938 Thread 0x000002574606fb30 nmethod 7504 0x000002572c8d7390 code [0x000002572c8d7620, 0x000002572c8d85e8]
Event: 58.945 Thread 0x000002574606fb30 7505   !   3       jdk.internal.loader.BuiltinClassLoader$2::run (114 bytes)
Event: 58.946 Thread 0x000002574606fb30 nmethod 7505 0x000002572c8d8a10 code [0x000002572c8d8ca0, 0x000002572c8d9a78]
Event: 58.992 Thread 0x000002574606fb30 7507       3       org.gradle.internal.instantiation.generator.AsmBackedClassGenerator$ClassBuilderImpl::access$6500 (4 bytes)
Event: 58.992 Thread 0x000002574606fb30 nmethod 7507 0x000002572c6e7110 code [0x000002572c6e72a0, 0x000002572c6e7398]
Event: 59.003 Thread 0x000002574606fb30 7508       3       sun.reflect.annotation.AnnotationParser::toArray (18 bytes)
Event: 59.004 Thread 0x000002574606fb30 nmethod 7508 0x000002572c8d9f10 code [0x000002572c8da0e0, 0x000002572c8da458]
Event: 59.019 Thread 0x000002574606fb30 7509       1       org.gradle.model.internal.asm.AsmClassGenerator::getTargetType (5 bytes)
Event: 59.019 Thread 0x000002574606fb30 nmethod 7509 0x0000025733888510 code [0x00000257338886a0, 0x0000025733888778]
Event: 59.019 Thread 0x000002574606fb30 7510       3       org.gradle.internal.instantiation.generator.AsmBackedClassGenerator$ClassBuilderImpl::access$8900 (4 bytes)
Event: 59.020 Thread 0x000002574606fb30 nmethod 7510 0x000002572c8da590 code [0x000002572c8da720, 0x000002572c8da818]
Event: 59.020 Thread 0x000002574606fb30 7511       1       org.gradle.internal.instantiation.generator.AsmBackedClassGenerator$ClassBuilderImpl::access$8700 (5 bytes)
Event: 59.020 Thread 0x000002574606fb30 nmethod 7511 0x0000025733888210 code [0x00000257338883a0, 0x0000025733888458]
Event: 59.020 Thread 0x000002574606fb30 7512       1       org.gradle.internal.instantiation.generator.AsmBackedClassGenerator$ClassBuilderImpl::access$8500 (5 bytes)
Event: 59.020 Thread 0x000002574606fb30 nmethod 7512 0x0000025733887f10 code [0x00000257338880a0, 0x0000025733888158]
Event: 59.021 Thread 0x000002574606fb30 7513       1       org.gradle.internal.instantiation.generator.AsmBackedClassGenerator$ClassBuilderImpl::access$4400 (5 bytes)
Event: 59.021 Thread 0x000002574606fb30 nmethod 7513 0x0000025733887c10 code [0x0000025733887da0, 0x0000025733887e58]
Event: 59.021 Thread 0x000002574606fb30 7514       1       org.gradle.internal.instantiation.generator.AsmBackedClassGenerator$ClassBuilderImpl::access$4200 (5 bytes)
Event: 59.021 Thread 0x000002574606fb30 nmethod 7514 0x0000025733887910 code [0x0000025733887aa0, 0x0000025733887b58]

GC Heap History (20 events):
Event: 50.580 GC heap before
{Heap before GC invocations=20 (full 0):
 garbage-first heap   total 70656K, used 53716K [0x0000000080000000, 0x0000000100000000)
  region size 1024K, 18 young (18432K), 3 survivors (3072K)
 Metaspace       used 56593K, committed 57088K, reserved 1114112K
  class space    used 7770K, committed 8000K, reserved 1048576K
}
Event: 50.596 GC heap after
{Heap after GC invocations=21 (full 0):
 garbage-first heap   total 70656K, used 42448K [0x0000000080000000, 0x0000000100000000)
  region size 1024K, 3 young (3072K), 3 survivors (3072K)
 Metaspace       used 56593K, committed 57088K, reserved 1114112K
  class space    used 7770K, committed 8000K, reserved 1048576K
}
Event: 50.992 GC heap before
{Heap before GC invocations=21 (full 0):
 garbage-first heap   total 70656K, used 55760K [0x0000000080000000, 0x0000000100000000)
  region size 1024K, 17 young (17408K), 3 survivors (3072K)
 Metaspace       used 56703K, committed 57216K, reserved 1114112K
  class space    used 7770K, committed 8000K, reserved 1048576K
}
Event: 51.000 GC heap after
{Heap after GC invocations=22 (full 0):
 garbage-first heap   total 70656K, used 43433K [0x0000000080000000, 0x0000000100000000)
  region size 1024K, 3 young (3072K), 3 survivors (3072K)
 Metaspace       used 56703K, committed 57216K, reserved 1114112K
  class space    used 7770K, committed 8000K, reserved 1048576K
}
Event: 51.386 GC heap before
{Heap before GC invocations=23 (full 0):
 garbage-first heap   total 83968K, used 55721K [0x0000000080000000, 0x0000000100000000)
  region size 1024K, 15 young (15360K), 3 survivors (3072K)
 Metaspace       used 56802K, committed 57280K, reserved 1114112K
  class space    used 7770K, committed 8000K, reserved 1048576K
}
Event: 51.395 GC heap after
{Heap after GC invocations=24 (full 0):
 garbage-first heap   total 83968K, used 43453K [0x0000000080000000, 0x0000000100000000)
  region size 1024K, 2 young (2048K), 2 survivors (2048K)
 Metaspace       used 56802K, committed 57280K, reserved 1114112K
  class space    used 7770K, committed 8000K, reserved 1048576K
}
Event: 51.448 GC heap before
{Heap before GC invocations=24 (full 0):
 garbage-first heap   total 83968K, used 45501K [0x0000000080000000, 0x0000000100000000)
  region size 1024K, 4 young (4096K), 2 survivors (2048K)
 Metaspace       used 56809K, committed 57344K, reserved 1114112K
  class space    used 7770K, committed 8000K, reserved 1048576K
}
Event: 51.454 GC heap after
{Heap after GC invocations=25 (full 0):
 garbage-first heap   total 83968K, used 43245K [0x0000000080000000, 0x0000000100000000)
  region size 1024K, 1 young (1024K), 1 survivors (1024K)
 Metaspace       used 56809K, committed 57344K, reserved 1114112K
  class space    used 7770K, committed 8000K, reserved 1048576K
}
Event: 51.885 GC heap before
{Heap before GC invocations=25 (full 0):
 garbage-first heap   total 83968K, used 53485K [0x0000000080000000, 0x0000000100000000)
  region size 1024K, 12 young (12288K), 1 survivors (1024K)
 Metaspace       used 57083K, committed 57600K, reserved 1114112K
  class space    used 7805K, committed 8064K, reserved 1048576K
}
Event: 51.892 GC heap after
{Heap after GC invocations=26 (full 0):
 garbage-first heap   total 83968K, used 44479K [0x0000000080000000, 0x0000000100000000)
  region size 1024K, 3 young (3072K), 3 survivors (3072K)
 Metaspace       used 57083K, committed 57600K, reserved 1114112K
  class space    used 7805K, committed 8064K, reserved 1048576K
}
Event: 53.128 GC heap before
{Heap before GC invocations=27 (full 0):
 garbage-first heap   total 92160K, used 76223K [0x0000000080000000, 0x0000000100000000)
  region size 1024K, 21 young (21504K), 3 survivors (3072K)
 Metaspace       used 57864K, committed 58432K, reserved 1114112K
  class space    used 7921K, committed 8192K, reserved 1048576K
}
Event: 53.139 GC heap after
{Heap after GC invocations=28 (full 0):
 garbage-first heap   total 92160K, used 64422K [0x0000000080000000, 0x0000000100000000)
  region size 1024K, 3 young (3072K), 3 survivors (3072K)
 Metaspace       used 57864K, committed 58432K, reserved 1114112K
  class space    used 7921K, committed 8192K, reserved 1048576K
}
Event: 53.231 GC heap before
{Heap before GC invocations=28 (full 0):
 garbage-first heap   total 92160K, used 65446K [0x0000000080000000, 0x0000000100000000)
  region size 1024K, 4 young (4096K), 3 survivors (3072K)
 Metaspace       used 57954K, committed 58496K, reserved 1114112K
  class space    used 7938K, committed 8192K, reserved 1048576K
}
Event: 53.237 GC heap after
{Heap after GC invocations=29 (full 0):
 garbage-first heap   total 141312K, used 64179K [0x0000000080000000, 0x0000000100000000)
  region size 1024K, 1 young (1024K), 1 survivors (1024K)
 Metaspace       used 57954K, committed 58496K, reserved 1114112K
  class space    used 7938K, committed 8192K, reserved 1048576K
}
Event: 53.838 GC heap before
{Heap before GC invocations=29 (full 0):
 garbage-first heap   total 141312K, used 75443K [0x0000000080000000, 0x0000000100000000)
  region size 1024K, 13 young (13312K), 1 survivors (1024K)
 Metaspace       used 58767K, committed 59264K, reserved 1114112K
  class space    used 8033K, committed 8256K, reserved 1048576K
}
Event: 53.842 GC heap after
{Heap after GC invocations=30 (full 0):
 garbage-first heap   total 141312K, used 64757K [0x0000000080000000, 0x0000000100000000)
  region size 1024K, 1 young (1024K), 1 survivors (1024K)
 Metaspace       used 58767K, committed 59264K, reserved 1114112K
  class space    used 8033K, committed 8256K, reserved 1048576K
}
Event: 56.406 GC heap before
{Heap before GC invocations=31 (full 0):
 garbage-first heap   total 141312K, used 99573K [0x0000000080000000, 0x0000000100000000)
  region size 1024K, 35 young (35840K), 1 survivors (1024K)
 Metaspace       used 61538K, committed 62080K, reserved 1114112K
  class space    used 8407K, committed 8640K, reserved 1048576K
}
Event: 56.412 GC heap after
{Heap after GC invocations=32 (full 0):
 garbage-first heap   total 141312K, used 66798K [0x0000000080000000, 0x0000000100000000)
  region size 1024K, 2 young (2048K), 2 survivors (2048K)
 Metaspace       used 61538K, committed 62080K, reserved 1114112K
  class space    used 8407K, committed 8640K, reserved 1048576K
}
Event: 56.741 GC heap before
{Heap before GC invocations=32 (full 0):
 garbage-first heap   total 141312K, used 69870K [0x0000000080000000, 0x0000000100000000)
  region size 1024K, 6 young (6144K), 2 survivors (2048K)
 Metaspace       used 62068K, committed 62656K, reserved 1114112K
  class space    used 8437K, committed 8704K, reserved 1048576K
}
Event: 56.750 GC heap after
{Heap after GC invocations=33 (full 0):
 garbage-first heap   total 141312K, used 66509K [0x0000000080000000, 0x0000000100000000)
  region size 1024K, 1 young (1024K), 1 survivors (1024K)
 Metaspace       used 62068K, committed 62656K, reserved 1114112K
  class space    used 8437K, committed 8704K, reserved 1048576K
}

Dll operation events (3 events):
Event: 0.049 Loaded shared library C:\Users\Zack Githui\AppData\Local\Programs\Android Studio\jbr\bin\java.dll
Event: 1.273 Loaded shared library C:\Users\Zack Githui\AppData\Local\Programs\Android Studio\jbr\bin\zip.dll
Event: 6.239 Loaded shared library C:\Users\Zack Githui\AppData\Local\Programs\Android Studio\jbr\bin\verify.dll

Deoptimization events (20 events):
Event: 56.039 Thread 0x0000025746b90de0 Uncommon trap: trap_request=0xffffff45 fr.pc=0x00000257338dc800 relative=0x0000000000000480
Event: 56.039 Thread 0x0000025746b90de0 Uncommon trap: reason=unstable_if action=reinterpret pc=0x00000257338dc800 method=org.gradle.internal.service.DefaultServiceRegistry$OwnServices.getService(Ljava/lang/reflect/Type;)Lorg/gradle/internal/service/Service; @ 27 c2
Event: 56.040 Thread 0x0000025746b90de0 DEOPT PACKING pc=0x00000257338dc800 sp=0x000000f621cf7360
Event: 56.040 Thread 0x0000025746b90de0 DEOPT UNPACKING pc=0x00000257331f69a3 sp=0x000000f621cf72d8 mode 2
Event: 56.948 Thread 0x0000025746b90de0 Uncommon trap: trap_request=0xffffffbe fr.pc=0x00000257337978e8 relative=0x00000000000001c8
Event: 56.948 Thread 0x0000025746b90de0 Uncommon trap: reason=profile_predicate action=maybe_recompile pc=0x00000257337978e8 method=java.util.LinkedHashMap.keysToArray([Ljava/lang/Object;)[Ljava/lang/Object; @ 12 c2
Event: 56.948 Thread 0x0000025746b90de0 DEOPT PACKING pc=0x00000257337978e8 sp=0x000000f621cf4990
Event: 56.948 Thread 0x0000025746b90de0 DEOPT UNPACKING pc=0x00000257331f69a3 sp=0x000000f621cf4948 mode 2
Event: 57.161 Thread 0x0000025746b90de0 Uncommon trap: trap_request=0xffffffbe fr.pc=0x00000257337978e8 relative=0x00000000000001c8
Event: 57.161 Thread 0x0000025746b90de0 Uncommon trap: reason=profile_predicate action=maybe_recompile pc=0x00000257337978e8 method=java.util.LinkedHashMap.keysToArray([Ljava/lang/Object;)[Ljava/lang/Object; @ 12 c2
Event: 57.161 Thread 0x0000025746b90de0 DEOPT PACKING pc=0x00000257337978e8 sp=0x000000f621cf5420
Event: 57.162 Thread 0x0000025746b90de0 DEOPT UNPACKING pc=0x00000257331f69a3 sp=0x000000f621cf53d8 mode 2
Event: 57.946 Thread 0x0000025746b90de0 Uncommon trap: trap_request=0xffffffde fr.pc=0x00000257339e54b4 relative=0x0000000000006274
Event: 57.946 Thread 0x0000025746b90de0 Uncommon trap: reason=class_check action=maybe_recompile pc=0x00000257339e54b4 method=java.util.jar.JarFile.getManifestFromReference()Ljava/util/jar/Manifest; @ 152 c2
Event: 57.946 Thread 0x0000025746b90de0 DEOPT PACKING pc=0x00000257339e54b4 sp=0x000000f621cf5ad0
Event: 57.946 Thread 0x0000025746b90de0 DEOPT UNPACKING pc=0x00000257331f69a3 sp=0x000000f621cf5928 mode 2
Event: 58.489 Thread 0x0000025746b90de0 Uncommon trap: trap_request=0xffffffbe fr.pc=0x00000257337978e8 relative=0x00000000000001c8
Event: 58.489 Thread 0x0000025746b90de0 Uncommon trap: reason=profile_predicate action=maybe_recompile pc=0x00000257337978e8 method=java.util.LinkedHashMap.keysToArray([Ljava/lang/Object;)[Ljava/lang/Object; @ 12 c2
Event: 58.489 Thread 0x0000025746b90de0 DEOPT PACKING pc=0x00000257337978e8 sp=0x000000f621cf4950
Event: 58.490 Thread 0x0000025746b90de0 DEOPT UNPACKING pc=0x00000257331f69a3 sp=0x000000f621cf4908 mode 2

Classes unloaded (0 events):
No events

Classes redefined (0 events):
No events

Internal exceptions (20 events):
Event: 47.268 Thread 0x0000025746b90de0 Exception <a 'java/lang/NoSuchMethodError'{0x0000000084c29830}: 'java.lang.Object java.lang.invoke.Invokers$Holder.linkToTargetMethod(java.lang.Object, java.lang.Object, java.lang.Object, java.lang.Object, int, java.lang.Object)'> (0x0000000084c29830) 
thrown [s\src\hotspot\share\interpreter\linkResolver.cpp, line 771]
Event: 47.284 Thread 0x0000025746b90de0 Exception <a 'java/lang/NoSuchMethodError'{0x0000000084c5ca98}: 'java.lang.Object java.lang.invoke.DirectMethodHandle$Holder.invokeSpecial(java.lang.Object, java.lang.Object, java.lang.Object, java.lang.Object, java.lang.Object, long)'> (0x0000000084c5ca98) 
thrown [s\src\hotspot\share\interpreter\linkResolver.cpp, line 771]
Event: 47.290 Thread 0x0000025746b90de0 Exception <a 'java/lang/NoSuchMethodError'{0x0000000084c7f060}: 'void java.lang.invoke.DirectMethodHandle$Holder.invokeStatic(java.lang.Object, java.lang.Object, java.lang.Object, int, java.lang.Object)'> (0x0000000084c7f060) 
thrown [s\src\hotspot\share\interpreter\linkResolver.cpp, line 771]
Event: 49.588 Thread 0x0000025746b90de0 Exception <a 'java/lang/NoSuchMethodError'{0x00000000831d9990}: 'java.lang.Object java.lang.invoke.DirectMethodHandle$Holder.newInvokeSpecial(java.lang.Object, java.lang.Object, java.lang.Object, java.lang.Object, int, java.lang.Object)'> (0x00000000831d9990) 
thrown [s\src\hotspot\share\interpreter\linkResolver.cpp, line 771]
Event: 49.589 Thread 0x0000025746b90de0 Exception <a 'java/lang/NoSuchMethodError'{0x00000000831dece8}: 'java.lang.Object java.lang.invoke.Invokers$Holder.linkToTargetMethod(java.lang.Object, java.lang.Object, java.lang.Object, int, java.lang.Object, java.lang.Object)'> (0x00000000831dece8) 
thrown [s\src\hotspot\share\interpreter\linkResolver.cpp, line 771]
Event: 51.561 Thread 0x0000025746b90de0 Exception <a 'java/lang/NoSuchMethodError'{0x0000000084dbde28}: 'long java.lang.invoke.DirectMethodHandle$Holder.invokeVirtual(java.lang.Object, java.lang.Object)'> (0x0000000084dbde28) 
thrown [s\src\hotspot\share\interpreter\linkResolver.cpp, line 771]
Event: 51.572 Thread 0x0000025746b92730 Exception <a 'java/lang/NoSuchMethodError'{0x0000000084dfd7e8}: static Lorg/gradle/internal/build/event/types/DefaultOperationFinishedProgressEvent;.<clinit>()V> (0x0000000084dfd7e8) 
thrown [s\src\hotspot\share\prims\jni.cpp, line 1108]
Event: 51.578 Thread 0x0000025746b92730 Exception <a 'java/lang/NoSuchMethodError'{0x0000000084c28348}: static Lorg/gradle/internal/build/event/types/DefaultProjectConfigurationSuccessResult;.<clinit>()V> (0x0000000084c28348) 
thrown [s\src\hotspot\share\prims\jni.cpp, line 1108]
Event: 51.579 Thread 0x0000025746b92730 Exception <a 'java/lang/NoSuchMethodError'{0x0000000084c2cd28}: static Lorg/gradle/internal/build/event/types/AbstractProjectConfigurationResult;.<clinit>()V> (0x0000000084c2cd28) 
thrown [s\src\hotspot\share\prims\jni.cpp, line 1108]
Event: 51.579 Thread 0x0000025746b92730 Exception <a 'java/lang/NoSuchMethodError'{0x0000000084c2e470}: static Lorg/gradle/internal/build/event/types/AbstractOperationResult;.<clinit>()V> (0x0000000084c2e470) 
thrown [s\src\hotspot\share\prims\jni.cpp, line 1108]
Event: 51.579 Thread 0x0000025746b92730 Exception <a 'java/lang/NoSuchMethodError'{0x0000000084c2f8c0}: static Lorg/gradle/internal/build/event/types/AbstractResult;.<clinit>()V> (0x0000000084c2f8c0) 
thrown [s\src\hotspot\share\prims\jni.cpp, line 1108]
Event: 51.583 Thread 0x0000025746b92730 Exception <a 'java/lang/NoSuchMethodError'{0x0000000084c487e8}: static Lorg/gradle/internal/build/event/types/DefaultPluginApplicationResult;.<clinit>()V> (0x0000000084c487e8) 
thrown [s\src\hotspot\share\prims\jni.cpp, line 1108]
Event: 51.586 Thread 0x0000025746b92730 Exception <a 'java/lang/NoSuchMethodError'{0x0000000084c551d8}: static Lorg/gradle/internal/build/event/types/DefaultBinaryPluginIdentifier;.<clinit>()V> (0x0000000084c551d8) 
thrown [s\src\hotspot\share\prims\jni.cpp, line 1108]
Event: 51.591 Thread 0x0000025746b92730 Exception <a 'java/lang/NoSuchMethodError'{0x0000000084c6f0d0}: static Lorg/gradle/internal/build/event/types/DefaultScriptPluginIdentifier;.<clinit>()V> (0x0000000084c6f0d0) 
thrown [s\src\hotspot\share\prims\jni.cpp, line 1108]
Event: 51.830 Thread 0x0000025746b90de0 Implicit null exception at 0x0000025733a20612 to 0x0000025733a20d34
Event: 52.674 Thread 0x0000025746b90de0 Exception <a 'java/lang/NoSuchMethodError'{0x0000000084ea6220}: 'void java.lang.invoke.Invokers$Holder.invoke_MT(java.lang.Object, java.lang.Object, java.lang.Object, java.lang.Object)'> (0x0000000084ea6220) 
thrown [s\src\hotspot\share\interpreter\linkResolver.cpp, line 771]
Event: 52.708 Thread 0x0000025746b90de0 Exception <a 'java/lang/NoSuchMethodError'{0x0000000084ef1360}: 'java.lang.Object java.lang.invoke.DirectMethodHandle$Holder.invokeSpecial(java.lang.Object, java.lang.Object, java.lang.Object, int, java.lang.Object, java.lang.Object)'> (0x0000000084ef1360) 
thrown [s\src\hotspot\share\interpreter\linkResolver.cpp, line 771]
Event: 52.885 Thread 0x0000025746b90de0 Exception <a 'java/lang/ClassNotFoundException'{0x0000000084b14898}: sun/misc/SharedSecrets> (0x0000000084b14898) 
thrown [s\src\hotspot\share\classfile\systemDictionary.cpp, line 256]
Event: 52.885 Thread 0x0000025746b90de0 Exception <a 'java/lang/ClassNotFoundException'{0x0000000084b1a7c8}: org/gradle/api/internal/plugins/DefaultObjectConfigurationActionBeanInfo> (0x0000000084b1a7c8) 
thrown [s\src\hotspot\share\classfile\systemDictionary.cpp, line 256]
Event: 52.891 Thread 0x0000025746b90de0 Exception <a 'java/lang/ClassNotFoundException'{0x0000000084b314b8}: org/gradle/api/internal/plugins/DefaultObjectConfigurationActionCustomizer> (0x0000000084b314b8) 
thrown [s\src\hotspot\share\classfile\systemDictionary.cpp, line 256]

VM Operations (20 events):
Event: 53.231 Executing VM operation: G1CollectForAllocation
Event: 53.237 Executing VM operation: G1CollectForAllocation done
Event: 53.838 Executing VM operation: G1TryInitiateConcMark
Event: 53.842 Executing VM operation: G1TryInitiateConcMark done
Event: 54.032 Executing VM operation: G1PauseRemark
Event: 54.043 Executing VM operation: G1PauseRemark done
Event: 54.141 Executing VM operation: G1PauseCleanup
Event: 54.142 Executing VM operation: G1PauseCleanup done
Event: 55.149 Executing VM operation: Cleanup
Event: 55.150 Executing VM operation: Cleanup done
Event: 56.155 Executing VM operation: Cleanup
Event: 56.155 Executing VM operation: Cleanup done
Event: 56.406 Executing VM operation: G1CollectForAllocation
Event: 56.413 Executing VM operation: G1CollectForAllocation done
Event: 56.741 Executing VM operation: G1CollectForAllocation
Event: 56.750 Executing VM operation: G1CollectForAllocation done
Event: 57.756 Executing VM operation: Cleanup
Event: 57.785 Executing VM operation: Cleanup done
Event: 58.793 Executing VM operation: Cleanup
Event: 58.794 Executing VM operation: Cleanup done

Events (20 events):
Event: 58.941 loading class javax/xml/parsers/DocumentBuilderFactory
Event: 58.942 loading class javax/xml/parsers/DocumentBuilderFactory done
Event: 58.942 loading class javax/xml/parsers/FactoryFinder
Event: 58.943 loading class javax/xml/parsers/FactoryFinder done
Event: 58.944 loading class javax/xml/parsers/FactoryFinder$1
Event: 58.944 loading class javax/xml/parsers/FactoryFinder$1 done
Event: 58.945 loading class com/sun/org/apache/xerces/internal/jaxp/DocumentBuilderFactoryImpl
Event: 58.946 loading class com/sun/org/apache/xerces/internal/jaxp/DocumentBuilderFactoryImpl done
Event: 58.947 loading class com/sun/org/apache/xerces/internal/utils/XMLSecurityManager
Event: 58.948 loading class com/sun/org/apache/xerces/internal/utils/XMLSecurityManager done
Event: 58.948 loading class com/sun/org/apache/xerces/internal/utils/XMLSecurityManager$Limit
Event: 58.949 loading class com/sun/org/apache/xerces/internal/utils/XMLSecurityManager$Limit done
Event: 58.950 loading class com/sun/org/apache/xerces/internal/utils/XMLSecurityManager$NameMap
Event: 58.950 loading class com/sun/org/apache/xerces/internal/utils/XMLSecurityManager$NameMap done
Event: 58.951 loading class com/sun/org/apache/xerces/internal/utils/XMLSecurityPropertyManager
Event: 58.951 loading class com/sun/org/apache/xerces/internal/utils/XMLSecurityPropertyManager done
Event: 58.951 loading class com/sun/org/apache/xerces/internal/utils/XMLSecurityPropertyManager$State
Event: 58.951 loading class com/sun/org/apache/xerces/internal/utils/XMLSecurityPropertyManager$State done
Event: 58.951 loading class com/sun/org/apache/xerces/internal/utils/XMLSecurityPropertyManager$Property
Event: 58.952 loading class com/sun/org/apache/xerces/internal/utils/XMLSecurityPropertyManager$Property done


Dynamic libraries:
0x00007ff643e60000 - 0x00007ff643e6a000 	C:\Users\Zack Githui\AppData\Local\Programs\Android Studio\jbr\bin\java.exe
0x00007ff8cdb80000 - 0x00007ff8cdd89000 	C:\Windows\SYSTEM32\ntdll.dll
0x00007ff8cbff0000 - 0x00007ff8cc0ad000 	C:\Windows\System32\KERNEL32.DLL
0x00007ff8cb520000 - 0x00007ff8cb8a4000 	C:\Windows\System32\KERNELBASE.dll
0x00007ff8cb1d0000 - 0x00007ff8cb2e1000 	C:\Windows\System32\ucrtbase.dll
0x00007ff8bfec0000 - 0x00007ff8bfed7000 	C:\Users\Zack Githui\AppData\Local\Programs\Android Studio\jbr\bin\jli.dll
0x00007ff8cd8e0000 - 0x00007ff8cda8d000 	C:\Windows\System32\USER32.dll
0x00007ff8cb0b0000 - 0x00007ff8cb0d6000 	C:\Windows\System32\win32u.dll
0x00007ff8cc700000 - 0x00007ff8cc72a000 	C:\Windows\System32\GDI32.dll
0x00007ff8cb8b0000 - 0x00007ff8cb9ce000 	C:\Windows\System32\gdi32full.dll
0x00007ff8cb010000 - 0x00007ff8cb0ad000 	C:\Windows\System32\msvcp_win.dll
0x00007ff8aef30000 - 0x00007ff8af1d5000 	C:\Windows\WinSxS\amd64_microsoft.windows.common-controls_6595b64144ccf1df_6.0.22000.120_none_9d947278b86cc467\COMCTL32.dll
0x00007ff8cc430000 - 0x00007ff8cc4d3000 	C:\Windows\System32\msvcrt.dll
0x00007ff8c4d40000 - 0x00007ff8c4d5b000 	C:\Users\Zack Githui\AppData\Local\Programs\Android Studio\jbr\bin\VCRUNTIME140.dll
0x00007ff8cda90000 - 0x00007ff8cdac1000 	C:\Windows\System32\IMM32.DLL
0x00007ff8c4d30000 - 0x00007ff8c4d3c000 	C:\Users\Zack Githui\AppData\Local\Programs\Android Studio\jbr\bin\vcruntime140_1.dll
0x00007ff8c4ca0000 - 0x00007ff8c4d2d000 	C:\Users\Zack Githui\AppData\Local\Programs\Android Studio\jbr\bin\msvcp140.dll
0x00007ff865610000 - 0x00007ff866293000 	C:\Users\Zack Githui\AppData\Local\Programs\Android Studio\jbr\bin\server\jvm.dll
0x00007ff8cc730000 - 0x00007ff8cc7de000 	C:\Windows\System32\ADVAPI32.dll
0x00007ff8cd810000 - 0x00007ff8cd8ae000 	C:\Windows\System32\sechost.dll
0x00007ff8cb9d0000 - 0x00007ff8cbaf1000 	C:\Windows\System32\RPCRT4.dll
0x00007ff8cad40000 - 0x00007ff8cad8d000 	C:\Windows\SYSTEM32\POWRPROF.dll
0x00007ff8c8710000 - 0x00007ff8c8719000 	C:\Windows\SYSTEM32\WSOCK32.dll
0x00007ff8cc7e0000 - 0x00007ff8cc84f000 	C:\Windows\System32\WS2_32.dll
0x00007ff8bfd30000 - 0x00007ff8bfd63000 	C:\Windows\SYSTEM32\WINMM.dll
0x00007ff8b8e00000 - 0x00007ff8b8e0a000 	C:\Windows\SYSTEM32\VERSION.dll
0x00007ff8cad20000 - 0x00007ff8cad33000 	C:\Windows\SYSTEM32\UMPDC.dll
0x00007ff8ca040000 - 0x00007ff8ca058000 	C:\Windows\SYSTEM32\kernel.appcore.dll
0x00007ff8c9900000 - 0x00007ff8c990a000 	C:\Users\Zack Githui\AppData\Local\Programs\Android Studio\jbr\bin\jimage.dll
0x00007ff8c2960000 - 0x00007ff8c2b81000 	C:\Windows\SYSTEM32\DBGHELP.DLL
0x00007ff8b8340000 - 0x00007ff8b8371000 	C:\Windows\SYSTEM32\dbgcore.DLL
0x00007ff8cb150000 - 0x00007ff8cb1cf000 	C:\Windows\System32\bcryptPrimitives.dll
0x00007ff8bff00000 - 0x00007ff8bff0e000 	C:\Users\Zack Githui\AppData\Local\Programs\Android Studio\jbr\bin\instrument.dll
0x00007ff8c86e0000 - 0x00007ff8c8705000 	C:\Users\Zack Githui\AppData\Local\Programs\Android Studio\jbr\bin\java.dll
0x00007ff8c40f0000 - 0x00007ff8c4108000 	C:\Users\Zack Githui\AppData\Local\Programs\Android Studio\jbr\bin\zip.dll
0x00007ff8cc8c0000 - 0x00007ff8cd085000 	C:\Windows\System32\SHELL32.dll
0x00007ff8c8f40000 - 0x00007ff8c97a2000 	C:\Windows\SYSTEM32\windows.storage.dll
0x00007ff8cc0b0000 - 0x00007ff8cc426000 	C:\Windows\System32\combase.dll
0x00007ff8c8dd0000 - 0x00007ff8c8f37000 	C:\Windows\SYSTEM32\wintypes.dll
0x00007ff8cd090000 - 0x00007ff8cd17a000 	C:\Windows\System32\SHCORE.dll
0x00007ff8cd7a0000 - 0x00007ff8cd7fd000 	C:\Windows\System32\shlwapi.dll
0x00007ff8caf40000 - 0x00007ff8caf65000 	C:\Windows\SYSTEM32\profapi.dll
0x00007ff8c01e0000 - 0x00007ff8c01f9000 	C:\Users\Zack Githui\AppData\Local\Programs\Android Studio\jbr\bin\net.dll
0x00007ff8bf100000 - 0x00007ff8bf214000 	C:\Windows\SYSTEM32\WINHTTP.dll
0x00007ff8ca4e0000 - 0x00007ff8ca547000 	C:\Windows\system32\mswsock.dll
0x00007ff8c01c0000 - 0x00007ff8c01d6000 	C:\Users\Zack Githui\AppData\Local\Programs\Android Studio\jbr\bin\nio.dll
0x00007ff8c8720000 - 0x00007ff8c8730000 	C:\Users\Zack Githui\AppData\Local\Programs\Android Studio\jbr\bin\verify.dll
0x00007ff8aef00000 - 0x00007ff8aef27000 	C:\Users\Zack Githui\.gradle\native\c067742578af261105cb4f569cf0c3c89f3d7b1fecec35dd04571415982c5e48\windows-amd64\native-platform.dll
0x00007ff8c3240000 - 0x00007ff8c3384000 	C:\Users\Zack Githui\.gradle\native\38dada09dfb8b06ba9b0570ebf7e218e3eb74d4ef43ca46872605cf95ebc2f47\windows-amd64\native-platform-file-events.dll
0x00007ff8c4170000 - 0x00007ff8c4179000 	C:\Users\Zack Githui\AppData\Local\Programs\Android Studio\jbr\bin\management.dll
0x00007ff8c28a0000 - 0x00007ff8c28ab000 	C:\Users\Zack Githui\AppData\Local\Programs\Android Studio\jbr\bin\management_ext.dll
0x00007ff8cd190000 - 0x00007ff8cd198000 	C:\Windows\System32\PSAPI.DLL
0x00007ff8ca820000 - 0x00007ff8ca838000 	C:\Windows\SYSTEM32\CRYPTSP.dll
0x00007ff8c9fa0000 - 0x00007ff8c9fd5000 	C:\Windows\system32\rsaenh.dll
0x00007ff8ca580000 - 0x00007ff8ca5ac000 	C:\Windows\SYSTEM32\USERENV.dll
0x00007ff8ca960000 - 0x00007ff8ca987000 	C:\Windows\SYSTEM32\bcrypt.dll
0x00007ff8ca6d0000 - 0x00007ff8ca6dc000 	C:\Windows\SYSTEM32\CRYPTBASE.dll
0x00007ff8c9b60000 - 0x00007ff8c9b8d000 	C:\Windows\SYSTEM32\IPHLPAPI.DLL
0x00007ff8cd180000 - 0x00007ff8cd189000 	C:\Windows\System32\NSI.dll
0x00007ff8beec0000 - 0x00007ff8beed9000 	C:\Windows\SYSTEM32\dhcpcsvc6.DLL
0x00007ff8bf940000 - 0x00007ff8bf95e000 	C:\Windows\SYSTEM32\dhcpcsvc.DLL
0x00007ff8c9bd0000 - 0x00007ff8c9cb7000 	C:\Windows\SYSTEM32\DNSAPI.dll
0x00007ff8c86d0000 - 0x00007ff8c86d9000 	C:\Users\Zack Githui\AppData\Local\Programs\Android Studio\jbr\bin\extnet.dll
0x00007ff8c36d0000 - 0x00007ff8c36d8000 	C:\Windows\system32\wshunix.dll

dbghelp: loaded successfully - version: 4.0.5 - missing functions: none
symbol engine: initialized successfully - sym options: 0x614 - pdb path: .;C:\Users\Zack Githui\AppData\Local\Programs\Android Studio\jbr\bin;C:\Windows\SYSTEM32;C:\Windows\WinSxS\amd64_microsoft.windows.common-controls_6595b64144ccf1df_6.0.22000.120_none_9d947278b86cc467;C:\Users\Zack Githui\AppData\Local\Programs\Android Studio\jbr\bin\server;C:\Users\Zack Githui\.gradle\native\c067742578af261105cb4f569cf0c3c89f3d7b1fecec35dd04571415982c5e48\windows-amd64;C:\Users\Zack Githui\.gradle\native\38dada09dfb8b06ba9b0570ebf7e218e3eb74d4ef43ca46872605cf95ebc2f47\windows-amd64

VM Arguments:
jvm_args: --add-opens=java.base/java.util=ALL-UNNAMED --add-opens=java.base/java.lang=ALL-UNNAMED --add-opens=java.base/java.lang.invoke=ALL-UNNAMED --add-opens=java.prefs/java.util.prefs=ALL-UNNAMED --add-opens=java.base/java.nio.charset=ALL-UNNAMED --add-opens=java.base/java.net=ALL-UNNAMED --add-opens=java.base/java.util.concurrent.atomic=ALL-UNNAMED -Xmx2048m -Dfile.encoding=UTF-8 -Duser.country=US -Duser.language=en -Duser.variant -javaagent:C:\Users\Zack Githui\.gradle\wrapper\dists\gradle-8.6-bin\afr5mpiioh2wthjmwnkmdsd5w\gradle-8.6\lib\agents\gradle-instrumentation-agent-8.6.jar 
java_command: org.gradle.launcher.daemon.bootstrap.GradleDaemon 8.6
java_class_path (initial): C:\Users\Zack Githui\.gradle\wrapper\dists\gradle-8.6-bin\afr5mpiioh2wthjmwnkmdsd5w\gradle-8.6\lib\gradle-launcher-8.6.jar
Launcher Type: SUN_STANDARD

[Global flags]
     intx CICompilerCount                          = 3                                         {product} {ergonomic}
     uint ConcGCThreads                            = 1                                         {product} {ergonomic}
     uint G1ConcRefinementThreads                  = 4                                         {product} {ergonomic}
   size_t G1HeapRegionSize                         = 1048576                                   {product} {ergonomic}
    uintx GCDrainStackTargetSize                   = 64                                        {product} {ergonomic}
   size_t InitialHeapSize                          = 134217728                                 {product} {ergonomic}
   size_t MarkStackSize                            = 4194304                                   {product} {ergonomic}
   size_t MaxHeapSize                              = 2147483648                                {product} {command line}
   size_t MaxNewSize                               = 1287651328                                {product} {ergonomic}
   size_t MinHeapDeltaBytes                        = 1048576                                   {product} {ergonomic}
   size_t MinHeapSize                              = 8388608                                   {product} {ergonomic}
    uintx NonNMethodCodeHeapSize                   = 5832780                                {pd product} {ergonomic}
    uintx NonProfiledCodeHeapSize                  = 122912730                              {pd product} {ergonomic}
    uintx ProfiledCodeHeapSize                     = 122912730                              {pd product} {ergonomic}
    uintx ReservedCodeCacheSize                    = 251658240                              {pd product} {ergonomic}
     bool SegmentedCodeCache                       = true                                      {product} {ergonomic}
   size_t SoftMaxHeapSize                          = 2147483648                             {manageable} {ergonomic}
     bool UseCompressedClassPointers               = true                           {product lp64_product} {ergonomic}
     bool UseCompressedOops                        = true                           {product lp64_product} {ergonomic}
     bool UseG1GC                                  = true                                      {product} {ergonomic}
     bool UseLargePagesIndividualAllocation        = false                                  {pd product} {ergonomic}

Logging:
Log output configuration:
 #0: stdout all=warning uptime,level,tags
 #1: stderr all=off uptime,level,tags

Environment Variables:
JAVA_HOME=C:\Users\Zack Githui\AppData\Local\Coursier\cache\arc\https\github.com\adoptium\temurin11-binaries\releases\download\jdk-11.0.24%252B8\OpenJDK11U-jdk_x64_windows_hotspot_11.0.24_8.zip\jdk-11.0.24+8
PATH=C:\Windows\system32;C:\Windows;C:\Windows\System32\Wbem;C:\Windows\System32\WindowsPowerShell\v1.0\;C:\Windows\System32\OpenSSH\;C:\Program Files\Git\cmd;C:\Users\zack githui\AppData\Local\Packages\PythonSoftwareFoundation.Python.3.12_qbz5n2kfra8p0\LocalCache\local-packages\Python312\;C:\Users\zack githui\AppData\Local\Packages\PythonSoftwareFoundation.Python.3.12_qbz5n2kfra8p0\LocalCache\local-packages\Python312\Scripts\;C:\Program Files\nodejs\;C:\Program Files\ngrok\;C:\Users\Zack Githui\AppData\Local\Programs\Python\Launcher\;C:\Users\Zack Githui\AppData\Local\Microsoft\WindowsApps;C:\Users\Zack Githui\AppData\Local\Coursier\cache\arc\https\github.com\adoptium\temurin11-binaries\releases\download\jdk-11.0.24%252B8\OpenJDK11U-jdk_x64_windows_hotspot_11.0.24_8.zip\jdk-11.0.24+8\bin;C:\Users\Zack Githui\AppData\Local\Coursier\data\bin;C:\Users\Zack Githui\AppData\Local\JetBrains\Toolbox\scripts;C:\Users\Zack Githui\AppData\Local\Programs\Microsoft VS Code\bin;C:\Users\Zack Githui\AppData\Local\Microsoft\WinGet\Links;C:\Users\Zack Githui\AppData\Roaming\npm
USERNAME=Zack Githui
OS=Windows_NT
PROCESSOR_IDENTIFIER=Intel64 Family 6 Model 78 Stepping 3, GenuineIntel
TMP=C:\Users\ZACKGI~1\AppData\Local\Temp
TEMP=C:\Users\ZACKGI~1\AppData\Local\Temp



Periodic native trim disabled

JNI global refs:
JNI global refs: 25, weak refs: 3

JNI global refs memory usage: 843, weak refs: 841

OOME stack traces (most recent first):
Classloader memory used:
Loader org.gradle.internal.classloader.VisitableURLClassLoader                         : 3631K
Loader bootstrap                                                                       : 2544K
Loader org.gradle.initialization.MixInLegacyTypesClassLoader                           : 1174K
Loader org.gradle.internal.classloader.VisitableURLClassLoader$InstrumentingVisitableURLClassLoader: 684K
Loader jdk.internal.loader.ClassLoaders$PlatformClassLoader                            : 65758B
Loader jdk.internal.reflect.DelegatingClassLoader                                      : 30635B
Loader jdk.internal.loader.ClassLoaders$AppClassLoader                                 : 28733B
Loader org.gradle.internal.classloader.VisitableURLClassLoader                         : 19584B

Classes loaded by more than one classloader:
Class Program                                                                         : loaded 4 times (x 72B)
Class com.google.common.collect.Iterators$MergingIterator                             : loaded 2 times (x 79B)
Class [Lcom.google.common.collect.AbstractMapEntry;                                   : loaded 2 times (x 67B)
Class com.google.common.collect.SingletonImmutableList                                : loaded 2 times (x 167B)
Class com.google.common.cache.CacheLoader$SupplierToCacheLoader                       : loaded 2 times (x 73B)
Class org.gradle.internal.classpath.ClassPath                                         : loaded 2 times (x 68B)
Class com.google.common.cache.RemovalListener                                         : loaded 2 times (x 68B)
Class org.gradle.api.internal.classpath.DefaultModuleRegistry                         : loaded 2 times (x 84B)
Class Settings_gradle$1$1                                                             : loaded 2 times (x 73B)
Class com.google.common.collect.ListMultimap                                          : loaded 2 times (x 68B)
Class com.google.common.base.CharMatcher$JavaDigit                                    : loaded 2 times (x 109B)
Class com.google.common.base.CharMatcher$Digit                                        : loaded 2 times (x 110B)
Class com.google.common.collect.AbstractMultimap                                      : loaded 2 times (x 121B)
Class com.google.common.cache.CacheBuilder$OneWeigher                                 : loaded 2 times (x 80B)
Class org.gradle.api.Action                                                           : loaded 2 times (x 68B)
Class com.google.common.collect.ImmutableEntry                                        : loaded 2 times (x 80B)
Class com.google.common.collect.Lists$StringAsImmutableList                           : loaded 2 times (x 167B)
Class com.google.common.base.CharMatcher                                              : loaded 2 times (x 109B)
Class com.google.common.base.CharMatcher$IsNot                                        : loaded 2 times (x 109B)
Class com.google.common.base.Splitter                                                 : loaded 2 times (x 70B)
Class [Lcom.google.common.cache.Weigher;                                              : loaded 2 times (x 67B)
Class com.google.common.collect.Iterators$ArrayItr                                    : loaded 2 times (x 95B)
Class com.google.common.cache.LocalCache$Segment                                      : loaded 2 times (x 152B)
Class org.gradle.api.internal.DefaultClassPathProvider                                : loaded 2 times (x 74B)
Class org.gradle.internal.installation.GradleInstallation$1                           : loaded 2 times (x 73B)
Class com.google.common.base.CharMatcher$BitSetMatcher                                : loaded 2 times (x 110B)
Class com.google.common.collect.ImmutableMap$IteratorBasedImmutableMap                : loaded 2 times (x 123B)
Class com.google.common.collect.ImmutableMap                                          : loaded 2 times (x 118B)
Class com.google.common.base.Converter                                                : loaded 2 times (x 88B)
Class com.google.common.collect.ImmutableSet$EmptySetBuilderImpl                      : loaded 2 times (x 74B)
Class com.google.common.base.Equivalence                                              : loaded 2 times (x 80B)
Class com.google.common.cache.LocalCache$EntryFactory$1                               : loaded 2 times (x 81B)
Class com.google.common.cache.LocalCache$EntryFactory$2                               : loaded 2 times (x 81B)
Class com.google.common.cache.LocalCache$EntryFactory$3                               : loaded 2 times (x 81B)
Class com.google.common.cache.LocalCache$EntryFactory$4                               : loaded 2 times (x 81B)
Class com.google.common.cache.LocalCache$EntryFactory$5                               : loaded 2 times (x 81B)
Class com.google.common.cache.LocalCache$EntryFactory$6                               : loaded 2 times (x 81B)
Class com.google.common.cache.LocalCache$EntryFactory$7                               : loaded 2 times (x 81B)
Class com.google.common.cache.LocalCache$EntryFactory$8                               : loaded 2 times (x 81B)
Class com.google.common.base.Predicate                                                : loaded 2 times (x 68B)
Class org.gradle.internal.classloader.FilteringClassLoader                            : loaded 2 times (x 103B)
Class com.google.common.collect.RegularImmutableSet                                   : loaded 2 times (x 146B)
Class [Lcom.google.common.cache.LocalCache$Strength;                                  : loaded 2 times (x 67B)
Class org.gradle.internal.classpath.DefaultClassPath$ImmutableUniqueList$Builder      : loaded 2 times (x 73B)
Class com.google.common.collect.Maps$8                                                : loaded 2 times (x 80B)
Class [Lcom.google.common.cache.CacheBuilder$NullListener;                            : loaded 2 times (x 67B)
Class com.google.common.base.PatternCompiler                                          : loaded 2 times (x 68B)
Class com.google.common.base.CharMatcher$InRange                                      : loaded 2 times (x 109B)
Class com.google.common.collect.BiMap                                                 : loaded 2 times (x 68B)
Class com.google.common.collect.Lists                                                 : loaded 2 times (x 69B)
Class com.google.common.math.IntMath$1                                                : loaded 2 times (x 69B)
Class org.gradle.internal.classloader.ClassLoaderVisitor                              : loaded 2 times (x 74B)
Class com.google.common.cache.CacheBuilder$NullListener                               : loaded 2 times (x 80B)
Class com.google.common.math.MathPreconditions                                        : loaded 2 times (x 69B)
Class org.gradle.internal.service.DefaultServiceLocator                               : loaded 2 times (x 81B)
Class org.gradle.internal.service.UnknownServiceException                             : loaded 2 times (x 81B)
Class com.google.common.collect.ArrayListMultimap                                     : loaded 2 times (x 170B)
Class com.google.common.base.Strings                                                  : loaded 2 times (x 69B)
Class com.google.common.cache.CacheLoader$InvalidCacheLoadException                   : loaded 2 times (x 80B)
Class org.gradle.internal.classloader.DefaultClassLoaderFactory                       : loaded 2 times (x 80B)
Class com.google.common.collect.UnmodifiableIterator                                  : loaded 2 times (x 78B)
Class com.google.common.base.Platform$JdkPatternCompiler                              : loaded 2 times (x 73B)
Class com.google.common.cache.LocalCache$LoadingValueReference                        : loaded 2 times (x 94B)
Class com.google.common.base.CharMatcher$SingleWidth                                  : loaded 2 times (x 110B)
Class com.google.common.collect.Hashing                                               : loaded 2 times (x 69B)
Class com.google.common.base.JdkPattern                                               : loaded 2 times (x 73B)
Class com.google.common.collect.Multimap                                              : loaded 2 times (x 68B)
Class com.google.common.base.FunctionalEquivalence                                    : loaded 2 times (x 81B)
Class com.google.common.cache.LocalCache$1                                            : loaded 2 times (x 87B)
Class com.google.common.cache.LocalCache$2                                            : loaded 2 times (x 140B)
Class com.google.common.collect.RegularImmutableBiMap                                 : loaded 2 times (x 146B)
Class org.gradle.internal.classloader.VisitableURLClassLoader$Spec                    : loaded 2 times (x 72B)
Class org.gradle.api.GradleException                                                  : loaded 2 times (x 80B)
Class com.google.common.base.CharMatcher$JavaLetterOrDigit                            : loaded 2 times (x 109B)
Class org.gradle.api.internal.classpath.ModuleRegistry                                : loaded 2 times (x 68B)
Class com.google.common.collect.ForwardingObject                                      : loaded 2 times (x 70B)
Class com.google.common.cache.CacheBuilder                                            : loaded 2 times (x 70B)
Class com.google.common.collect.ImmutableCollection                                   : loaded 2 times (x 123B)
Class com.google.common.base.PairwiseEquivalence                                      : loaded 2 times (x 81B)
Class com.google.common.base.Ticker                                                   : loaded 2 times (x 70B)
Class org.gradle.api.internal.ClassPathProvider                                       : loaded 2 times (x 68B)
Class com.google.common.collect.RegularImmutableMap$Values                            : loaded 2 times (x 167B)
Class org.gradle.internal.classloader.ClasspathUtil$1                                 : loaded 2 times (x 74B)
Class com.google.common.collect.ImmutableEnumMap                                      : loaded 2 times (x 123B)
Class com.google.common.collect.ForwardingMap                                         : loaded 2 times (x 130B)
Class com.google.common.collect.ImmutableList$ReverseImmutableList                    : loaded 2 times (x 168B)
Class com.google.common.cache.AbstractCache$StatsCounter                              : loaded 2 times (x 68B)
Class com.google.common.cache.LocalCache$Strength$1                                   : loaded 2 times (x 79B)
Class com.google.common.cache.LocalCache$Strength$2                                   : loaded 2 times (x 79B)
Class com.google.common.cache.LocalCache$Strength$3                                   : loaded 2 times (x 79B)
Class org.gradle.internal.classloader.ClassLoaderFactory                              : loaded 2 times (x 68B)
Class com.google.common.collect.ObjectArrays                                          : loaded 2 times (x 69B)
Class com.google.common.collect.Iterators$10                                          : loaded 2 times (x 79B)
Class com.google.common.collect.ImmutableList                                         : loaded 2 times (x 166B)
Class org.gradle.api.internal.classpath.ManifestUtil                                  : loaded 2 times (x 69B)
Class org.gradle.api.specs.Spec                                                       : loaded 2 times (x 68B)
Class com.google.common.cache.CacheLoader$UnsupportedLoadingOperationException        : loaded 2 times (x 80B)
Class com.google.common.base.CharMatcher$Whitespace                                   : loaded 2 times (x 110B)
Class com.google.common.collect.Iterators$1                                           : loaded 2 times (x 79B)
Class com.google.common.collect.Iterators$4                                           : loaded 2 times (x 80B)
Class com.google.common.collect.RegularImmutableMap$BucketOverflowException           : loaded 2 times (x 80B)
Class com.google.common.collect.Iterators$5                                           : loaded 2 times (x 80B)
Class com.google.common.base.Equivalence$Equals                                       : loaded 2 times (x 80B)
Class com.google.common.base.Preconditions                                            : loaded 2 times (x 69B)
Class com.google.common.base.Function                                                 : loaded 2 times (x 68B)
Class com.google.common.collect.Iterators$9                                           : loaded 2 times (x 79B)
Class org.gradle.internal.IoActions                                                   : loaded 2 times (x 69B)
Class Settings_gradle$1$1$1                                                           : loaded 2 times (x 73B)
Class com.google.common.cache.ReferenceEntry                                          : loaded 2 times (x 68B)
Class com.google.common.collect.RegularImmutableMap$KeySet                            : loaded 2 times (x 148B)
Class com.google.common.collect.CollectPreconditions                                  : loaded 2 times (x 69B)
Class com.google.common.collect.Maps                                                  : loaded 2 times (x 69B)
Class com.google.common.collect.RegularImmutableMap                                   : loaded 2 times (x 119B)
Class com.google.common.collect.AbstractIndexedListIterator                           : loaded 2 times (x 94B)
Class com.google.common.base.CharMatcher$None                                         : loaded 2 times (x 110B)
Class org.gradle.api.internal.classpath.EffectiveClassPath                            : loaded 2 times (x 88B)
Class com.google.common.collect.UnmodifiableListIterator                              : loaded 2 times (x 93B)
Class com.google.common.cache.CacheLoader$FunctionToCacheLoader                       : loaded 2 times (x 73B)
Class com.google.common.cache.CacheBuilder$1                                          : loaded 2 times (x 83B)
Class com.google.common.cache.CacheBuilder$2                                          : loaded 2 times (x 70B)
Class com.google.common.collect.ImmutableList$1                                       : loaded 2 times (x 95B)
Class com.google.common.base.Splitter$Strategy                                        : loaded 2 times (x 68B)
Class com.google.common.collect.ImmutableMapEntrySet$RegularEntrySet                  : loaded 2 times (x 149B)
Class [Lcom.google.common.cache.RemovalListener;                                      : loaded 2 times (x 67B)
Class [Lcom.google.common.collect.ImmutableMapEntry;                                  : loaded 2 times (x 67B)
Class org.gradle.internal.installation.CurrentGradleInstallation                      : loaded 2 times (x 71B)
Class org.gradle.internal.agents.InstrumentingClassLoader                             : loaded 2 times (x 68B)
Class org.gradle.internal.installation.CurrentGradleInstallationLocator               : loaded 2 times (x 69B)
Class [Lcom.google.common.cache.LocalCache$Segment;                                   : loaded 2 times (x 67B)
Class org.gradle.api.internal.classpath.Module                                        : loaded 2 times (x 68B)
Class com.google.common.base.Splitter$1$1                                             : loaded 2 times (x 84B)
Class com.google.common.collect.ImmutableSet$JdkBackedSetBuilderImpl                  : loaded 2 times (x 74B)
Class com.google.common.collect.ImmutableSet$RegularSetBuilderImpl                    : loaded 2 times (x 75B)
Class org.gradle.internal.service.CachingServiceLocator                               : loaded 2 times (x 80B)
Class [Lcom.google.common.collect.ImmutableEntry;                                     : loaded 2 times (x 67B)
Class org.gradle.internal.classpath.DefaultClassPath                                  : loaded 2 times (x 88B)
Class com.google.common.base.Splitter$SplittingIterator                               : loaded 2 times (x 82B)
Class com.google.common.cache.LocalCache$LocalManualCache$1                           : loaded 2 times (x 73B)
Class Build_gradle$1                                                                  : loaded 2 times (x 76B)
Class [Lcom.google.common.cache.LocalCache$EntryFactory;                              : loaded 2 times (x 67B)
Class com.google.common.base.CharMatcher$Is                                           : loaded 2 times (x 109B)
Class com.google.common.base.Platform                                                 : loaded 2 times (x 69B)
Class com.google.common.collect.RegularImmutableAsList                                : loaded 2 times (x 176B)
Class com.google.common.collect.PeekingIterator                                       : loaded 2 times (x 68B)
Class com.google.common.collect.ImmutableMapEntrySet                                  : loaded 2 times (x 149B)
Class com.google.common.cache.CacheLoader                                             : loaded 2 times (x 72B)
Class com.google.common.collect.ImmutableBiMapFauxverideShim                          : loaded 2 times (x 118B)
Class com.google.common.cache.Cache                                                   : loaded 2 times (x 68B)
Class org.gradle.internal.classloader.SystemClassLoaderSpec                           : loaded 2 times (x 69B)
Class com.google.common.collect.SingletonImmutableSet                                 : loaded 2 times (x 144B)
Class [Lcom.google.common.base.AbstractIterator$State;                                : loaded 2 times (x 67B)
Class com.google.common.collect.ImmutableMap$Builder                                  : loaded 2 times (x 80B)
Class com.google.common.base.AbstractIterator                                         : loaded 2 times (x 78B)
Class com.google.common.base.AbstractIterator$1                                       : loaded 2 times (x 69B)
Class [Lcom.google.common.cache.CacheBuilder$OneWeigher;                              : loaded 2 times (x 67B)
Class com.google.common.collect.Iterators                                             : loaded 2 times (x 69B)
Class com.google.common.base.CharMatcher$1                                            : loaded 2 times (x 111B)
Class com.google.common.base.CharMatcher$Ascii                                        : loaded 2 times (x 110B)
Class com.google.common.cache.LocalCache$ComputingValueReference                      : loaded 2 times (x 94B)
Class org.gradle.api.UncheckedIOException                                             : loaded 2 times (x 80B)
Class com.google.common.base.CharMatcher$And                                          : loaded 2 times (x 110B)
Class com.google.common.collect.IndexedImmutableSet                                   : loaded 2 times (x 148B)
Class com.google.common.collect.AbstractListMultimap                                  : loaded 2 times (x 170B)
Class com.google.common.base.CharMatcher$Any                                          : loaded 2 times (x 110B)
Class org.gradle.internal.installation.GradleInstallation                             : loaded 2 times (x 73B)
Class com.google.common.cache.LocalCache$Strength                                     : loaded 2 times (x 79B)
Class com.google.common.collect.ArrayListMultimapGwtSerializationDependencies         : loaded 2 times (x 170B)
Class com.google.common.base.CharMatcher$RangesMatcher                                : loaded 2 times (x 110B)
Class com.google.common.collect.ImmutableList$SubList                                 : loaded 2 times (x 168B)
Class com.google.common.cache.LocalCache$ValueReference                               : loaded 2 times (x 68B)
Class org.gradle.internal.classloader.ClasspathUtil                                   : loaded 2 times (x 69B)
Class com.google.common.base.Splitter$1                                               : loaded 2 times (x 75B)
Class com.google.common.base.Ticker$1                                                 : loaded 2 times (x 70B)
Class com.google.common.collect.Maps$BiMapConverter                                   : loaded 2 times (x 88B)
Class org.gradle.api.internal.DefaultClassPathRegistry                                : loaded 2 times (x 74B)
Class com.google.common.collect.ImmutableSet$SetBuilderImpl                           : loaded 2 times (x 74B)
Class org.gradle.api.internal.classpath.DefaultModuleRegistry$DefaultModule           : loaded 2 times (x 84B)
Class com.google.common.base.CharMatcher$JavaIsoControl                               : loaded 2 times (x 110B)
Class com.google.common.collect.ImmutableMap$1                                        : loaded 2 times (x 79B)
Class com.google.common.base.CharMatcher$Or                                           : loaded 2 times (x 110B)
Class org.gradle.kotlin.dsl.VersionCatalogAccessorsKt                                 : loaded 2 times (x 69B)
Class com.google.common.base.Suppliers$SupplierOfInstance                             : loaded 2 times (x 77B)
Class com.google.common.collect.Iterables                                             : loaded 2 times (x 69B)
Class com.google.common.base.CharMatcher$JavaLowerCase                                : loaded 2 times (x 109B)
Class org.gradle.api.internal.classpath.UnknownModuleException                        : loaded 2 times (x 80B)
Class com.google.common.collect.Maps$EntryTransformer                                 : loaded 2 times (x 68B)
Class com.google.common.collect.ImmutableCollection$Builder                           : loaded 2 times (x 74B)
Class com.google.common.collect.SingletonImmutableBiMap                               : loaded 2 times (x 141B)
Class com.google.common.base.CommonPattern                                            : loaded 2 times (x 72B)
Class com.google.common.base.Suppliers                                                : loaded 2 times (x 69B)
Class com.google.common.cache.LoadingCache                                            : loaded 2 times (x 68B)
Class org.gradle.internal.service.ServiceLookupException                              : loaded 2 times (x 80B)
Class org.gradle.cache.GlobalCache                                                    : loaded 2 times (x 68B)
Class com.google.common.base.CharMatcher$NegatedFastMatcher                           : loaded 2 times (x 111B)
Class [Lorg.gradle.api.internal.ClassPathProvider;                                    : loaded 2 times (x 67B)
Class org.gradle.util.internal.GUtil                                                  : loaded 2 times (x 69B)
Class com.google.common.math.IntMath                                                  : loaded 2 times (x 69B)
Class com.google.common.collect.AbstractIterator                                      : loaded 2 times (x 80B)
Class org.gradle.internal.classloader.ClassLoaderSpec                                 : loaded 2 times (x 69B)
Class com.google.common.base.NullnessCasts                                            : loaded 2 times (x 69B)
Class com.google.common.cache.LocalCache$LocalManualCache                             : loaded 2 times (x 97B)
Class com.google.common.collect.AbstractMapEntry                                      : loaded 2 times (x 79B)
Class com.google.common.base.CharMatcher$Negated                                      : loaded 2 times (x 111B)
Class com.google.common.cache.CacheLoader$1                                           : loaded 2 times (x 73B)
Class com.google.common.collect.ImmutableSet$Builder                                  : loaded 2 times (x 83B)
Class com.google.common.base.CharMatcher$ForPredicate                                 : loaded 2 times (x 110B)
Class com.google.common.collect.ImmutableMap$MapViewOfValuesAsSingletonSets           : loaded 2 times (x 123B)
Class com.google.common.base.MoreObjects                                              : loaded 2 times (x 69B)
Class com.google.common.collect.SortedMapDifference                                   : loaded 2 times (x 68B)
Class com.google.common.cache.CacheStats                                              : loaded 2 times (x 69B)
Class org.gradle.internal.classloader.VisitableURLClassLoader                         : loaded 2 times (x 115B)
Class com.google.common.cache.LocalCache$LocalLoadingCache                            : loaded 2 times (x 132B)
Class com.google.common.base.Supplier                                                 : loaded 2 times (x 68B)
Class com.google.common.collect.ImmutableBiMap                                        : loaded 2 times (x 141B)
Class org.gradle.internal.Cast                                                        : loaded 2 times (x 69B)
Class Build_gradle                                                                    : loaded 2 times (x 70B)
Class org.gradle.api.internal.ClassPathRegistry                                       : loaded 2 times (x 68B)
Class com.google.common.cache.LocalCache$EntryFactory                                 : loaded 2 times (x 81B)
Class com.google.common.util.concurrent.UncheckedExecutionException                   : loaded 2 times (x 80B)
Class com.google.common.collect.ImmutableSet                                          : loaded 2 times (x 143B)
Class org.gradle.internal.classloader.VisitableURLClassLoader$InstrumentingVisitableURLClassLoader: loaded 2 times (x 121B)
Class org.gradle.internal.classloader.ClassLoaderHierarchy                            : loaded 2 times (x 68B)
Class com.google.common.base.AbstractIterator$State                                   : loaded 2 times (x 77B)
Class com.google.common.cache.Weigher                                                 : loaded 2 times (x 68B)
Class com.google.common.base.CharMatcher$NamedFastMatcher                             : loaded 2 times (x 110B)
Class org.gradle.internal.InternalTransformer                                         : loaded 2 times (x 68B)
Class org.gradle.internal.service.ServiceLocator                                      : loaded 2 times (x 68B)
Class Settings_gradle$1                                                               : loaded 2 times (x 73B)
Class com.google.common.collect.ImmutableMapEntry                                     : loaded 2 times (x 83B)
Class com.google.common.base.CharMatcher$Invisible                                    : loaded 2 times (x 110B)
Class com.google.common.base.CharMatcher$FastMatcher                                  : loaded 2 times (x 109B)
Class org.gradle.internal.classpath.DefaultClassPath$ImmutableUniqueList              : loaded 2 times (x 159B)
Class com.google.common.base.CharMatcher$JavaLetter                                   : loaded 2 times (x 109B)
Class org.gradle.internal.classpath.TransformedClassPath                              : loaded 2 times (x 94B)
Class com.google.common.collect.MapDifference                                         : loaded 2 times (x 68B)
Class Settings_gradle                                                                 : loaded 2 times (x 126B)
Class com.google.common.collect.Platform                                              : loaded 2 times (x 69B)
Class com.google.common.collect.ImmutableAsList                                       : loaded 2 times (x 169B)
Class com.google.common.util.concurrent.ExecutionError                                : loaded 2 times (x 80B)
Class com.google.common.base.Equivalence$Identity                                     : loaded 2 times (x 80B)
Class com.google.common.base.CharMatcher$AnyOf                                        : loaded 2 times (x 110B)
Class com.google.common.base.CharMatcher$IsEither                                     : loaded 2 times (x 109B)
Class com.google.common.cache.LocalCache                                              : loaded 2 times (x 185B)
Class com.google.common.collect.RegularImmutableList                                  : loaded 2 times (x 172B)
Class com.google.common.base.CharMatcher$JavaUpperCase                                : loaded 2 times (x 109B)
Class com.google.common.collect.Multiset                                              : loaded 2 times (x 68B)
Class com.google.common.collect.ImmutableSet$CachingAsList                            : loaded 2 times (x 145B)
Class com.google.common.collect.ImmutableMapEntry$NonTerminalImmutableMapEntry        : loaded 2 times (x 83B)
Class com.google.common.collect.AbstractMapBasedMultimap                              : loaded 2 times (x 137B)


---------------  S Y S T E M  ---------------

OS:
 Windows 11 , 64 bit Build 22000 (10.0.22000.2538)
OS uptime: 42 days 4:54 hours
Hyper-V role detected

CPU: total 4 (initial active 4) (2 cores per cpu, 2 threads per core) family 6 model 78 stepping 3 microcode 0xf0, cx8, cmov, fxsr, ht, mmx, 3dnowpref, sse, sse2, sse3, ssse3, sse4.1, sse4.2, popcnt, lzcnt, tsc, tscinvbit, avx, avx2, aes, erms, clmul, bmi1, bmi2, rtm, adx, fma, vzeroupper, clflush, clflushopt, hv
Processor Information for all 4 processors :
  Max Mhz: 2496, Current Mhz: 2396, Mhz Limit: 2396

Memory: 4k page, system-wide physical 8072M (259M free)
TotalPageFile size 32648M (AvailPageFile size 6M)
current process WorkingSet (physical memory assigned to process): 302M, peak: 302M
current process commit charge ("private bytes"): 346M, peak: 349M

vm_info: OpenJDK 64-Bit Server VM (17.0.10+0--11572160) for windows-amd64 JRE (17.0.10+0--11572160), built on Mar 13 2024 23:56:38 by "androidbuild" with MS VC++ 16.10 / 16.11 (VS2019)

END.
