#
# There is insufficient memory for the Java Runtime Environment to continue.
# Native memory allocation (malloc) failed to allocate 1736496 bytes for Chunk::new
# Possible reasons:
#   The system is out of physical RAM or swap space
#   The process is running with CompressedOops enabled, and the Java Heap may be blocking the growth of the native heap
# Possible solutions:
#   Reduce memory load on the system
#   Increase physical memory or swap space
#   Check if swap backing store is full
#   Decrease Java heap size (-Xmx/-Xms)
#   Decrease number of Java threads
#   Decrease Java thread stack sizes (-Xss)
#   Set larger code cache with -XX:ReservedCodeCacheSize=
#   JVM is running with Unscaled Compressed Oops mode in which the Java heap is
#     placed in the first 4GB address space. The Java Heap base address is the
#     maximum limit for the native heap growth. Please use -XX:HeapBaseMinAddress
#     to set the Java Heap base and to place the Java Heap above 4GB virtual address.
# This output file may be truncated or incomplete.
#
#  Out of Memory Error (arena.cpp:191), pid=24212, tid=58808
#
# JRE version: OpenJDK Runtime Environment (17.0.10) (build 17.0.10+0--11572160)
# Java VM: OpenJDK 64-Bit Server VM (17.0.10+0--11572160, mixed mode, tiered, compressed oops, compressed class ptrs, g1 gc, windows-amd64)
# No core dump will be written. Minidumps are not enabled by default on client versions of Windows
#

---------------  S U M M A R Y ------------

Command Line: --add-opens=java.base/java.util=ALL-UNNAMED --add-opens=java.base/java.lang=ALL-UNNAMED --add-opens=java.base/java.lang.invoke=ALL-UNNAMED --add-opens=java.prefs/java.util.prefs=ALL-UNNAMED --add-opens=java.base/java.nio.charset=ALL-UNNAMED --add-opens=java.base/java.net=ALL-UNNAMED --add-opens=java.base/java.util.concurrent.atomic=ALL-UNNAMED -Xmx2048m -Dfile.encoding=UTF-8 -Duser.country=US -Duser.language=en -Duser.variant -javaagent:C:\Users\Zack Githui\.gradle\wrapper\dists\gradle-8.6-bin\afr5mpiioh2wthjmwnkmdsd5w\gradle-8.6\lib\agents\gradle-instrumentation-agent-8.6.jar org.gradle.launcher.daemon.bootstrap.GradleDaemon 8.6

Host: Intel(R) Core(TM) i5-6300U CPU @ 2.40GHz, 4 cores, 7G,  Windows 11 , 64 bit Build 22000 (10.0.22000.2538)
Time: Wed Apr  2 23:58:43 2025 E. Africa Standard Time elapsed time: 56.606991 seconds (0d 0h 0m 56s)

---------------  T H R E A D  ---------------

Current thread (0x0000027b1c49b9b0):  JavaThread "C2 CompilerThread0" daemon [_thread_in_native, id=58808, stack(0x000000f71e600000,0x000000f71e700000)]


Current CompileTask:
C2:  56607 7524   !   4       java.net.URLClassLoader$1::run (81 bytes)

Stack: [0x000000f71e600000,0x000000f71e700000]
Native frames: (J=compiled Java code, j=interpreted, Vv=VM code, C=native code)
V  [jvm.dll+0x688e89]
V  [jvm.dll+0x84247a]
V  [jvm.dll+0x8440be]
V  [jvm.dll+0x844723]
V  [jvm.dll+0x24be0f]
V  [jvm.dll+0xac524]
V  [jvm.dll+0xacb6c]
V  [jvm.dll+0x36bd12]
V  [jvm.dll+0x33615a]
V  [jvm.dll+0x3355fa]
V  [jvm.dll+0x21daa1]
V  [jvm.dll+0x21cec1]
V  [jvm.dll+0x1a60ad]
V  [jvm.dll+0x22cd78]
V  [jvm.dll+0x22aeb0]
V  [jvm.dll+0x7f6917]
V  [jvm.dll+0x7f0d1a]
V  [jvm.dll+0x687d05]
C  [ucrtbase.dll+0x26c0c]
C  [KERNEL32.DLL+0x153e0]
C  [ntdll.dll+0x485b]


---------------  P R O C E S S  ---------------

Threads class SMR info:
_java_thread_list=0x0000027b240845a0, length=41, elements={
0x0000027b02d3b380, 0x0000027b1c482010, 0x0000027b1c4828e0, 0x0000027b1c347190,
0x0000027b1c347a60, 0x0000027b1c49a300, 0x0000027b1c49acc0, 0x0000027b1c49b9b0,
0x0000027b1c5092b0, 0x0000027b1c5098c0, 0x0000027b1c2aa960, 0x0000027b1c712000,
0x0000027b21996490, 0x0000027b224d6080, 0x0000027b227ca9f0, 0x0000027b1c850250,
0x0000027b1c850b00, 0x0000027b21e48570, 0x0000027b2257fee0, 0x0000027b2156f520,
0x0000027b2156cca0, 0x0000027b2156f010, 0x0000027b2156d1b0, 0x0000027b2156dbd0,
0x0000027b2156ff40, 0x0000027b2156e0e0, 0x0000027b21570450, 0x0000027b2386fda0,
0x0000027b23874480, 0x0000027b2386ee70, 0x0000027b23874990, 0x0000027b23873040,
0x0000027b23875dd0, 0x0000027b23870cd0, 0x0000027b238762e0, 0x0000027b23871c00,
0x0000027b238707c0, 0x0000027b23873550, 0x0000027b238711e0, 0x0000027b2386f890,
0x0000027b23872b30
}

Java Threads: ( => current thread )
  0x0000027b02d3b380 JavaThread "main" [_thread_blocked, id=37624, stack(0x000000f71d900000,0x000000f71da00000)]
  0x0000027b1c482010 JavaThread "Reference Handler" daemon [_thread_blocked, id=48584, stack(0x000000f71e000000,0x000000f71e100000)]
  0x0000027b1c4828e0 JavaThread "Finalizer" daemon [_thread_blocked, id=66132, stack(0x000000f71e100000,0x000000f71e200000)]
  0x0000027b1c347190 JavaThread "Signal Dispatcher" daemon [_thread_blocked, id=58656, stack(0x000000f71e200000,0x000000f71e300000)]
  0x0000027b1c347a60 JavaThread "Attach Listener" daemon [_thread_blocked, id=58600, stack(0x000000f71e300000,0x000000f71e400000)]
  0x0000027b1c49a300 JavaThread "Service Thread" daemon [_thread_blocked, id=52600, stack(0x000000f71e400000,0x000000f71e500000)]
  0x0000027b1c49acc0 JavaThread "Monitor Deflation Thread" daemon [_thread_blocked, id=39772, stack(0x000000f71e500000,0x000000f71e600000)]
=>0x0000027b1c49b9b0 JavaThread "C2 CompilerThread0" daemon [_thread_in_native, id=58808, stack(0x000000f71e600000,0x000000f71e700000)]
  0x0000027b1c5092b0 JavaThread "C1 CompilerThread0" daemon [_thread_blocked, id=65280, stack(0x000000f71e700000,0x000000f71e800000)]
  0x0000027b1c5098c0 JavaThread "Sweeper thread" daemon [_thread_blocked, id=83928, stack(0x000000f71e800000,0x000000f71e900000)]
  0x0000027b1c2aa960 JavaThread "Common-Cleaner" daemon [_thread_blocked, id=25108, stack(0x000000f71e900000,0x000000f71ea00000)]
  0x0000027b1c712000 JavaThread "Notification Thread" daemon [_thread_blocked, id=8448, stack(0x000000f71ea00000,0x000000f71eb00000)]
  0x0000027b21996490 JavaThread "Daemon health stats" [_thread_blocked, id=27924, stack(0x000000f71ef00000,0x000000f71f000000)]
  0x0000027b224d6080 JavaThread "Incoming local TCP Connector on port 65079" [_thread_in_native, id=88524, stack(0x000000f71f000000,0x000000f71f100000)]
  0x0000027b227ca9f0 JavaThread "Daemon periodic checks" [_thread_blocked, id=39444, stack(0x000000f71f100000,0x000000f71f200000)]
  0x0000027b1c850250 JavaThread "Daemon" [_thread_blocked, id=69724, stack(0x000000f71f200000,0x000000f71f300000)]
  0x0000027b1c850b00 JavaThread "Handler for socket connection from /127.0.0.1:65079 to /127.0.0.1:65080" [_thread_in_native, id=48788, stack(0x000000f71f300000,0x000000f71f400000)]
  0x0000027b21e48570 JavaThread "Cancel handler" [_thread_blocked, id=43128, stack(0x000000f71f400000,0x000000f71f500000)]
  0x0000027b2257fee0 JavaThread "Daemon worker" [_thread_in_vm, id=7704, stack(0x000000f71f500000,0x000000f71f600000)]
  0x0000027b2156f520 JavaThread "Asynchronous log dispatcher for DefaultDaemonConnection: socket connection from /127.0.0.1:65079 to /127.0.0.1:65080" [_thread_blocked, id=1860, stack(0x000000f71f600000,0x000000f71f700000)]
  0x0000027b2156cca0 JavaThread "Stdin handler" [_thread_blocked, id=67344, stack(0x000000f71f700000,0x000000f71f800000)]
  0x0000027b2156f010 JavaThread "Daemon client event forwarder" [_thread_blocked, id=20636, stack(0x000000f71f800000,0x000000f71f900000)]
  0x0000027b2156d1b0 JavaThread "Cache worker for journal cache (C:\Users\Zack Githui\.gradle\caches\journal-1)" [_thread_blocked, id=40732, stack(0x000000f71f900000,0x000000f71fa00000)]
  0x0000027b2156dbd0 JavaThread "File lock request listener" [_thread_in_native, id=25188, stack(0x000000f71fa00000,0x000000f71fb00000)]
  0x0000027b2156ff40 JavaThread "Cache worker for file hash cache (C:\Users\Zack Githui\.gradle\caches\8.6\fileHashes)" [_thread_blocked, id=45552, stack(0x000000f71fb00000,0x000000f71fc00000)]
  0x0000027b2156e0e0 JavaThread "File watcher server" daemon [_thread_in_native, id=74428, stack(0x000000f71fc00000,0x000000f71fd00000)]
  0x0000027b21570450 JavaThread "File watcher consumer" daemon [_thread_blocked, id=1388, stack(0x000000f71fd00000,0x000000f71fe00000)]
  0x0000027b2386fda0 JavaThread "Cache worker for checksums cache (C:\Users\Zack Githui\AndroidStudioProjects\Cleanshelf\.gradle\8.6\checksums)" [_thread_blocked, id=78988, stack(0x000000f71fe00000,0x000000f71ff00000)]
  0x0000027b23874480 JavaThread "Cache worker for file hash cache (C:\Users\Zack Githui\AndroidStudioProjects\Cleanshelf\.gradle\8.6\fileHashes)" [_thread_blocked, id=52316, stack(0x000000f71ff00000,0x000000f720000000)]
  0x0000027b2386ee70 JavaThread "Cache worker for cache directory md-supplier (C:\Users\Zack Githui\.gradle\caches\8.6\md-supplier)" [_thread_blocked, id=65624, stack(0x000000f720000000,0x000000f720100000)]
  0x0000027b23874990 JavaThread "Cache worker for cache directory md-rule (C:\Users\Zack Githui\.gradle\caches\8.6\md-rule)" [_thread_blocked, id=85104, stack(0x000000f720100000,0x000000f720200000)]
  0x0000027b23873040 JavaThread "Cache worker for file content cache (C:\Users\Zack Githui\.gradle\caches\8.6\fileContent)" [_thread_blocked, id=87248, stack(0x000000f720200000,0x000000f720300000)]
  0x0000027b23875dd0 JavaThread "jar transforms" [_thread_blocked, id=42252, stack(0x000000f720400000,0x000000f720500000)]
  0x0000027b23870cd0 JavaThread "jar transforms Thread 2" [_thread_blocked, id=76616, stack(0x000000f720500000,0x000000f720600000)]
  0x0000027b238762e0 JavaThread "jar transforms Thread 3" [_thread_blocked, id=35980, stack(0x000000f720600000,0x000000f720700000)]
  0x0000027b23871c00 JavaThread "jar transforms Thread 4" [_thread_blocked, id=23408, stack(0x000000f720700000,0x000000f720800000)]
  0x0000027b238707c0 JavaThread "Cache worker for Build Output Cleanup Cache (C:\Users\Zack Githui\AndroidStudioProjects\Cleanshelf\.gradle\buildOutputCleanup)" [_thread_blocked, id=33764, stack(0x000000f71d800000,0x000000f71d900000)]
  0x0000027b23873550 JavaThread "Unconstrained build operations" [_thread_blocked, id=976, stack(0x000000f720800000,0x000000f720900000)]
  0x0000027b238711e0 JavaThread "Unconstrained build operations Thread 2" [_thread_blocked, id=86564, stack(0x000000f720900000,0x000000f720a00000)]
  0x0000027b2386f890 JavaThread "Unconstrained build operations Thread 3" [_thread_blocked, id=75160, stack(0x000000f720a00000,0x000000f720b00000)]
  0x0000027b23872b30 JavaThread "build event listener" [_thread_blocked, id=36960, stack(0x000000f720d00000,0x000000f720e00000)]

Other Threads:
  0x0000027b1c2c3e40 VMThread "VM Thread" [stack: 0x000000f71df00000,0x000000f71e000000] [id=49340]
  0x0000027b02d3c200 WatcherThread [stack: 0x000000f71eb00000,0x000000f71ec00000] [id=73996]
  0x0000027b02d97880 GCTaskThread "GC Thread#0" [stack: 0x000000f71da00000,0x000000f71db00000] [id=24768]
  0x0000027b21057400 GCTaskThread "GC Thread#1" [stack: 0x000000f71ec00000,0x000000f71ed00000] [id=67076]
  0x0000027b210576c0 GCTaskThread "GC Thread#2" [stack: 0x000000f71ed00000,0x000000f71ee00000] [id=23948]
  0x0000027b21b01590 GCTaskThread "GC Thread#3" [stack: 0x000000f71ee00000,0x000000f71ef00000] [id=89360]
  0x0000027b02da87d0 ConcurrentGCThread "G1 Main Marker" [stack: 0x000000f71db00000,0x000000f71dc00000] [id=20232]
  0x0000027b02da9990 ConcurrentGCThread "G1 Conc#0" [stack: 0x000000f71dc00000,0x000000f71dd00000] [id=87184]
  0x0000027b02df4020 ConcurrentGCThread "G1 Refine#0" [stack: 0x000000f71dd00000,0x000000f71de00000] [id=45952]
  0x0000027b22d17890 ConcurrentGCThread "G1 Refine#1" [stack: 0x000000f720300000,0x000000f720400000] [id=38172]
  0x0000027b02df48f0 ConcurrentGCThread "G1 Service" [stack: 0x000000f71de00000,0x000000f71df00000] [id=47672]

Threads with active compile tasks:
C2 CompilerThread0    56694 7524   !   4       java.net.URLClassLoader$1::run (81 bytes)

VM state: not at safepoint (normal execution)

VM Mutex/Monitor currently owned by a thread: None

Heap address: 0x0000000080000000, size: 2048 MB, Compressed Oops mode: 32-bit

CDS archive(s) not mapped
Compressed class space mapped at: 0x0000000100000000-0x0000000140000000, reserved size: 1073741824
Narrow klass base: 0x0000000000000000, Narrow klass shift: 3, Narrow klass range: 0x140000000

GC Precious Log:
 CPUs: 4 total, 4 available
 Memory: 8072M
 Large Page Support: Disabled
 NUMA Support: Disabled
 Compressed Oops: Enabled (32-bit)
 Heap Region Size: 1M
 Heap Min Capacity: 8M
 Heap Initial Capacity: 128M
 Heap Max Capacity: 2G
 Pre-touch: Disabled
 Parallel Workers: 4
 Concurrent Workers: 1
 Concurrent Refinement Workers: 4
 Periodic GC: Disabled

Heap:
 garbage-first heap   total 145408K, used 68679K [0x0000000080000000, 0x0000000100000000)
  region size 1024K, 4 young (4096K), 1 survivors (1024K)
 Metaspace       used 64769K, committed 65344K, reserved 1114112K
  class space    used 8764K, committed 9024K, reserved 1048576K

Heap Regions: E=young(eden), S=young(survivor), O=old, HS=humongous(starts), HC=humongous(continues), CS=collection set, F=free, OA=open archive, CA=closed archive, TAMS=top-at-mark-start (previous, next)
|   0|0x0000000080000000, 0x0000000080100000, 0x0000000080100000|100%| O|  |TAMS 0x0000000080100000, 0x0000000080000000| Untracked 
|   1|0x0000000080100000, 0x0000000080200000, 0x0000000080200000|100%| O|  |TAMS 0x0000000080200000, 0x0000000080100000| Untracked 
|   2|0x0000000080200000, 0x0000000080300000, 0x0000000080300000|100%|HS|  |TAMS 0x0000000080300000, 0x0000000080200000| Complete 
|   3|0x0000000080300000, 0x0000000080400000, 0x0000000080400000|100%|HC|  |TAMS 0x0000000080400000, 0x0000000080300000| Complete 
|   4|0x0000000080400000, 0x0000000080500000, 0x0000000080500000|100%|HC|  |TAMS 0x0000000080500000, 0x0000000080400000| Complete 
|   5|0x0000000080500000, 0x0000000080600000, 0x0000000080600000|100%|HC|  |TAMS 0x0000000080600000, 0x0000000080500000| Complete 
|   6|0x0000000080600000, 0x0000000080700000, 0x0000000080700000|100%| O|  |TAMS 0x0000000080700000, 0x0000000080600000| Untracked 
|   7|0x0000000080700000, 0x0000000080800000, 0x0000000080800000|100%| O|  |TAMS 0x0000000080800000, 0x0000000080700000| Untracked 
|   8|0x0000000080800000, 0x0000000080900000, 0x0000000080900000|100%| O|  |TAMS 0x0000000080900000, 0x0000000080800000| Untracked 
|   9|0x0000000080900000, 0x0000000080a00000, 0x0000000080a00000|100%| O|  |TAMS 0x0000000080a00000, 0x0000000080900000| Untracked 
|  10|0x0000000080a00000, 0x0000000080ae2200, 0x0000000080b00000| 88%| O|  |TAMS 0x0000000080ae2200, 0x0000000080a00000| Untracked 
|  11|0x0000000080b00000, 0x0000000080c00000, 0x0000000080c00000|100%| O|  |TAMS 0x0000000080c00000, 0x0000000080b00000| Untracked 
|  12|0x0000000080c00000, 0x0000000080d00000, 0x0000000080d00000|100%| O|  |TAMS 0x0000000080d00000, 0x0000000080c00000| Untracked 
|  13|0x0000000080d00000, 0x0000000080e00000, 0x0000000080e00000|100%| O|  |TAMS 0x0000000080e00000, 0x0000000080d00000| Untracked 
|  14|0x0000000080e00000, 0x0000000080f00000, 0x0000000080f00000|100%| O|  |TAMS 0x0000000080f00000, 0x0000000080e00000| Untracked 
|  15|0x0000000080f00000, 0x0000000081000000, 0x0000000081000000|100%| O|  |TAMS 0x0000000081000000, 0x0000000080f00000| Untracked 
|  16|0x0000000081000000, 0x0000000081100000, 0x0000000081100000|100%| O|  |TAMS 0x0000000081100000, 0x0000000081000000| Untracked 
|  17|0x0000000081100000, 0x0000000081200000, 0x0000000081200000|100%| O|  |TAMS 0x0000000081200000, 0x0000000081100000| Untracked 
|  18|0x0000000081200000, 0x0000000081300000, 0x0000000081300000|100%| O|  |TAMS 0x0000000081300000, 0x0000000081200000| Untracked 
|  19|0x0000000081300000, 0x0000000081400000, 0x0000000081400000|100%| O|  |TAMS 0x0000000081400000, 0x0000000081300000| Untracked 
|  20|0x0000000081400000, 0x0000000081500000, 0x0000000081500000|100%| O|  |TAMS 0x0000000081500000, 0x0000000081400000| Untracked 
|  21|0x0000000081500000, 0x0000000081600000, 0x0000000081600000|100%| O|  |TAMS 0x0000000081600000, 0x0000000081500000| Untracked 
|  22|0x0000000081600000, 0x0000000081700000, 0x0000000081700000|100%| O|  |TAMS 0x0000000081700000, 0x0000000081600000| Untracked 
|  23|0x0000000081700000, 0x0000000081800000, 0x0000000081800000|100%| O|  |TAMS 0x0000000081800000, 0x0000000081700000| Untracked 
|  24|0x0000000081800000, 0x0000000081900000, 0x0000000081900000|100%| O|  |TAMS 0x0000000081900000, 0x0000000081800000| Untracked 
|  25|0x0000000081900000, 0x0000000081a00000, 0x0000000081a00000|100%| O|  |TAMS 0x0000000081a00000, 0x0000000081900000| Untracked 
|  26|0x0000000081a00000, 0x0000000081b00000, 0x0000000081b00000|100%| O|  |TAMS 0x0000000081b00000, 0x0000000081a00000| Untracked 
|  27|0x0000000081b00000, 0x0000000081c00000, 0x0000000081c00000|100%| O|  |TAMS 0x0000000081c00000, 0x0000000081b00000| Untracked 
|  28|0x0000000081c00000, 0x0000000081d00000, 0x0000000081d00000|100%| O|  |TAMS 0x0000000081d00000, 0x0000000081c00000| Untracked 
|  29|0x0000000081d00000, 0x0000000081e00000, 0x0000000081e00000|100%| O|  |TAMS 0x0000000081e00000, 0x0000000081d00000| Untracked 
|  30|0x0000000081e00000, 0x0000000081f00000, 0x0000000081f00000|100%|HS|  |TAMS 0x0000000081f00000, 0x0000000081e00000| Complete 
|  31|0x0000000081f00000, 0x0000000082000000, 0x0000000082000000|100%| O|  |TAMS 0x0000000082000000, 0x0000000081f00000| Untracked 
|  32|0x0000000082000000, 0x0000000082100000, 0x0000000082100000|100%| O|  |TAMS 0x0000000082100000, 0x0000000082000000| Untracked 
|  33|0x0000000082100000, 0x0000000082200000, 0x0000000082200000|100%| O|  |TAMS 0x00000000821f0800, 0x0000000082100000| Untracked 
|  34|0x0000000082200000, 0x0000000082300000, 0x0000000082300000|100%| O|  |TAMS 0x0000000082300000, 0x0000000082200000| Untracked 
|  35|0x0000000082300000, 0x0000000082400000, 0x0000000082400000|100%| O|  |TAMS 0x0000000082400000, 0x0000000082300000| Untracked 
|  36|0x0000000082400000, 0x0000000082500000, 0x0000000082500000|100%| O|  |TAMS 0x0000000082500000, 0x0000000082400000| Untracked 
|  37|0x0000000082500000, 0x0000000082600000, 0x0000000082600000|100%| O|  |TAMS 0x0000000082600000, 0x0000000082500000| Untracked 
|  38|0x0000000082600000, 0x0000000082700000, 0x0000000082700000|100%| O|  |TAMS 0x0000000082700000, 0x0000000082600000| Untracked 
|  39|0x0000000082700000, 0x0000000082800000, 0x0000000082800000|100%| O|  |TAMS 0x0000000082800000, 0x0000000082700000| Untracked 
|  40|0x0000000082800000, 0x0000000082900000, 0x0000000082900000|100%| O|  |TAMS 0x0000000082800000, 0x0000000082800000| Untracked 
|  41|0x0000000082900000, 0x0000000082a00000, 0x0000000082a00000|100%| O|  |TAMS 0x0000000082900000, 0x0000000082900000| Untracked 
|  42|0x0000000082a00000, 0x0000000082af1200, 0x0000000082b00000| 94%| O|  |TAMS 0x0000000082a00000, 0x0000000082a00000| Untracked 
|  43|0x0000000082b00000, 0x0000000082c00000, 0x0000000082c00000|100%| O|  |TAMS 0x0000000082c00000, 0x0000000082b00000| Untracked 
|  44|0x0000000082c00000, 0x0000000082d00000, 0x0000000082d00000|100%|HS|  |TAMS 0x0000000082d00000, 0x0000000082c00000| Complete 
|  45|0x0000000082d00000, 0x0000000082e00000, 0x0000000082e00000|100%|HS|  |TAMS 0x0000000082e00000, 0x0000000082d00000| Complete 
|  46|0x0000000082e00000, 0x0000000082f00000, 0x0000000082f00000|100%|HS|  |TAMS 0x0000000082f00000, 0x0000000082e00000| Complete 
|  47|0x0000000082f00000, 0x0000000083000000, 0x0000000083000000|100%|HC|  |TAMS 0x0000000083000000, 0x0000000082f00000| Complete 
|  48|0x0000000083000000, 0x0000000083100000, 0x0000000083100000|100%|HS|  |TAMS 0x0000000083100000, 0x0000000083000000| Complete 
|  49|0x0000000083100000, 0x0000000083200000, 0x0000000083200000|100%|HC|  |TAMS 0x0000000083200000, 0x0000000083100000| Complete 
|  50|0x0000000083200000, 0x0000000083300000, 0x0000000083300000|100%|HS|  |TAMS 0x0000000083300000, 0x0000000083200000| Complete 
|  51|0x0000000083300000, 0x0000000083400000, 0x0000000083400000|100%|HS|  |TAMS 0x0000000083400000, 0x0000000083300000| Complete 
|  52|0x0000000083400000, 0x0000000083500000, 0x0000000083500000|100%|HC|  |TAMS 0x0000000083500000, 0x0000000083400000| Complete 
|  53|0x0000000083500000, 0x0000000083600000, 0x0000000083600000|100%|HC|  |TAMS 0x0000000083600000, 0x0000000083500000| Complete 
|  54|0x0000000083600000, 0x0000000083700000, 0x0000000083700000|100%|HC|  |TAMS 0x0000000083700000, 0x0000000083600000| Complete 
|  55|0x0000000083700000, 0x0000000083800000, 0x0000000083800000|100%|HS|  |TAMS 0x0000000083800000, 0x0000000083700000| Complete 
|  56|0x0000000083800000, 0x0000000083900000, 0x0000000083900000|100%|HS|  |TAMS 0x0000000083900000, 0x0000000083800000| Complete 
|  57|0x0000000083900000, 0x0000000083a00000, 0x0000000083a00000|100%| O|  |TAMS 0x0000000083a00000, 0x0000000083900000| Untracked 
|  58|0x0000000083a00000, 0x0000000083b00000, 0x0000000083b00000|100%| O|  |TAMS 0x0000000083b00000, 0x0000000083a00000| Untracked 
|  59|0x0000000083b00000, 0x0000000083c00000, 0x0000000083c00000|100%| O|  |TAMS 0x0000000083c00000, 0x0000000083b00000| Untracked 
|  60|0x0000000083c00000, 0x0000000083c00000, 0x0000000083d00000|  0%| F|  |TAMS 0x0000000083c00000, 0x0000000083c00000| Untracked 
|  61|0x0000000083d00000, 0x0000000083e00000, 0x0000000083e00000|100%| O|  |TAMS 0x0000000083e00000, 0x0000000083d00000| Untracked 
|  62|0x0000000083e00000, 0x0000000083f00000, 0x0000000083f00000|100%| O|  |TAMS 0x0000000083f00000, 0x0000000083e00000| Untracked 
|  63|0x0000000083f00000, 0x0000000084000000, 0x0000000084000000|100%| O|  |TAMS 0x0000000084000000, 0x0000000083f00000| Untracked 
|  64|0x0000000084000000, 0x0000000084100000, 0x0000000084100000|100%| O|  |TAMS 0x0000000084100000, 0x0000000084000000| Untracked 
|  65|0x0000000084100000, 0x0000000084200000, 0x0000000084200000|100%| O|  |TAMS 0x0000000084200000, 0x0000000084100000| Untracked 
|  66|0x0000000084200000, 0x0000000084200000, 0x0000000084300000|  0%| F|  |TAMS 0x0000000084200000, 0x0000000084200000| Untracked 
|  67|0x0000000084300000, 0x0000000084300000, 0x0000000084400000|  0%| F|  |TAMS 0x0000000084300000, 0x0000000084300000| Untracked 
|  68|0x0000000084400000, 0x0000000084400000, 0x0000000084500000|  0%| F|  |TAMS 0x0000000084400000, 0x0000000084400000| Untracked 
|  69|0x0000000084500000, 0x0000000084500000, 0x0000000084600000|  0%| F|  |TAMS 0x0000000084500000, 0x0000000084500000| Untracked 
|  70|0x0000000084600000, 0x0000000084600000, 0x0000000084700000|  0%| F|  |TAMS 0x0000000084600000, 0x0000000084600000| Untracked 
|  71|0x0000000084700000, 0x0000000084700000, 0x0000000084800000|  0%| F|  |TAMS 0x0000000084700000, 0x0000000084700000| Untracked 
|  72|0x0000000084800000, 0x0000000084800000, 0x0000000084900000|  0%| F|  |TAMS 0x0000000084800000, 0x0000000084800000| Untracked 
|  73|0x0000000084900000, 0x0000000084900000, 0x0000000084a00000|  0%| F|  |TAMS 0x0000000084900000, 0x0000000084900000| Untracked 
|  74|0x0000000084a00000, 0x0000000084a00000, 0x0000000084b00000|  0%| F|  |TAMS 0x0000000084a00000, 0x0000000084a00000| Untracked 
|  75|0x0000000084b00000, 0x0000000084b00000, 0x0000000084c00000|  0%| F|  |TAMS 0x0000000084b00000, 0x0000000084b00000| Untracked 
|  76|0x0000000084c00000, 0x0000000084c00000, 0x0000000084d00000|  0%| F|  |TAMS 0x0000000084c00000, 0x0000000084c00000| Untracked 
|  77|0x0000000084d00000, 0x0000000084d00000, 0x0000000084e00000|  0%| F|  |TAMS 0x0000000084d00000, 0x0000000084d00000| Untracked 
|  78|0x0000000084e00000, 0x0000000084e00000, 0x0000000084f00000|  0%| F|  |TAMS 0x0000000084e00000, 0x0000000084e00000| Untracked 
|  79|0x0000000084f00000, 0x0000000084f00000, 0x0000000085000000|  0%| F|  |TAMS 0x0000000084f00000, 0x0000000084f00000| Untracked 
|  80|0x0000000085000000, 0x0000000085000000, 0x0000000085100000|  0%| F|  |TAMS 0x0000000085000000, 0x0000000085000000| Untracked 
|  81|0x0000000085100000, 0x0000000085100000, 0x0000000085200000|  0%| F|  |TAMS 0x0000000085100000, 0x0000000085100000| Untracked 
|  82|0x0000000085200000, 0x0000000085200000, 0x0000000085300000|  0%| F|  |TAMS 0x0000000085200000, 0x0000000085200000| Untracked 
|  83|0x0000000085300000, 0x0000000085300000, 0x0000000085400000|  0%| F|  |TAMS 0x0000000085300000, 0x0000000085300000| Untracked 
|  84|0x0000000085400000, 0x0000000085400000, 0x0000000085500000|  0%| F|  |TAMS 0x0000000085400000, 0x0000000085400000| Untracked 
|  85|0x0000000085500000, 0x0000000085500000, 0x0000000085600000|  0%| F|  |TAMS 0x0000000085500000, 0x0000000085500000| Untracked 
|  86|0x0000000085600000, 0x0000000085600000, 0x0000000085700000|  0%| F|  |TAMS 0x0000000085600000, 0x0000000085600000| Untracked 
|  87|0x0000000085700000, 0x0000000085700000, 0x0000000085800000|  0%| F|  |TAMS 0x0000000085700000, 0x0000000085700000| Untracked 
|  88|0x0000000085800000, 0x0000000085800000, 0x0000000085900000|  0%| F|  |TAMS 0x0000000085800000, 0x0000000085800000| Untracked 
|  89|0x0000000085900000, 0x0000000085900000, 0x0000000085a00000|  0%| F|  |TAMS 0x0000000085900000, 0x0000000085900000| Untracked 
|  90|0x0000000085a00000, 0x0000000085a00000, 0x0000000085b00000|  0%| F|  |TAMS 0x0000000085a00000, 0x0000000085a00000| Untracked 
|  91|0x0000000085b00000, 0x0000000085b00000, 0x0000000085c00000|  0%| F|  |TAMS 0x0000000085b00000, 0x0000000085b00000| Untracked 
|  92|0x0000000085c00000, 0x0000000085c00000, 0x0000000085d00000|  0%| F|  |TAMS 0x0000000085c00000, 0x0000000085c00000| Untracked 
|  93|0x0000000085d00000, 0x0000000085d00000, 0x0000000085e00000|  0%| F|  |TAMS 0x0000000085d00000, 0x0000000085d00000| Untracked 
|  94|0x0000000085e00000, 0x0000000085e00000, 0x0000000085f00000|  0%| F|  |TAMS 0x0000000085e00000, 0x0000000085e00000| Untracked 
|  95|0x0000000085f00000, 0x0000000085f00000, 0x0000000086000000|  0%| F|  |TAMS 0x0000000085f00000, 0x0000000085f00000| Untracked 
|  96|0x0000000086000000, 0x0000000086000000, 0x0000000086100000|  0%| F|  |TAMS 0x0000000086000000, 0x0000000086000000| Untracked 
|  97|0x0000000086100000, 0x0000000086100000, 0x0000000086200000|  0%| F|  |TAMS 0x0000000086100000, 0x0000000086100000| Untracked 
|  98|0x0000000086200000, 0x0000000086200000, 0x0000000086300000|  0%| F|  |TAMS 0x0000000086200000, 0x0000000086200000| Untracked 
|  99|0x0000000086300000, 0x0000000086300000, 0x0000000086400000|  0%| F|  |TAMS 0x0000000086300000, 0x0000000086300000| Untracked 
| 100|0x0000000086400000, 0x0000000086400000, 0x0000000086500000|  0%| F|  |TAMS 0x0000000086400000, 0x0000000086400000| Untracked 
| 101|0x0000000086500000, 0x0000000086500000, 0x0000000086600000|  0%| F|  |TAMS 0x0000000086500000, 0x0000000086500000| Untracked 
| 102|0x0000000086600000, 0x0000000086600000, 0x0000000086700000|  0%| F|  |TAMS 0x0000000086600000, 0x0000000086600000| Untracked 
| 103|0x0000000086700000, 0x0000000086700000, 0x0000000086800000|  0%| F|  |TAMS 0x0000000086700000, 0x0000000086700000| Untracked 
| 104|0x0000000086800000, 0x0000000086800000, 0x0000000086900000|  0%| F|  |TAMS 0x0000000086800000, 0x0000000086800000| Untracked 
| 105|0x0000000086900000, 0x0000000086900000, 0x0000000086a00000|  0%| F|  |TAMS 0x0000000086900000, 0x0000000086900000| Untracked 
| 106|0x0000000086a00000, 0x0000000086a00000, 0x0000000086b00000|  0%| F|  |TAMS 0x0000000086a00000, 0x0000000086a00000| Untracked 
| 107|0x0000000086b00000, 0x0000000086b00000, 0x0000000086c00000|  0%| F|  |TAMS 0x0000000086b00000, 0x0000000086b00000| Untracked 
| 108|0x0000000086c00000, 0x0000000086c00000, 0x0000000086d00000|  0%| F|  |TAMS 0x0000000086c00000, 0x0000000086c00000| Untracked 
| 109|0x0000000086d00000, 0x0000000086d00000, 0x0000000086e00000|  0%| F|  |TAMS 0x0000000086d00000, 0x0000000086d00000| Untracked 
| 110|0x0000000086e00000, 0x0000000086e00000, 0x0000000086f00000|  0%| F|  |TAMS 0x0000000086e00000, 0x0000000086e00000| Untracked 
| 111|0x0000000086f00000, 0x0000000086f00000, 0x0000000087000000|  0%| F|  |TAMS 0x0000000086f00000, 0x0000000086f00000| Untracked 
| 112|0x0000000087000000, 0x0000000087000000, 0x0000000087100000|  0%| F|  |TAMS 0x0000000087000000, 0x0000000087000000| Untracked 
| 113|0x0000000087100000, 0x0000000087100000, 0x0000000087200000|  0%| F|  |TAMS 0x0000000087100000, 0x0000000087100000| Untracked 
| 114|0x0000000087200000, 0x0000000087200000, 0x0000000087300000|  0%| F|  |TAMS 0x0000000087200000, 0x0000000087200000| Untracked 
| 115|0x0000000087300000, 0x0000000087300000, 0x0000000087400000|  0%| F|  |TAMS 0x0000000087300000, 0x0000000087300000| Untracked 
| 116|0x0000000087400000, 0x0000000087400000, 0x0000000087500000|  0%| F|  |TAMS 0x0000000087400000, 0x0000000087400000| Untracked 
| 117|0x0000000087500000, 0x0000000087500000, 0x0000000087600000|  0%| F|  |TAMS 0x0000000087500000, 0x0000000087500000| Untracked 
| 118|0x0000000087600000, 0x0000000087600000, 0x0000000087700000|  0%| F|  |TAMS 0x0000000087600000, 0x0000000087600000| Untracked 
| 119|0x0000000087700000, 0x0000000087700000, 0x0000000087800000|  0%| F|  |TAMS 0x0000000087700000, 0x0000000087700000| Untracked 
| 120|0x0000000087800000, 0x0000000087800000, 0x0000000087900000|  0%| F|  |TAMS 0x0000000087800000, 0x0000000087800000| Untracked 
| 121|0x0000000087900000, 0x0000000087900000, 0x0000000087a00000|  0%| F|  |TAMS 0x0000000087900000, 0x0000000087900000| Untracked 
| 122|0x0000000087a00000, 0x0000000087a00000, 0x0000000087b00000|  0%| F|  |TAMS 0x0000000087a00000, 0x0000000087a00000| Untracked 
| 123|0x0000000087b00000, 0x0000000087b00000, 0x0000000087c00000|  0%| F|  |TAMS 0x0000000087b00000, 0x0000000087b00000| Untracked 
| 124|0x0000000087c00000, 0x0000000087c00000, 0x0000000087d00000|  0%| F|  |TAMS 0x0000000087c00000, 0x0000000087c00000| Untracked 
| 125|0x0000000087d00000, 0x0000000087d00000, 0x0000000087e00000|  0%| F|  |TAMS 0x0000000087d00000, 0x0000000087d00000| Untracked 
| 126|0x0000000087e00000, 0x0000000087e00000, 0x0000000087f00000|  0%| F|  |TAMS 0x0000000087e00000, 0x0000000087e00000| Untracked 
| 127|0x0000000087f00000, 0x0000000087f00000, 0x0000000088000000|  0%| F|  |TAMS 0x0000000087f00000, 0x0000000087f00000| Untracked 
| 128|0x0000000088000000, 0x0000000088000000, 0x0000000088100000|  0%| F|  |TAMS 0x0000000088000000, 0x0000000088000000| Untracked 
| 129|0x0000000088100000, 0x0000000088100000, 0x0000000088200000|  0%| F|  |TAMS 0x0000000088100000, 0x0000000088100000| Untracked 
| 130|0x0000000088200000, 0x0000000088200000, 0x0000000088300000|  0%| F|  |TAMS 0x0000000088200000, 0x0000000088200000| Untracked 
| 131|0x0000000088300000, 0x0000000088300000, 0x0000000088400000|  0%| F|  |TAMS 0x0000000088300000, 0x0000000088300000| Untracked 
| 132|0x0000000088400000, 0x0000000088400000, 0x0000000088500000|  0%| F|  |TAMS 0x0000000088400000, 0x0000000088400000| Untracked 
| 133|0x0000000088500000, 0x0000000088500000, 0x0000000088600000|  0%| F|  |TAMS 0x0000000088500000, 0x0000000088500000| Untracked 
| 134|0x0000000088600000, 0x0000000088600000, 0x0000000088700000|  0%| F|  |TAMS 0x0000000088600000, 0x0000000088600000| Untracked 
| 135|0x0000000088700000, 0x0000000088700000, 0x0000000088800000|  0%| F|  |TAMS 0x0000000088700000, 0x0000000088700000| Untracked 
| 136|0x0000000088800000, 0x0000000088800000, 0x0000000088900000|  0%| F|  |TAMS 0x0000000088800000, 0x0000000088800000| Untracked 
| 137|0x0000000088900000, 0x000000008893ea30, 0x0000000088a00000| 24%| S|CS|TAMS 0x0000000088900000, 0x0000000088900000| Complete 
| 138|0x0000000088a00000, 0x0000000088a00000, 0x0000000088b00000|  0%| F|  |TAMS 0x0000000088a00000, 0x0000000088a00000| Untracked 
| 139|0x0000000088b00000, 0x0000000088c00000, 0x0000000088c00000|100%| E|  |TAMS 0x0000000088b00000, 0x0000000088b00000| Complete 
| 140|0x0000000088c00000, 0x0000000088d00000, 0x0000000088d00000|100%| E|CS|TAMS 0x0000000088c00000, 0x0000000088c00000| Complete 
| 141|0x0000000088d00000, 0x0000000088e00000, 0x0000000088e00000|100%| E|CS|TAMS 0x0000000088d00000, 0x0000000088d00000| Complete 

Card table byte_map: [0x0000027b15620000,0x0000027b15a20000] _byte_map_base: 0x0000027b15220000

Marking Bits (Prev, Next): (CMBitMap*) 0x0000027b02d97ea0, (CMBitMap*) 0x0000027b02d97ee0
 Prev Bits: [0x0000027b15e20000, 0x0000027b17e20000)
 Next Bits: [0x0000027b17e20000, 0x0000027b19e20000)

Polling page: 0x0000027b02500000

Metaspace:

Usage:
  Non-class:     54.69 MB used.
      Class:      8.56 MB used.
       Both:     63.25 MB used.

Virtual space:
  Non-class space:       64.00 MB reserved,      55.00 MB ( 86%) committed,  1 nodes.
      Class space:        1.00 GB reserved,       8.81 MB ( <1%) committed,  1 nodes.
             Both:        1.06 GB reserved,      63.81 MB (  6%) committed. 

Chunk freelists:
   Non-Class:  8.66 MB
       Class:  7.00 MB
        Both:  15.66 MB

MaxMetaspaceSize: unlimited
CompressedClassSpaceSize: 1.00 GB
Initial GC threshold: 21.00 MB
Current GC threshold: 99.38 MB
CDS: off
MetaspaceReclaimPolicy: balanced
 - commit_granule_bytes: 65536.
 - commit_granule_words: 8192.
 - virtual_space_node_default_size: 8388608.
 - enlarge_chunks_in_place: 1.
 - new_chunks_are_fully_committed: 0.
 - uncommit_free_chunks: 1.
 - use_allocation_guard: 0.
 - handle_deallocations: 1.


Internal statistics:

num_allocs_failed_limit: 6.
num_arena_births: 746.
num_arena_deaths: 0.
num_vsnodes_births: 2.
num_vsnodes_deaths: 0.
num_space_committed: 1021.
num_space_uncommitted: 0.
num_chunks_returned_to_freelist: 6.
num_chunks_taken_from_freelist: 3030.
num_chunk_merges: 6.
num_chunk_splits: 1981.
num_chunks_enlarged: 1302.
num_inconsistent_stats: 0.

CodeHeap 'non-profiled nmethods': size=120000Kb used=3276Kb max_used=3297Kb free=116724Kb
 bounds [0x0000027b0dcf0000, 0x0000027b0e030000, 0x0000027b15220000]
CodeHeap 'profiled nmethods': size=120000Kb used=12864Kb max_used=12864Kb free=107135Kb
 bounds [0x0000027b06220000, 0x0000027b06ec0000, 0x0000027b0d750000]
CodeHeap 'non-nmethods': size=5760Kb used=1638Kb max_used=1683Kb free=4122Kb
 bounds [0x0000027b0d750000, 0x0000027b0d9c0000, 0x0000027b0dcf0000]
 total_blobs=7495 nmethods=6779 adapters=628
 compilation: enabled
              stopped_count=0, restarted_count=0
 full_count=0

Compilation events (20 events):
Event: 56.482 Thread 0x0000027b1c5092b0 7558       3       sun.management.MemoryPoolImpl::getObjectName (10 bytes)
Event: 56.486 Thread 0x0000027b1c5092b0 nmethod 7558 0x0000027b06ea0810 code [0x0000027b06ea0c00, 0x0000027b06ea28d8]
Event: 56.493 Thread 0x0000027b1c5092b0 7559       3       org.gradle.api.internal.DefaultMutationGuard::isMutationAllowed (21 bytes)
Event: 56.494 Thread 0x0000027b1c5092b0 nmethod 7559 0x0000027b06ea3390 code [0x0000027b06ea3560, 0x0000027b06ea3998]
Event: 56.494 Thread 0x0000027b1c5092b0 7560       3       org.gradle.api.internal.DefaultMutationGuard$GuardState::initialValue (5 bytes)
Event: 56.494 Thread 0x0000027b1c5092b0 nmethod 7560 0x0000027b06ea3b10 code [0x0000027b06ea3ca0, 0x0000027b06ea3e18]
Event: 56.500 Thread 0x0000027b1c5092b0 7561       3       org.gradle.internal.instantiation.generator.AsmBackedClassGenerator$ClassBuilderImpl$37::<init> (403 bytes)
Event: 56.508 Thread 0x0000027b1c5092b0 nmethod 7561 0x0000027b06ea3f10 code [0x0000027b06ea4600, 0x0000027b06ea8f88]
Event: 56.508 Thread 0x0000027b1c5092b0 7562       3       org.gradle.internal.instantiation.generator.AsmBackedClassGenerator$ClassBuilderImpl::access$3600 (4 bytes)
Event: 56.508 Thread 0x0000027b1c5092b0 nmethod 7562 0x0000027b06eaa610 code [0x0000027b06eaa7a0, 0x0000027b06eaa898]
Event: 56.508 Thread 0x0000027b1c5092b0 7563       3       org.gradle.internal.instantiation.generator.AsmBackedClassGenerator$ClassBuilderImpl::access$3800 (4 bytes)
Event: 56.508 Thread 0x0000027b1c5092b0 nmethod 7563 0x0000027b06eaa910 code [0x0000027b06eaaaa0, 0x0000027b06eaab98]
Event: 56.508 Thread 0x0000027b1c5092b0 7564       3       org.gradle.internal.instantiation.generator.AsmBackedClassGenerator$ClassBuilderImpl::access$4000 (4 bytes)
Event: 56.508 Thread 0x0000027b1c5092b0 nmethod 7564 0x0000027b06eaac10 code [0x0000027b06eaada0, 0x0000027b06eaae98]
Event: 56.513 Thread 0x0000027b1c5092b0 7565       3       java.lang.reflect.Method::toShortSignature (78 bytes)
Event: 56.515 Thread 0x0000027b1c5092b0 nmethod 7565 0x0000027b06eaaf10 code [0x0000027b06eab1a0, 0x0000027b06eabb38]
Event: 56.580 Thread 0x0000027b1c5092b0 7566       3       org.objectweb.asm.ByteVector::put112 (80 bytes)
Event: 56.581 Thread 0x0000027b1c5092b0 nmethod 7566 0x0000027b06eabf10 code [0x0000027b06eac0c0, 0x0000027b06eac328]
Event: 56.582 Thread 0x0000027b1c5092b0 7567       1       org.gradle.internal.instantiation.generator.AbstractClassGenerator$PropertyMetadata::access$1300 (5 bytes)
Event: 56.582 Thread 0x0000027b1c5092b0 nmethod 7567 0x0000027b0de24d90 code [0x0000027b0de24f20, 0x0000027b0de24fd8]

GC Heap History (20 events):
Event: 48.028 GC heap before
{Heap before GC invocations=24 (full 0):
 garbage-first heap   total 75776K, used 44521K [0x0000000080000000, 0x0000000100000000)
  region size 1024K, 3 young (3072K), 2 survivors (2048K)
 Metaspace       used 56859K, committed 57408K, reserved 1114112K
  class space    used 7754K, committed 8000K, reserved 1048576K
}
Event: 48.046 GC heap after
{Heap after GC invocations=25 (full 0):
 garbage-first heap   total 75776K, used 44162K [0x0000000080000000, 0x0000000100000000)
  region size 1024K, 1 young (1024K), 1 survivors (1024K)
 Metaspace       used 56859K, committed 57408K, reserved 1114112K
  class space    used 7754K, committed 8000K, reserved 1048576K
}
Event: 48.849 GC heap before
{Heap before GC invocations=25 (full 0):
 garbage-first heap   total 75776K, used 57474K [0x0000000080000000, 0x0000000100000000)
  region size 1024K, 15 young (15360K), 1 survivors (1024K)
 Metaspace       used 57157K, committed 57728K, reserved 1114112K
  class space    used 7789K, committed 8064K, reserved 1048576K
}
Event: 48.864 GC heap after
{Heap after GC invocations=26 (full 0):
 garbage-first heap   total 75776K, used 46320K [0x0000000080000000, 0x0000000100000000)
  region size 1024K, 2 young (2048K), 2 survivors (2048K)
 Metaspace       used 57157K, committed 57728K, reserved 1114112K
  class space    used 7789K, committed 8064K, reserved 1048576K
}
Event: 50.422 GC heap before
{Heap before GC invocations=27 (full 0):
 garbage-first heap   total 83968K, used 71920K [0x0000000080000000, 0x0000000100000000)
  region size 1024K, 15 young (15360K), 2 survivors (2048K)
 Metaspace       used 57523K, committed 58112K, reserved 1114112K
  class space    used 7843K, committed 8128K, reserved 1048576K
}
Event: 50.447 GC heap after
{Heap after GC invocations=28 (full 0):
 garbage-first heap   total 83968K, used 64863K [0x0000000080000000, 0x0000000100000000)
  region size 1024K, 2 young (2048K), 2 survivors (2048K)
 Metaspace       used 57523K, committed 58112K, reserved 1114112K
  class space    used 7843K, committed 8128K, reserved 1048576K
}
Event: 50.594 GC heap before
{Heap before GC invocations=28 (full 0):
 garbage-first heap   total 83968K, used 66911K [0x0000000080000000, 0x0000000100000000)
  region size 1024K, 4 young (4096K), 2 survivors (2048K)
 Metaspace       used 57680K, committed 58240K, reserved 1114112K
  class space    used 7864K, committed 8128K, reserved 1048576K
}
Event: 50.605 GC heap after
{Heap after GC invocations=29 (full 0):
 garbage-first heap   total 83968K, used 63460K [0x0000000080000000, 0x0000000100000000)
  region size 1024K, 1 young (1024K), 1 survivors (1024K)
 Metaspace       used 57680K, committed 58240K, reserved 1114112K
  class space    used 7864K, committed 8128K, reserved 1048576K
}
Event: 50.886 GC heap before
{Heap before GC invocations=29 (full 0):
 garbage-first heap   total 83968K, used 67556K [0x0000000080000000, 0x0000000100000000)
  region size 1024K, 6 young (6144K), 1 survivors (1024K)
 Metaspace       used 58098K, committed 58624K, reserved 1114112K
  class space    used 7939K, committed 8192K, reserved 1048576K
}
Event: 50.890 GC heap after
{Heap after GC invocations=30 (full 0):
 garbage-first heap   total 83968K, used 63787K [0x0000000080000000, 0x0000000100000000)
  region size 1024K, 1 young (1024K), 1 survivors (1024K)
 Metaspace       used 58098K, committed 58624K, reserved 1114112K
  class space    used 7939K, committed 8192K, reserved 1048576K
}
Event: 51.425 GC heap before
{Heap before GC invocations=31 (full 0):
 garbage-first heap   total 109568K, used 68907K [0x0000000080000000, 0x0000000100000000)
  region size 1024K, 6 young (6144K), 1 survivors (1024K)
 Metaspace       used 58480K, committed 59008K, reserved 1114112K
  class space    used 7985K, committed 8256K, reserved 1048576K
}
Event: 51.430 GC heap after
{Heap after GC invocations=32 (full 0):
 garbage-first heap   total 109568K, used 63970K [0x0000000080000000, 0x0000000100000000)
  region size 1024K, 1 young (1024K), 1 survivors (1024K)
 Metaspace       used 58480K, committed 59008K, reserved 1114112K
  class space    used 7985K, committed 8256K, reserved 1048576K
}
Event: 51.661 GC heap before
{Heap before GC invocations=32 (full 0):
 garbage-first heap   total 109568K, used 67042K [0x0000000080000000, 0x0000000100000000)
  region size 1024K, 5 young (5120K), 1 survivors (1024K)
 Metaspace       used 58710K, committed 59328K, reserved 1114112K
  class space    used 8009K, committed 8256K, reserved 1048576K
}
Event: 51.668 GC heap after
{Heap after GC invocations=33 (full 0):
 garbage-first heap   total 109568K, used 64014K [0x0000000080000000, 0x0000000100000000)
  region size 1024K, 1 young (1024K), 1 survivors (1024K)
 Metaspace       used 58710K, committed 59328K, reserved 1114112K
  class space    used 8009K, committed 8256K, reserved 1048576K
}
Event: 53.259 GC heap before
{Heap before GC invocations=33 (full 0):
 garbage-first heap   total 109568K, used 84494K [0x0000000080000000, 0x0000000100000000)
  region size 1024K, 20 young (20480K), 1 survivors (1024K)
 Metaspace       used 60194K, committed 60736K, reserved 1114112K
  class space    used 8211K, committed 8448K, reserved 1048576K
}
Event: 53.266 GC heap after
{Heap after GC invocations=34 (full 0):
 garbage-first heap   total 145408K, used 65605K [0x0000000080000000, 0x0000000100000000)
  region size 1024K, 2 young (2048K), 2 survivors (2048K)
 Metaspace       used 60194K, committed 60736K, reserved 1114112K
  class space    used 8211K, committed 8448K, reserved 1048576K
}
Event: 55.969 GC heap before
{Heap before GC invocations=35 (full 0):
 garbage-first heap   total 145408K, used 105541K [0x0000000080000000, 0x0000000100000000)
  region size 1024K, 41 young (41984K), 2 survivors (2048K)
 Metaspace       used 64096K, committed 64704K, reserved 1114112K
  class space    used 8659K, committed 8960K, reserved 1048576K
}
Event: 55.978 GC heap after
{Heap after GC invocations=36 (full 0):
 garbage-first heap   total 145408K, used 66814K [0x0000000080000000, 0x0000000100000000)
  region size 1024K, 3 young (3072K), 3 survivors (3072K)
 Metaspace       used 64096K, committed 64704K, reserved 1114112K
  class space    used 8659K, committed 8960K, reserved 1048576K
}
Event: 56.396 GC heap before
{Heap before GC invocations=36 (full 0):
 garbage-first heap   total 145408K, used 70910K [0x0000000080000000, 0x0000000100000000)
  region size 1024K, 7 young (7168K), 3 survivors (3072K)
 Metaspace       used 64548K, committed 65152K, reserved 1114112K
  class space    used 8721K, committed 9024K, reserved 1048576K
}
Event: 56.404 GC heap after
{Heap after GC invocations=37 (full 0):
 garbage-first heap   total 145408K, used 66631K [0x0000000080000000, 0x0000000100000000)
  region size 1024K, 1 young (1024K), 1 survivors (1024K)
 Metaspace       used 64548K, committed 65152K, reserved 1114112K
  class space    used 8721K, committed 9024K, reserved 1048576K
}

Dll operation events (3 events):
Event: 0.090 Loaded shared library C:\Users\Zack Githui\AppData\Local\Programs\Android Studio\jbr\bin\java.dll
Event: 1.018 Loaded shared library C:\Users\Zack Githui\AppData\Local\Programs\Android Studio\jbr\bin\zip.dll
Event: 2.943 Loaded shared library C:\Users\Zack Githui\AppData\Local\Programs\Android Studio\jbr\bin\verify.dll

Deoptimization events (20 events):
Event: 55.877 Thread 0x0000027b2257fee0 Uncommon trap: trap_request=0xffffffde fr.pc=0x0000027b0dfa42b0 relative=0x0000000000006350
Event: 55.877 Thread 0x0000027b2257fee0 Uncommon trap: reason=class_check action=maybe_recompile pc=0x0000027b0dfa42b0 method=java.util.jar.JarFile.getManifestFromReference()Ljava/util/jar/Manifest; @ 152 c2
Event: 55.877 Thread 0x0000027b2257fee0 DEOPT PACKING pc=0x0000027b0dfa42b0 sp=0x000000f71f5f5a10
Event: 55.877 Thread 0x0000027b2257fee0 DEOPT UNPACKING pc=0x0000027b0d7a69a3 sp=0x000000f71f5f5868 mode 2
Event: 56.235 Thread 0x0000027b2257fee0 Uncommon trap: trap_request=0xffffffde fr.pc=0x0000027b0dfaa6bc relative=0x000000000000003c
Event: 56.235 Thread 0x0000027b2257fee0 Uncommon trap: reason=class_check action=maybe_recompile pc=0x0000027b0dfaa6bc method=java.lang.StringConcatHelper.stringOf(Ljava/lang/Object;)Ljava/lang/String; @ 5 c2
Event: 56.235 Thread 0x0000027b2257fee0 DEOPT PACKING pc=0x0000027b0dfaa6bc sp=0x000000f71f5f75f0
Event: 56.235 Thread 0x0000027b2257fee0 DEOPT UNPACKING pc=0x0000027b0d7a69a3 sp=0x000000f71f5f7580 mode 2
Event: 56.236 Thread 0x0000027b2257fee0 Uncommon trap: trap_request=0xffffffde fr.pc=0x0000027b0dfaa6bc relative=0x000000000000003c
Event: 56.236 Thread 0x0000027b2257fee0 Uncommon trap: reason=class_check action=maybe_recompile pc=0x0000027b0dfaa6bc method=java.lang.StringConcatHelper.stringOf(Ljava/lang/Object;)Ljava/lang/String; @ 5 c2
Event: 56.236 Thread 0x0000027b2257fee0 DEOPT PACKING pc=0x0000027b0dfaa6bc sp=0x000000f71f5f75f0
Event: 56.236 Thread 0x0000027b2257fee0 DEOPT UNPACKING pc=0x0000027b0d7a69a3 sp=0x000000f71f5f7580 mode 2
Event: 56.236 Thread 0x0000027b2257fee0 Uncommon trap: trap_request=0xffffffde fr.pc=0x0000027b0dfaa6bc relative=0x000000000000003c
Event: 56.236 Thread 0x0000027b2257fee0 Uncommon trap: reason=class_check action=maybe_recompile pc=0x0000027b0dfaa6bc method=java.lang.StringConcatHelper.stringOf(Ljava/lang/Object;)Ljava/lang/String; @ 5 c2
Event: 56.236 Thread 0x0000027b2257fee0 DEOPT PACKING pc=0x0000027b0dfaa6bc sp=0x000000f71f5f75f0
Event: 56.236 Thread 0x0000027b2257fee0 DEOPT UNPACKING pc=0x0000027b0d7a69a3 sp=0x000000f71f5f7580 mode 2
Event: 56.236 Thread 0x0000027b2257fee0 Uncommon trap: trap_request=0xffffffde fr.pc=0x0000027b0dfaa6bc relative=0x000000000000003c
Event: 56.236 Thread 0x0000027b2257fee0 Uncommon trap: reason=class_check action=maybe_recompile pc=0x0000027b0dfaa6bc method=java.lang.StringConcatHelper.stringOf(Ljava/lang/Object;)Ljava/lang/String; @ 5 c2
Event: 56.236 Thread 0x0000027b2257fee0 DEOPT PACKING pc=0x0000027b0dfaa6bc sp=0x000000f71f5f75f0
Event: 56.236 Thread 0x0000027b2257fee0 DEOPT UNPACKING pc=0x0000027b0d7a69a3 sp=0x000000f71f5f7580 mode 2

Classes unloaded (0 events):
No events

Classes redefined (0 events):
No events

Internal exceptions (20 events):
Event: 34.287 Thread 0x0000027b2257fee0 Exception <a 'java/lang/NoSuchMethodError'{0x00000000830f5a98}: 'java.lang.Object java.lang.invoke.DirectMethodHandle$Holder.invokeSpecial(java.lang.Object, java.lang.Object, java.lang.Object, java.lang.Object, java.lang.Object, java.lang.Object, int)'> (0x00000000830f5a98) 
thrown [s\src\hotspot\share\interpreter\linkResolver.cpp, line 771]
Event: 34.288 Thread 0x0000027b2257fee0 Exception <a 'java/lang/NoSuchMethodError'{0x00000000830fa878}: 'java.lang.Object java.lang.invoke.Invokers$Holder.linkToTargetMethod(java.lang.Object, java.lang.Object, java.lang.Object, java.lang.Object, int, java.lang.Object)'> (0x00000000830fa878) 
thrown [s\src\hotspot\share\interpreter\linkResolver.cpp, line 771]
Event: 34.306 Thread 0x0000027b2257fee0 Exception <a 'java/lang/NoSuchMethodError'{0x0000000082f2d2f8}: 'java.lang.Object java.lang.invoke.DirectMethodHandle$Holder.invokeSpecial(java.lang.Object, java.lang.Object, java.lang.Object, java.lang.Object, java.lang.Object, long)'> (0x0000000082f2d2f8) 
thrown [s\src\hotspot\share\interpreter\linkResolver.cpp, line 771]
Event: 34.315 Thread 0x0000027b2257fee0 Exception <a 'java/lang/NoSuchMethodError'{0x0000000082f4f8d0}: 'void java.lang.invoke.DirectMethodHandle$Holder.invokeStatic(java.lang.Object, java.lang.Object, java.lang.Object, int, java.lang.Object)'> (0x0000000082f4f8d0) 
thrown [s\src\hotspot\share\interpreter\linkResolver.cpp, line 771]
Event: 38.194 Thread 0x0000027b2257fee0 Exception <a 'java/lang/NoSuchMethodError'{0x00000000833a5db8}: 'java.lang.Object java.lang.invoke.DirectMethodHandle$Holder.newInvokeSpecial(java.lang.Object, java.lang.Object, java.lang.Object, java.lang.Object, int, java.lang.Object)'> (0x00000000833a5db8) 
thrown [s\src\hotspot\share\interpreter\linkResolver.cpp, line 771]
Event: 38.195 Thread 0x0000027b2257fee0 Exception <a 'java/lang/NoSuchMethodError'{0x00000000833ab110}: 'java.lang.Object java.lang.invoke.Invokers$Holder.linkToTargetMethod(java.lang.Object, java.lang.Object, java.lang.Object, int, java.lang.Object, java.lang.Object)'> (0x00000000833ab110) 
thrown [s\src\hotspot\share\interpreter\linkResolver.cpp, line 771]
Event: 48.418 Thread 0x0000027b2257fee0 Exception <a 'java/lang/NoSuchMethodError'{0x00000000846a92c0}: 'long java.lang.invoke.DirectMethodHandle$Holder.invokeVirtual(java.lang.Object, java.lang.Object)'> (0x00000000846a92c0) 
thrown [s\src\hotspot\share\interpreter\linkResolver.cpp, line 771]
Event: 48.430 Thread 0x0000027b2156f010 Exception <a 'java/lang/NoSuchMethodError'{0x00000000846d87a8}: static Lorg/gradle/internal/build/event/types/DefaultOperationFinishedProgressEvent;.<clinit>()V> (0x00000000846d87a8) 
thrown [s\src\hotspot\share\prims\jni.cpp, line 1108]
Event: 48.435 Thread 0x0000027b2156f010 Exception <a 'java/lang/NoSuchMethodError'{0x0000000084503070}: static Lorg/gradle/internal/build/event/types/DefaultProjectConfigurationSuccessResult;.<clinit>()V> (0x0000000084503070) 
thrown [s\src\hotspot\share\prims\jni.cpp, line 1108]
Event: 48.436 Thread 0x0000027b2156f010 Exception <a 'java/lang/NoSuchMethodError'{0x0000000084507f38}: static Lorg/gradle/internal/build/event/types/AbstractProjectConfigurationResult;.<clinit>()V> (0x0000000084507f38) 
thrown [s\src\hotspot\share\prims\jni.cpp, line 1108]
Event: 48.436 Thread 0x0000027b2156f010 Exception <a 'java/lang/NoSuchMethodError'{0x0000000084509678}: static Lorg/gradle/internal/build/event/types/AbstractOperationResult;.<clinit>()V> (0x0000000084509678) 
thrown [s\src\hotspot\share\prims\jni.cpp, line 1108]
Event: 48.436 Thread 0x0000027b2156f010 Exception <a 'java/lang/NoSuchMethodError'{0x000000008450aae8}: static Lorg/gradle/internal/build/event/types/AbstractResult;.<clinit>()V> (0x000000008450aae8) 
thrown [s\src\hotspot\share\prims\jni.cpp, line 1108]
Event: 48.440 Thread 0x0000027b2156f010 Exception <a 'java/lang/NoSuchMethodError'{0x0000000084523a38}: static Lorg/gradle/internal/build/event/types/DefaultPluginApplicationResult;.<clinit>()V> (0x0000000084523a38) 
thrown [s\src\hotspot\share\prims\jni.cpp, line 1108]
Event: 48.451 Thread 0x0000027b2156f010 Exception <a 'java/lang/NoSuchMethodError'{0x0000000084542a70}: static Lorg/gradle/internal/build/event/types/DefaultBinaryPluginIdentifier;.<clinit>()V> (0x0000000084542a70) 
thrown [s\src\hotspot\share\prims\jni.cpp, line 1108]
Event: 48.455 Thread 0x0000027b2156f010 Exception <a 'java/lang/NoSuchMethodError'{0x000000008455d580}: static Lorg/gradle/internal/build/event/types/DefaultScriptPluginIdentifier;.<clinit>()V> (0x000000008455d580) 
thrown [s\src\hotspot\share\prims\jni.cpp, line 1108]
Event: 50.259 Thread 0x0000027b2257fee0 Exception <a 'java/lang/NoSuchMethodError'{0x0000000084693700}: 'void java.lang.invoke.Invokers$Holder.invoke_MT(java.lang.Object, java.lang.Object, java.lang.Object, java.lang.Object)'> (0x0000000084693700) 
thrown [s\src\hotspot\share\interpreter\linkResolver.cpp, line 771]
Event: 50.302 Thread 0x0000027b2257fee0 Exception <a 'java/lang/NoSuchMethodError'{0x00000000846dd6e0}: 'java.lang.Object java.lang.invoke.DirectMethodHandle$Holder.invokeSpecial(java.lang.Object, java.lang.Object, java.lang.Object, int, java.lang.Object, java.lang.Object)'> (0x00000000846dd6e0) 
thrown [s\src\hotspot\share\interpreter\linkResolver.cpp, line 771]
Event: 50.521 Thread 0x0000027b2257fee0 Exception <a 'java/lang/ClassNotFoundException'{0x0000000087ff9dd8}: sun/misc/SharedSecrets> (0x0000000087ff9dd8) 
thrown [s\src\hotspot\share\classfile\systemDictionary.cpp, line 256]
Event: 50.521 Thread 0x0000027b2257fee0 Exception <a 'java/lang/ClassNotFoundException'{0x0000000085002810}: org/gradle/api/internal/plugins/DefaultObjectConfigurationActionBeanInfo> (0x0000000085002810) 
thrown [s\src\hotspot\share\classfile\systemDictionary.cpp, line 256]
Event: 50.524 Thread 0x0000027b2257fee0 Exception <a 'java/lang/ClassNotFoundException'{0x0000000085019ca8}: org/gradle/api/internal/plugins/DefaultObjectConfigurationActionCustomizer> (0x0000000085019ca8) 
thrown [s\src\hotspot\share\classfile\systemDictionary.cpp, line 256]

VM Operations (20 events):
Event: 51.425 Executing VM operation: G1CollectForAllocation
Event: 51.430 Executing VM operation: G1CollectForAllocation done
Event: 51.661 Executing VM operation: G1CollectForAllocation
Event: 51.668 Executing VM operation: G1CollectForAllocation done
Event: 52.679 Executing VM operation: Cleanup
Event: 52.685 Executing VM operation: Cleanup done
Event: 53.259 Executing VM operation: G1CollectForAllocation
Event: 53.272 Executing VM operation: G1CollectForAllocation done
Event: 53.445 Executing VM operation: G1PauseRemark
Event: 53.471 Executing VM operation: G1PauseRemark done
Event: 53.559 Executing VM operation: G1PauseCleanup
Event: 53.560 Executing VM operation: G1PauseCleanup done
Event: 54.567 Executing VM operation: Cleanup
Event: 54.591 Executing VM operation: Cleanup done
Event: 55.596 Executing VM operation: Cleanup
Event: 55.597 Executing VM operation: Cleanup done
Event: 55.969 Executing VM operation: G1CollectForAllocation
Event: 55.978 Executing VM operation: G1CollectForAllocation done
Event: 56.396 Executing VM operation: G1CollectForAllocation
Event: 56.407 Executing VM operation: G1CollectForAllocation done

Events (20 events):
Event: 55.306 loading class java/time/format/DateTimeFormatterBuilder$FractionPrinterParser
Event: 55.306 loading class java/time/format/DateTimeFormatterBuilder$FractionPrinterParser done
Event: 55.306 loading class java/time/format/DateTimeFormatterBuilder$ZoneIdPrinterParser
Event: 55.307 loading class java/time/format/DateTimeFormatterBuilder$ZoneIdPrinterParser done
Event: 55.307 loading class java/time/format/DateTimeFormatterBuilder$StringLiteralPrinterParser
Event: 55.307 loading class java/time/format/DateTimeFormatterBuilder$StringLiteralPrinterParser done
Event: 55.308 loading class java/time/format/DateTimeFormatterBuilder$InstantPrinterParser
Event: 55.308 loading class java/time/format/DateTimeFormatterBuilder$InstantPrinterParser done
Event: 55.309 loading class java/time/format/DateTimeTextProvider$LocaleStore
Event: 55.310 loading class java/time/format/DateTimeTextProvider$LocaleStore done
Event: 55.310 loading class java/time/format/DateTimeTextProvider
Event: 55.311 loading class java/time/format/DateTimeTextProvider done
Event: 55.311 loading class java/time/format/DateTimeTextProvider$1
Event: 55.311 loading class java/time/format/DateTimeTextProvider$1 done
Event: 55.312 loading class java/time/format/DateTimeFormatterBuilder$1
Event: 55.312 loading class java/time/format/DateTimeFormatterBuilder$1 done
Event: 55.312 loading class java/time/format/DateTimeFormatterBuilder$TextPrinterParser
Event: 55.313 loading class java/time/format/DateTimeFormatterBuilder$TextPrinterParser done
Event: 55.317 loading class java/util/concurrent/Executors$DefaultThreadFactory
Event: 55.319 loading class java/util/concurrent/Executors$DefaultThreadFactory done


Dynamic libraries:
0x00007ff70e540000 - 0x00007ff70e54a000 	C:\Users\Zack Githui\AppData\Local\Programs\Android Studio\jbr\bin\java.exe
0x00007ff8cdb80000 - 0x00007ff8cdd89000 	C:\Windows\SYSTEM32\ntdll.dll
0x00007ff8cbff0000 - 0x00007ff8cc0ad000 	C:\Windows\System32\KERNEL32.DLL
0x00007ff8cb520000 - 0x00007ff8cb8a4000 	C:\Windows\System32\KERNELBASE.dll
0x00007ff8cb1d0000 - 0x00007ff8cb2e1000 	C:\Windows\System32\ucrtbase.dll
0x00007ff8bfec0000 - 0x00007ff8bfed7000 	C:\Users\Zack Githui\AppData\Local\Programs\Android Studio\jbr\bin\jli.dll
0x00007ff8c4d40000 - 0x00007ff8c4d5b000 	C:\Users\Zack Githui\AppData\Local\Programs\Android Studio\jbr\bin\VCRUNTIME140.dll
0x00007ff8cd8e0000 - 0x00007ff8cda8d000 	C:\Windows\System32\USER32.dll
0x00007ff8cb0b0000 - 0x00007ff8cb0d6000 	C:\Windows\System32\win32u.dll
0x00007ff8cc700000 - 0x00007ff8cc72a000 	C:\Windows\System32\GDI32.dll
0x00007ff8aef30000 - 0x00007ff8af1d5000 	C:\Windows\WinSxS\amd64_microsoft.windows.common-controls_6595b64144ccf1df_6.0.22000.120_none_9d947278b86cc467\COMCTL32.dll
0x00007ff8cb8b0000 - 0x00007ff8cb9ce000 	C:\Windows\System32\gdi32full.dll
0x00007ff8cb010000 - 0x00007ff8cb0ad000 	C:\Windows\System32\msvcp_win.dll
0x00007ff8cc430000 - 0x00007ff8cc4d3000 	C:\Windows\System32\msvcrt.dll
0x00007ff8cda90000 - 0x00007ff8cdac1000 	C:\Windows\System32\IMM32.DLL
0x00007ff8c4d30000 - 0x00007ff8c4d3c000 	C:\Users\Zack Githui\AppData\Local\Programs\Android Studio\jbr\bin\vcruntime140_1.dll
0x00007ff8c4ca0000 - 0x00007ff8c4d2d000 	C:\Users\Zack Githui\AppData\Local\Programs\Android Studio\jbr\bin\msvcp140.dll
0x00007ff865610000 - 0x00007ff866293000 	C:\Users\Zack Githui\AppData\Local\Programs\Android Studio\jbr\bin\server\jvm.dll
0x00007ff8cc730000 - 0x00007ff8cc7de000 	C:\Windows\System32\ADVAPI32.dll
0x00007ff8cd810000 - 0x00007ff8cd8ae000 	C:\Windows\System32\sechost.dll
0x00007ff8cb9d0000 - 0x00007ff8cbaf1000 	C:\Windows\System32\RPCRT4.dll
0x00007ff8cad40000 - 0x00007ff8cad8d000 	C:\Windows\SYSTEM32\POWRPROF.dll
0x00007ff8b8e00000 - 0x00007ff8b8e0a000 	C:\Windows\SYSTEM32\VERSION.dll
0x00007ff8bfd30000 - 0x00007ff8bfd63000 	C:\Windows\SYSTEM32\WINMM.dll
0x00007ff8c8710000 - 0x00007ff8c8719000 	C:\Windows\SYSTEM32\WSOCK32.dll
0x00007ff8cc7e0000 - 0x00007ff8cc84f000 	C:\Windows\System32\WS2_32.dll
0x00007ff8cad20000 - 0x00007ff8cad33000 	C:\Windows\SYSTEM32\UMPDC.dll
0x00007ff8ca040000 - 0x00007ff8ca058000 	C:\Windows\SYSTEM32\kernel.appcore.dll
0x00007ff8c9900000 - 0x00007ff8c990a000 	C:\Users\Zack Githui\AppData\Local\Programs\Android Studio\jbr\bin\jimage.dll
0x00007ff8c2960000 - 0x00007ff8c2b81000 	C:\Windows\SYSTEM32\DBGHELP.DLL
0x00007ff8b8340000 - 0x00007ff8b8371000 	C:\Windows\SYSTEM32\dbgcore.DLL
0x00007ff8cb150000 - 0x00007ff8cb1cf000 	C:\Windows\System32\bcryptPrimitives.dll
0x00007ff8bff00000 - 0x00007ff8bff0e000 	C:\Users\Zack Githui\AppData\Local\Programs\Android Studio\jbr\bin\instrument.dll
0x00007ff8c86e0000 - 0x00007ff8c8705000 	C:\Users\Zack Githui\AppData\Local\Programs\Android Studio\jbr\bin\java.dll
0x00007ff8c40f0000 - 0x00007ff8c4108000 	C:\Users\Zack Githui\AppData\Local\Programs\Android Studio\jbr\bin\zip.dll
0x00007ff8cc8c0000 - 0x00007ff8cd085000 	C:\Windows\System32\SHELL32.dll
0x00007ff8c8f40000 - 0x00007ff8c97a2000 	C:\Windows\SYSTEM32\windows.storage.dll
0x00007ff8cc0b0000 - 0x00007ff8cc426000 	C:\Windows\System32\combase.dll
0x00007ff8c8dd0000 - 0x00007ff8c8f37000 	C:\Windows\SYSTEM32\wintypes.dll
0x00007ff8cd090000 - 0x00007ff8cd17a000 	C:\Windows\System32\SHCORE.dll
0x00007ff8cd7a0000 - 0x00007ff8cd7fd000 	C:\Windows\System32\shlwapi.dll
0x00007ff8caf40000 - 0x00007ff8caf65000 	C:\Windows\SYSTEM32\profapi.dll
0x00007ff8c01e0000 - 0x00007ff8c01f9000 	C:\Users\Zack Githui\AppData\Local\Programs\Android Studio\jbr\bin\net.dll
0x00007ff8bf100000 - 0x00007ff8bf214000 	C:\Windows\SYSTEM32\WINHTTP.dll
0x00007ff8ca4e0000 - 0x00007ff8ca547000 	C:\Windows\system32\mswsock.dll
0x00007ff8c01c0000 - 0x00007ff8c01d6000 	C:\Users\Zack Githui\AppData\Local\Programs\Android Studio\jbr\bin\nio.dll
0x00007ff8c8720000 - 0x00007ff8c8730000 	C:\Users\Zack Githui\AppData\Local\Programs\Android Studio\jbr\bin\verify.dll
0x00007ff8aef00000 - 0x00007ff8aef27000 	C:\Users\Zack Githui\.gradle\native\c067742578af261105cb4f569cf0c3c89f3d7b1fecec35dd04571415982c5e48\windows-amd64\native-platform.dll
0x00007ff8c3240000 - 0x00007ff8c3384000 	C:\Users\Zack Githui\.gradle\native\38dada09dfb8b06ba9b0570ebf7e218e3eb74d4ef43ca46872605cf95ebc2f47\windows-amd64\native-platform-file-events.dll
0x00007ff8c4170000 - 0x00007ff8c4179000 	C:\Users\Zack Githui\AppData\Local\Programs\Android Studio\jbr\bin\management.dll
0x00007ff8c28a0000 - 0x00007ff8c28ab000 	C:\Users\Zack Githui\AppData\Local\Programs\Android Studio\jbr\bin\management_ext.dll
0x00007ff8cd190000 - 0x00007ff8cd198000 	C:\Windows\System32\PSAPI.DLL
0x00007ff8ca820000 - 0x00007ff8ca838000 	C:\Windows\SYSTEM32\CRYPTSP.dll
0x00007ff8c9fa0000 - 0x00007ff8c9fd5000 	C:\Windows\system32\rsaenh.dll
0x00007ff8ca580000 - 0x00007ff8ca5ac000 	C:\Windows\SYSTEM32\USERENV.dll
0x00007ff8ca960000 - 0x00007ff8ca987000 	C:\Windows\SYSTEM32\bcrypt.dll
0x00007ff8ca6d0000 - 0x00007ff8ca6dc000 	C:\Windows\SYSTEM32\CRYPTBASE.dll
0x00007ff8c9b60000 - 0x00007ff8c9b8d000 	C:\Windows\SYSTEM32\IPHLPAPI.DLL
0x00007ff8cd180000 - 0x00007ff8cd189000 	C:\Windows\System32\NSI.dll
0x00007ff8beec0000 - 0x00007ff8beed9000 	C:\Windows\SYSTEM32\dhcpcsvc6.DLL
0x00007ff8bf940000 - 0x00007ff8bf95e000 	C:\Windows\SYSTEM32\dhcpcsvc.DLL
0x00007ff8c9bd0000 - 0x00007ff8c9cb7000 	C:\Windows\SYSTEM32\DNSAPI.dll
0x00007ff8c86d0000 - 0x00007ff8c86d9000 	C:\Users\Zack Githui\AppData\Local\Programs\Android Studio\jbr\bin\extnet.dll
0x00007ff8c36d0000 - 0x00007ff8c36d8000 	C:\Windows\system32\wshunix.dll

dbghelp: loaded successfully - version: 4.0.5 - missing functions: none
symbol engine: initialized successfully - sym options: 0x614 - pdb path: .;C:\Users\Zack Githui\AppData\Local\Programs\Android Studio\jbr\bin;C:\Windows\SYSTEM32;C:\Windows\WinSxS\amd64_microsoft.windows.common-controls_6595b64144ccf1df_6.0.22000.120_none_9d947278b86cc467;C:\Users\Zack Githui\AppData\Local\Programs\Android Studio\jbr\bin\server;C:\Users\Zack Githui\.gradle\native\c067742578af261105cb4f569cf0c3c89f3d7b1fecec35dd04571415982c5e48\windows-amd64;C:\Users\Zack Githui\.gradle\native\38dada09dfb8b06ba9b0570ebf7e218e3eb74d4ef43ca46872605cf95ebc2f47\windows-amd64

VM Arguments:
jvm_args: --add-opens=java.base/java.util=ALL-UNNAMED --add-opens=java.base/java.lang=ALL-UNNAMED --add-opens=java.base/java.lang.invoke=ALL-UNNAMED --add-opens=java.prefs/java.util.prefs=ALL-UNNAMED --add-opens=java.base/java.nio.charset=ALL-UNNAMED --add-opens=java.base/java.net=ALL-UNNAMED --add-opens=java.base/java.util.concurrent.atomic=ALL-UNNAMED -Xmx2048m -Dfile.encoding=UTF-8 -Duser.country=US -Duser.language=en -Duser.variant -javaagent:C:\Users\Zack Githui\.gradle\wrapper\dists\gradle-8.6-bin\afr5mpiioh2wthjmwnkmdsd5w\gradle-8.6\lib\agents\gradle-instrumentation-agent-8.6.jar 
java_command: org.gradle.launcher.daemon.bootstrap.GradleDaemon 8.6
java_class_path (initial): C:\Users\Zack Githui\.gradle\wrapper\dists\gradle-8.6-bin\afr5mpiioh2wthjmwnkmdsd5w\gradle-8.6\lib\gradle-launcher-8.6.jar
Launcher Type: SUN_STANDARD

[Global flags]
     intx CICompilerCount                          = 3                                         {product} {ergonomic}
     uint ConcGCThreads                            = 1                                         {product} {ergonomic}
     uint G1ConcRefinementThreads                  = 4                                         {product} {ergonomic}
   size_t G1HeapRegionSize                         = 1048576                                   {product} {ergonomic}
    uintx GCDrainStackTargetSize                   = 64                                        {product} {ergonomic}
   size_t InitialHeapSize                          = 134217728                                 {product} {ergonomic}
   size_t MarkStackSize                            = 4194304                                   {product} {ergonomic}
   size_t MaxHeapSize                              = 2147483648                                {product} {command line}
   size_t MaxNewSize                               = 1287651328                                {product} {ergonomic}
   size_t MinHeapDeltaBytes                        = 1048576                                   {product} {ergonomic}
   size_t MinHeapSize                              = 8388608                                   {product} {ergonomic}
    uintx NonNMethodCodeHeapSize                   = 5832780                                {pd product} {ergonomic}
    uintx NonProfiledCodeHeapSize                  = 122912730                              {pd product} {ergonomic}
    uintx ProfiledCodeHeapSize                     = 122912730                              {pd product} {ergonomic}
    uintx ReservedCodeCacheSize                    = 251658240                              {pd product} {ergonomic}
     bool SegmentedCodeCache                       = true                                      {product} {ergonomic}
   size_t SoftMaxHeapSize                          = 2147483648                             {manageable} {ergonomic}
     bool UseCompressedClassPointers               = true                           {product lp64_product} {ergonomic}
     bool UseCompressedOops                        = true                           {product lp64_product} {ergonomic}
     bool UseG1GC                                  = true                                      {product} {ergonomic}
     bool UseLargePagesIndividualAllocation        = false                                  {pd product} {ergonomic}

Logging:
Log output configuration:
 #0: stdout all=warning uptime,level,tags
 #1: stderr all=off uptime,level,tags

Environment Variables:
JAVA_HOME=C:\Users\Zack Githui\AppData\Local\Coursier\cache\arc\https\github.com\adoptium\temurin11-binaries\releases\download\jdk-11.0.24%252B8\OpenJDK11U-jdk_x64_windows_hotspot_11.0.24_8.zip\jdk-11.0.24+8
PATH=C:\Windows\system32;C:\Windows;C:\Windows\System32\Wbem;C:\Windows\System32\WindowsPowerShell\v1.0\;C:\Windows\System32\OpenSSH\;C:\Program Files\Git\cmd;C:\Users\zack githui\AppData\Local\Packages\PythonSoftwareFoundation.Python.3.12_qbz5n2kfra8p0\LocalCache\local-packages\Python312\;C:\Users\zack githui\AppData\Local\Packages\PythonSoftwareFoundation.Python.3.12_qbz5n2kfra8p0\LocalCache\local-packages\Python312\Scripts\;C:\Program Files\nodejs\;C:\Program Files\ngrok\;C:\Users\Zack Githui\AppData\Local\Programs\Python\Launcher\;C:\Users\Zack Githui\AppData\Local\Microsoft\WindowsApps;C:\Users\Zack Githui\AppData\Local\Coursier\cache\arc\https\github.com\adoptium\temurin11-binaries\releases\download\jdk-11.0.24%252B8\OpenJDK11U-jdk_x64_windows_hotspot_11.0.24_8.zip\jdk-11.0.24+8\bin;C:\Users\Zack Githui\AppData\Local\Coursier\data\bin;C:\Users\Zack Githui\AppData\Local\JetBrains\Toolbox\scripts;C:\Users\Zack Githui\AppData\Local\Programs\Microsoft VS Code\bin;C:\Users\Zack Githui\AppData\Local\Microsoft\WinGet\Links;C:\Users\Zack Githui\AppData\Roaming\npm
USERNAME=Zack Githui
OS=Windows_NT
PROCESSOR_IDENTIFIER=Intel64 Family 6 Model 78 Stepping 3, GenuineIntel
TMP=C:\Users\ZACKGI~1\AppData\Local\Temp
TEMP=C:\Users\ZACKGI~1\AppData\Local\Temp



Periodic native trim disabled

JNI global refs:
JNI global refs: 25, weak refs: 2

JNI global refs memory usage: 843, weak refs: 841

OOME stack traces (most recent first):
Classloader memory used:
Loader org.gradle.internal.classloader.VisitableURLClassLoader                         : 3610K
Loader bootstrap                                                                       : 2516K
Loader org.gradle.initialization.MixInLegacyTypesClassLoader                           : 1153K
Loader org.gradle.internal.classloader.VisitableURLClassLoader$InstrumentingVisitableURLClassLoader: 681K
Loader jdk.internal.loader.ClassLoaders$PlatformClassLoader                            : 66292B
Loader jdk.internal.reflect.DelegatingClassLoader                                      : 30577B
Loader jdk.internal.loader.ClassLoaders$AppClassLoader                                 : 28740B
Loader org.gradle.internal.classloader.VisitableURLClassLoader                         : 19584B

Classes loaded by more than one classloader:
Class Program                                                                         : loaded 4 times (x 72B)
Class com.google.common.collect.Iterators$MergingIterator                             : loaded 2 times (x 79B)
Class [Lcom.google.common.collect.AbstractMapEntry;                                   : loaded 2 times (x 67B)
Class com.google.common.collect.SingletonImmutableList                                : loaded 2 times (x 167B)
Class com.google.common.cache.CacheLoader$SupplierToCacheLoader                       : loaded 2 times (x 73B)
Class org.gradle.internal.classpath.ClassPath                                         : loaded 2 times (x 68B)
Class com.google.common.cache.RemovalListener                                         : loaded 2 times (x 68B)
Class org.gradle.api.internal.classpath.DefaultModuleRegistry                         : loaded 2 times (x 84B)
Class Settings_gradle$1$1                                                             : loaded 2 times (x 73B)
Class com.google.common.collect.ListMultimap                                          : loaded 2 times (x 68B)
Class com.google.common.base.CharMatcher$JavaDigit                                    : loaded 2 times (x 109B)
Class com.google.common.base.CharMatcher$Digit                                        : loaded 2 times (x 110B)
Class com.google.common.collect.AbstractMultimap                                      : loaded 2 times (x 121B)
Class com.google.common.cache.CacheBuilder$OneWeigher                                 : loaded 2 times (x 80B)
Class org.gradle.api.Action                                                           : loaded 2 times (x 68B)
Class com.google.common.collect.ImmutableEntry                                        : loaded 2 times (x 80B)
Class com.google.common.collect.Lists$StringAsImmutableList                           : loaded 2 times (x 167B)
Class com.google.common.base.CharMatcher                                              : loaded 2 times (x 109B)
Class com.google.common.base.CharMatcher$IsNot                                        : loaded 2 times (x 109B)
Class com.google.common.base.Splitter                                                 : loaded 2 times (x 70B)
Class [Lcom.google.common.cache.Weigher;                                              : loaded 2 times (x 67B)
Class com.google.common.collect.Iterators$ArrayItr                                    : loaded 2 times (x 95B)
Class com.google.common.cache.LocalCache$Segment                                      : loaded 2 times (x 152B)
Class org.gradle.api.internal.DefaultClassPathProvider                                : loaded 2 times (x 74B)
Class org.gradle.internal.installation.GradleInstallation$1                           : loaded 2 times (x 73B)
Class com.google.common.base.CharMatcher$BitSetMatcher                                : loaded 2 times (x 110B)
Class com.google.common.collect.ImmutableMap$IteratorBasedImmutableMap                : loaded 2 times (x 123B)
Class com.google.common.collect.ImmutableMap                                          : loaded 2 times (x 118B)
Class com.google.common.base.Converter                                                : loaded 2 times (x 88B)
Class com.google.common.collect.ImmutableSet$EmptySetBuilderImpl                      : loaded 2 times (x 74B)
Class com.google.common.base.Equivalence                                              : loaded 2 times (x 80B)
Class com.google.common.cache.LocalCache$EntryFactory$1                               : loaded 2 times (x 81B)
Class com.google.common.cache.LocalCache$EntryFactory$2                               : loaded 2 times (x 81B)
Class com.google.common.cache.LocalCache$EntryFactory$3                               : loaded 2 times (x 81B)
Class com.google.common.cache.LocalCache$EntryFactory$4                               : loaded 2 times (x 81B)
Class com.google.common.cache.LocalCache$EntryFactory$5                               : loaded 2 times (x 81B)
Class com.google.common.cache.LocalCache$EntryFactory$6                               : loaded 2 times (x 81B)
Class com.google.common.cache.LocalCache$EntryFactory$7                               : loaded 2 times (x 81B)
Class com.google.common.cache.LocalCache$EntryFactory$8                               : loaded 2 times (x 81B)
Class com.google.common.base.Predicate                                                : loaded 2 times (x 68B)
Class org.gradle.internal.classloader.FilteringClassLoader                            : loaded 2 times (x 103B)
Class com.google.common.collect.RegularImmutableSet                                   : loaded 2 times (x 146B)
Class [Lcom.google.common.cache.LocalCache$Strength;                                  : loaded 2 times (x 67B)
Class org.gradle.internal.classpath.DefaultClassPath$ImmutableUniqueList$Builder      : loaded 2 times (x 73B)
Class com.google.common.collect.Maps$8                                                : loaded 2 times (x 80B)
Class [Lcom.google.common.cache.CacheBuilder$NullListener;                            : loaded 2 times (x 67B)
Class com.google.common.base.PatternCompiler                                          : loaded 2 times (x 68B)
Class com.google.common.base.CharMatcher$InRange                                      : loaded 2 times (x 109B)
Class com.google.common.collect.BiMap                                                 : loaded 2 times (x 68B)
Class com.google.common.collect.Lists                                                 : loaded 2 times (x 69B)
Class com.google.common.math.IntMath$1                                                : loaded 2 times (x 69B)
Class org.gradle.internal.classloader.ClassLoaderVisitor                              : loaded 2 times (x 74B)
Class com.google.common.cache.CacheBuilder$NullListener                               : loaded 2 times (x 80B)
Class com.google.common.math.MathPreconditions                                        : loaded 2 times (x 69B)
Class org.gradle.internal.service.DefaultServiceLocator                               : loaded 2 times (x 81B)
Class org.gradle.internal.service.UnknownServiceException                             : loaded 2 times (x 81B)
Class com.google.common.collect.ArrayListMultimap                                     : loaded 2 times (x 170B)
Class com.google.common.base.Strings                                                  : loaded 2 times (x 69B)
Class com.google.common.cache.CacheLoader$InvalidCacheLoadException                   : loaded 2 times (x 80B)
Class org.gradle.internal.classloader.DefaultClassLoaderFactory                       : loaded 2 times (x 80B)
Class com.google.common.collect.UnmodifiableIterator                                  : loaded 2 times (x 78B)
Class com.google.common.base.Platform$JdkPatternCompiler                              : loaded 2 times (x 73B)
Class com.google.common.cache.LocalCache$LoadingValueReference                        : loaded 2 times (x 94B)
Class com.google.common.base.CharMatcher$SingleWidth                                  : loaded 2 times (x 110B)
Class com.google.common.collect.Hashing                                               : loaded 2 times (x 69B)
Class com.google.common.base.JdkPattern                                               : loaded 2 times (x 73B)
Class com.google.common.collect.Multimap                                              : loaded 2 times (x 68B)
Class com.google.common.base.FunctionalEquivalence                                    : loaded 2 times (x 81B)
Class com.google.common.cache.LocalCache$1                                            : loaded 2 times (x 87B)
Class com.google.common.cache.LocalCache$2                                            : loaded 2 times (x 140B)
Class com.google.common.collect.RegularImmutableBiMap                                 : loaded 2 times (x 146B)
Class org.gradle.internal.classloader.VisitableURLClassLoader$Spec                    : loaded 2 times (x 72B)
Class org.gradle.api.GradleException                                                  : loaded 2 times (x 80B)
Class com.google.common.base.CharMatcher$JavaLetterOrDigit                            : loaded 2 times (x 109B)
Class org.gradle.api.internal.classpath.ModuleRegistry                                : loaded 2 times (x 68B)
Class com.google.common.collect.ForwardingObject                                      : loaded 2 times (x 70B)
Class com.google.common.cache.CacheBuilder                                            : loaded 2 times (x 70B)
Class com.google.common.collect.ImmutableCollection                                   : loaded 2 times (x 123B)
Class com.google.common.base.PairwiseEquivalence                                      : loaded 2 times (x 81B)
Class com.google.common.base.Ticker                                                   : loaded 2 times (x 70B)
Class org.gradle.api.internal.ClassPathProvider                                       : loaded 2 times (x 68B)
Class com.google.common.collect.RegularImmutableMap$Values                            : loaded 2 times (x 167B)
Class org.gradle.internal.classloader.ClasspathUtil$1                                 : loaded 2 times (x 74B)
Class com.google.common.collect.ImmutableEnumMap                                      : loaded 2 times (x 123B)
Class com.google.common.collect.ForwardingMap                                         : loaded 2 times (x 130B)
Class com.google.common.collect.ImmutableList$ReverseImmutableList                    : loaded 2 times (x 168B)
Class com.google.common.cache.AbstractCache$StatsCounter                              : loaded 2 times (x 68B)
Class com.google.common.cache.LocalCache$Strength$1                                   : loaded 2 times (x 79B)
Class com.google.common.cache.LocalCache$Strength$2                                   : loaded 2 times (x 79B)
Class com.google.common.cache.LocalCache$Strength$3                                   : loaded 2 times (x 79B)
Class org.gradle.internal.classloader.ClassLoaderFactory                              : loaded 2 times (x 68B)
Class com.google.common.collect.ObjectArrays                                          : loaded 2 times (x 69B)
Class com.google.common.collect.Iterators$10                                          : loaded 2 times (x 79B)
Class com.google.common.collect.ImmutableList                                         : loaded 2 times (x 166B)
Class org.gradle.api.internal.classpath.ManifestUtil                                  : loaded 2 times (x 69B)
Class org.gradle.api.specs.Spec                                                       : loaded 2 times (x 68B)
Class com.google.common.cache.CacheLoader$UnsupportedLoadingOperationException        : loaded 2 times (x 80B)
Class com.google.common.base.CharMatcher$Whitespace                                   : loaded 2 times (x 110B)
Class com.google.common.collect.Iterators$1                                           : loaded 2 times (x 79B)
Class com.google.common.collect.Iterators$4                                           : loaded 2 times (x 80B)
Class com.google.common.collect.RegularImmutableMap$BucketOverflowException           : loaded 2 times (x 80B)
Class com.google.common.collect.Iterators$5                                           : loaded 2 times (x 80B)
Class com.google.common.base.Equivalence$Equals                                       : loaded 2 times (x 80B)
Class com.google.common.base.Preconditions                                            : loaded 2 times (x 69B)
Class com.google.common.base.Function                                                 : loaded 2 times (x 68B)
Class com.google.common.collect.Iterators$9                                           : loaded 2 times (x 79B)
Class org.gradle.internal.IoActions                                                   : loaded 2 times (x 69B)
Class Settings_gradle$1$1$1                                                           : loaded 2 times (x 73B)
Class com.google.common.cache.ReferenceEntry                                          : loaded 2 times (x 68B)
Class com.google.common.collect.RegularImmutableMap$KeySet                            : loaded 2 times (x 148B)
Class com.google.common.collect.CollectPreconditions                                  : loaded 2 times (x 69B)
Class com.google.common.collect.Maps                                                  : loaded 2 times (x 69B)
Class com.google.common.collect.RegularImmutableMap                                   : loaded 2 times (x 119B)
Class com.google.common.collect.AbstractIndexedListIterator                           : loaded 2 times (x 94B)
Class com.google.common.base.CharMatcher$None                                         : loaded 2 times (x 110B)
Class org.gradle.api.internal.classpath.EffectiveClassPath                            : loaded 2 times (x 88B)
Class com.google.common.collect.UnmodifiableListIterator                              : loaded 2 times (x 93B)
Class com.google.common.cache.CacheLoader$FunctionToCacheLoader                       : loaded 2 times (x 73B)
Class com.google.common.cache.CacheBuilder$1                                          : loaded 2 times (x 83B)
Class com.google.common.cache.CacheBuilder$2                                          : loaded 2 times (x 70B)
Class com.google.common.collect.ImmutableList$1                                       : loaded 2 times (x 95B)
Class com.google.common.base.Splitter$Strategy                                        : loaded 2 times (x 68B)
Class com.google.common.collect.ImmutableMapEntrySet$RegularEntrySet                  : loaded 2 times (x 149B)
Class [Lcom.google.common.cache.RemovalListener;                                      : loaded 2 times (x 67B)
Class [Lcom.google.common.collect.ImmutableMapEntry;                                  : loaded 2 times (x 67B)
Class org.gradle.internal.installation.CurrentGradleInstallation                      : loaded 2 times (x 71B)
Class org.gradle.internal.agents.InstrumentingClassLoader                             : loaded 2 times (x 68B)
Class org.gradle.internal.installation.CurrentGradleInstallationLocator               : loaded 2 times (x 69B)
Class [Lcom.google.common.cache.LocalCache$Segment;                                   : loaded 2 times (x 67B)
Class org.gradle.api.internal.classpath.Module                                        : loaded 2 times (x 68B)
Class com.google.common.base.Splitter$1$1                                             : loaded 2 times (x 84B)
Class com.google.common.collect.ImmutableSet$JdkBackedSetBuilderImpl                  : loaded 2 times (x 74B)
Class com.google.common.collect.ImmutableSet$RegularSetBuilderImpl                    : loaded 2 times (x 75B)
Class org.gradle.internal.service.CachingServiceLocator                               : loaded 2 times (x 80B)
Class [Lcom.google.common.collect.ImmutableEntry;                                     : loaded 2 times (x 67B)
Class org.gradle.internal.classpath.DefaultClassPath                                  : loaded 2 times (x 88B)
Class com.google.common.base.Splitter$SplittingIterator                               : loaded 2 times (x 82B)
Class com.google.common.cache.LocalCache$LocalManualCache$1                           : loaded 2 times (x 73B)
Class Build_gradle$1                                                                  : loaded 2 times (x 76B)
Class [Lcom.google.common.cache.LocalCache$EntryFactory;                              : loaded 2 times (x 67B)
Class com.google.common.base.CharMatcher$Is                                           : loaded 2 times (x 109B)
Class com.google.common.base.Platform                                                 : loaded 2 times (x 69B)
Class com.google.common.collect.RegularImmutableAsList                                : loaded 2 times (x 176B)
Class com.google.common.collect.PeekingIterator                                       : loaded 2 times (x 68B)
Class com.google.common.collect.ImmutableMapEntrySet                                  : loaded 2 times (x 149B)
Class com.google.common.cache.CacheLoader                                             : loaded 2 times (x 72B)
Class com.google.common.collect.ImmutableBiMapFauxverideShim                          : loaded 2 times (x 118B)
Class com.google.common.cache.Cache                                                   : loaded 2 times (x 68B)
Class org.gradle.internal.classloader.SystemClassLoaderSpec                           : loaded 2 times (x 69B)
Class com.google.common.collect.SingletonImmutableSet                                 : loaded 2 times (x 144B)
Class [Lcom.google.common.base.AbstractIterator$State;                                : loaded 2 times (x 67B)
Class com.google.common.collect.ImmutableMap$Builder                                  : loaded 2 times (x 80B)
Class com.google.common.base.AbstractIterator                                         : loaded 2 times (x 78B)
Class com.google.common.base.AbstractIterator$1                                       : loaded 2 times (x 69B)
Class [Lcom.google.common.cache.CacheBuilder$OneWeigher;                              : loaded 2 times (x 67B)
Class com.google.common.collect.Iterators                                             : loaded 2 times (x 69B)
Class com.google.common.base.CharMatcher$1                                            : loaded 2 times (x 111B)
Class com.google.common.base.CharMatcher$Ascii                                        : loaded 2 times (x 110B)
Class com.google.common.cache.LocalCache$ComputingValueReference                      : loaded 2 times (x 94B)
Class org.gradle.api.UncheckedIOException                                             : loaded 2 times (x 80B)
Class com.google.common.base.CharMatcher$And                                          : loaded 2 times (x 110B)
Class com.google.common.collect.IndexedImmutableSet                                   : loaded 2 times (x 148B)
Class com.google.common.collect.AbstractListMultimap                                  : loaded 2 times (x 170B)
Class com.google.common.base.CharMatcher$Any                                          : loaded 2 times (x 110B)
Class org.gradle.internal.installation.GradleInstallation                             : loaded 2 times (x 73B)
Class com.google.common.cache.LocalCache$Strength                                     : loaded 2 times (x 79B)
Class com.google.common.collect.ArrayListMultimapGwtSerializationDependencies         : loaded 2 times (x 170B)
Class com.google.common.base.CharMatcher$RangesMatcher                                : loaded 2 times (x 110B)
Class com.google.common.collect.ImmutableList$SubList                                 : loaded 2 times (x 168B)
Class com.google.common.cache.LocalCache$ValueReference                               : loaded 2 times (x 68B)
Class org.gradle.internal.classloader.ClasspathUtil                                   : loaded 2 times (x 69B)
Class com.google.common.base.Splitter$1                                               : loaded 2 times (x 75B)
Class com.google.common.base.Ticker$1                                                 : loaded 2 times (x 70B)
Class com.google.common.collect.Maps$BiMapConverter                                   : loaded 2 times (x 88B)
Class org.gradle.api.internal.DefaultClassPathRegistry                                : loaded 2 times (x 74B)
Class com.google.common.collect.ImmutableSet$SetBuilderImpl                           : loaded 2 times (x 74B)
Class org.gradle.api.internal.classpath.DefaultModuleRegistry$DefaultModule           : loaded 2 times (x 84B)
Class com.google.common.base.CharMatcher$JavaIsoControl                               : loaded 2 times (x 110B)
Class com.google.common.collect.ImmutableMap$1                                        : loaded 2 times (x 79B)
Class com.google.common.base.CharMatcher$Or                                           : loaded 2 times (x 110B)
Class org.gradle.kotlin.dsl.VersionCatalogAccessorsKt                                 : loaded 2 times (x 69B)
Class com.google.common.base.Suppliers$SupplierOfInstance                             : loaded 2 times (x 77B)
Class com.google.common.collect.Iterables                                             : loaded 2 times (x 69B)
Class com.google.common.base.CharMatcher$JavaLowerCase                                : loaded 2 times (x 109B)
Class org.gradle.api.internal.classpath.UnknownModuleException                        : loaded 2 times (x 80B)
Class com.google.common.collect.Maps$EntryTransformer                                 : loaded 2 times (x 68B)
Class com.google.common.collect.ImmutableCollection$Builder                           : loaded 2 times (x 74B)
Class com.google.common.collect.SingletonImmutableBiMap                               : loaded 2 times (x 141B)
Class com.google.common.base.CommonPattern                                            : loaded 2 times (x 72B)
Class com.google.common.base.Suppliers                                                : loaded 2 times (x 69B)
Class com.google.common.cache.LoadingCache                                            : loaded 2 times (x 68B)
Class org.gradle.internal.service.ServiceLookupException                              : loaded 2 times (x 80B)
Class org.gradle.cache.GlobalCache                                                    : loaded 2 times (x 68B)
Class com.google.common.base.CharMatcher$NegatedFastMatcher                           : loaded 2 times (x 111B)
Class [Lorg.gradle.api.internal.ClassPathProvider;                                    : loaded 2 times (x 67B)
Class org.gradle.util.internal.GUtil                                                  : loaded 2 times (x 69B)
Class com.google.common.math.IntMath                                                  : loaded 2 times (x 69B)
Class com.google.common.collect.AbstractIterator                                      : loaded 2 times (x 80B)
Class org.gradle.internal.classloader.ClassLoaderSpec                                 : loaded 2 times (x 69B)
Class com.google.common.base.NullnessCasts                                            : loaded 2 times (x 69B)
Class com.google.common.cache.LocalCache$LocalManualCache                             : loaded 2 times (x 97B)
Class com.google.common.collect.AbstractMapEntry                                      : loaded 2 times (x 79B)
Class com.google.common.base.CharMatcher$Negated                                      : loaded 2 times (x 111B)
Class com.google.common.cache.CacheLoader$1                                           : loaded 2 times (x 73B)
Class com.google.common.collect.ImmutableSet$Builder                                  : loaded 2 times (x 83B)
Class com.google.common.base.CharMatcher$ForPredicate                                 : loaded 2 times (x 110B)
Class com.google.common.collect.ImmutableMap$MapViewOfValuesAsSingletonSets           : loaded 2 times (x 123B)
Class com.google.common.base.MoreObjects                                              : loaded 2 times (x 69B)
Class com.google.common.collect.SortedMapDifference                                   : loaded 2 times (x 68B)
Class com.google.common.cache.CacheStats                                              : loaded 2 times (x 69B)
Class org.gradle.internal.classloader.VisitableURLClassLoader                         : loaded 2 times (x 115B)
Class com.google.common.cache.LocalCache$LocalLoadingCache                            : loaded 2 times (x 132B)
Class com.google.common.base.Supplier                                                 : loaded 2 times (x 68B)
Class com.google.common.collect.ImmutableBiMap                                        : loaded 2 times (x 141B)
Class org.gradle.internal.Cast                                                        : loaded 2 times (x 69B)
Class Build_gradle                                                                    : loaded 2 times (x 70B)
Class org.gradle.api.internal.ClassPathRegistry                                       : loaded 2 times (x 68B)
Class com.google.common.cache.LocalCache$EntryFactory                                 : loaded 2 times (x 81B)
Class com.google.common.util.concurrent.UncheckedExecutionException                   : loaded 2 times (x 80B)
Class com.google.common.collect.ImmutableSet                                          : loaded 2 times (x 143B)
Class org.gradle.internal.classloader.VisitableURLClassLoader$InstrumentingVisitableURLClassLoader: loaded 2 times (x 121B)
Class org.gradle.internal.classloader.ClassLoaderHierarchy                            : loaded 2 times (x 68B)
Class com.google.common.base.AbstractIterator$State                                   : loaded 2 times (x 77B)
Class com.google.common.cache.Weigher                                                 : loaded 2 times (x 68B)
Class com.google.common.base.CharMatcher$NamedFastMatcher                             : loaded 2 times (x 110B)
Class org.gradle.internal.InternalTransformer                                         : loaded 2 times (x 68B)
Class org.gradle.internal.service.ServiceLocator                                      : loaded 2 times (x 68B)
Class Settings_gradle$1                                                               : loaded 2 times (x 73B)
Class com.google.common.collect.ImmutableMapEntry                                     : loaded 2 times (x 83B)
Class com.google.common.base.CharMatcher$Invisible                                    : loaded 2 times (x 110B)
Class com.google.common.base.CharMatcher$FastMatcher                                  : loaded 2 times (x 109B)
Class org.gradle.internal.classpath.DefaultClassPath$ImmutableUniqueList              : loaded 2 times (x 159B)
Class com.google.common.base.CharMatcher$JavaLetter                                   : loaded 2 times (x 109B)
Class org.gradle.internal.classpath.TransformedClassPath                              : loaded 2 times (x 94B)
Class com.google.common.collect.MapDifference                                         : loaded 2 times (x 68B)
Class Settings_gradle                                                                 : loaded 2 times (x 126B)
Class com.google.common.collect.Platform                                              : loaded 2 times (x 69B)
Class com.google.common.collect.ImmutableAsList                                       : loaded 2 times (x 169B)
Class com.google.common.util.concurrent.ExecutionError                                : loaded 2 times (x 80B)
Class com.google.common.base.Equivalence$Identity                                     : loaded 2 times (x 80B)
Class com.google.common.base.CharMatcher$AnyOf                                        : loaded 2 times (x 110B)
Class com.google.common.base.CharMatcher$IsEither                                     : loaded 2 times (x 109B)
Class com.google.common.cache.LocalCache                                              : loaded 2 times (x 185B)
Class com.google.common.collect.RegularImmutableList                                  : loaded 2 times (x 172B)
Class com.google.common.base.CharMatcher$JavaUpperCase                                : loaded 2 times (x 109B)
Class com.google.common.collect.Multiset                                              : loaded 2 times (x 68B)
Class com.google.common.collect.ImmutableSet$CachingAsList                            : loaded 2 times (x 145B)
Class com.google.common.collect.ImmutableMapEntry$NonTerminalImmutableMapEntry        : loaded 2 times (x 83B)
Class com.google.common.collect.AbstractMapBasedMultimap                              : loaded 2 times (x 137B)


---------------  S Y S T E M  ---------------

OS:
 Windows 11 , 64 bit Build 22000 (10.0.22000.2538)
OS uptime: 42 days 4:52 hours
Hyper-V role detected

CPU: total 4 (initial active 4) (2 cores per cpu, 2 threads per core) family 6 model 78 stepping 3 microcode 0xf0, cx8, cmov, fxsr, ht, mmx, 3dnowpref, sse, sse2, sse3, ssse3, sse4.1, sse4.2, popcnt, lzcnt, tsc, tscinvbit, avx, avx2, aes, erms, clmul, bmi1, bmi2, rtm, adx, fma, vzeroupper, clflush, clflushopt, hv
Processor Information for all 4 processors :
  Max Mhz: 2496, Current Mhz: 2396, Mhz Limit: 2396

Memory: 4k page, system-wide physical 8072M (225M free)
TotalPageFile size 32648M (AvailPageFile size 6M)
current process WorkingSet (physical memory assigned to process): 263M, peak: 263M
current process commit charge ("private bytes"): 346M, peak: 348M

vm_info: OpenJDK 64-Bit Server VM (17.0.10+0--11572160) for windows-amd64 JRE (17.0.10+0--11572160), built on Mar 13 2024 23:56:38 by "androidbuild" with MS VC++ 16.10 / 16.11 (VS2019)

END.
