#
# There is insufficient memory for the Java Runtime Environment to continue.
# Native memory allocation (mmap) failed to map 48234496 bytes for G1 virtual space
# Possible reasons:
#   The system is out of physical RAM or swap space
#   The process is running with CompressedOops enabled, and the Java Heap may be blocking the growth of the native heap
# Possible solutions:
#   Reduce memory load on the system
#   Increase physical memory or swap space
#   Check if swap backing store is full
#   Decrease Java heap size (-Xmx/-Xms)
#   Decrease number of Java threads
#   Decrease Java thread stack sizes (-Xss)
#   Set larger code cache with -XX:ReservedCodeCacheSize=
#   JVM is running with Unscaled Compressed Oops mode in which the Java heap is
#     placed in the first 4GB address space. The Java Heap base address is the
#     maximum limit for the native heap growth. Please use -XX:HeapBaseMinAddress
#     to set the Java Heap base and to place the Java Heap above 4GB virtual address.
# This output file may be truncated or incomplete.
#
#  Out of Memory Error (os_windows.cpp:3825), pid=33272, tid=28464
#
# JRE version: OpenJDK Runtime Environment (17.0.10) (build 17.0.10+0--11572160)
# Java VM: OpenJDK 64-Bit Server VM (17.0.10+0--11572160, mixed mode, tiered, compressed oops, compressed class ptrs, g1 gc, windows-amd64)
# No core dump will be written. Minidumps are not enabled by default on client versions of Windows
#

---------------  S U M M A R Y ------------

Command Line: --add-opens=java.base/java.util=ALL-UNNAMED --add-opens=java.base/java.lang=ALL-UNNAMED --add-opens=java.base/java.lang.invoke=ALL-UNNAMED --add-opens=java.prefs/java.util.prefs=ALL-UNNAMED --add-opens=java.base/java.nio.charset=ALL-UNNAMED --add-opens=java.base/java.net=ALL-UNNAMED --add-opens=java.base/java.util.concurrent.atomic=ALL-UNNAMED -Xmx2048m -Dfile.encoding=UTF-8 -Duser.country=US -Duser.language=en -Duser.variant -javaagent:C:\Users\Zack Githui\.gradle\wrapper\dists\gradle-8.6-bin\afr5mpiioh2wthjmwnkmdsd5w\gradle-8.6\lib\agents\gradle-instrumentation-agent-8.6.jar org.gradle.launcher.daemon.bootstrap.GradleDaemon 8.6

Host: Intel(R) Core(TM) i5-6300U CPU @ 2.40GHz, 4 cores, 7G,  Windows 11 , 64 bit Build 22000 (10.0.22000.2538)
Time: Wed Apr  2 23:56:51 2025 E. Africa Standard Time elapsed time: 115.674710 seconds (0d 0h 1m 55s)

---------------  T H R E A D  ---------------

Current thread (0x00000188eb89fff0):  VMThread "VM Thread" [stack: 0x00000053bfd00000,0x00000053bfe00000] [id=28464]

Stack: [0x00000053bfd00000,0x00000053bfe00000]
Native frames: (J=compiled Java code, j=interpreted, Vv=VM code, C=native code)
V  [jvm.dll+0x688e89]
V  [jvm.dll+0x84247a]
V  [jvm.dll+0x8440be]
V  [jvm.dll+0x844723]
V  [jvm.dll+0x24be0f]
V  [jvm.dll+0x685c59]
V  [jvm.dll+0x67a50a]
V  [jvm.dll+0x30cbab]
V  [jvm.dll+0x314056]
V  [jvm.dll+0x363dce]
V  [jvm.dll+0x363fff]
V  [jvm.dll+0x2e2978]
V  [jvm.dll+0x2e0b54]
V  [jvm.dll+0x2e015c]
V  [jvm.dll+0x32502b]
V  [jvm.dll+0x848e1b]
V  [jvm.dll+0x849b61]
V  [jvm.dll+0x84a07d]
V  [jvm.dll+0x84a454]
V  [jvm.dll+0x84a520]
V  [jvm.dll+0x7f0d1a]
V  [jvm.dll+0x687d05]
C  [ucrtbase.dll+0x26c0c]
C  [KERNEL32.DLL+0x153e0]
C  [ntdll.dll+0x485b]

VM_Operation (0x00000053c13f6ea0): G1CollectForAllocation, mode: safepoint, requested by thread 0x00000188f1697950


---------------  P R O C E S S  ---------------

Threads class SMR info:
_java_thread_list=0x00000188f3250c20, length=39, elements={
0x00000188d230c3c0, 0x00000188eb8ed520, 0x00000188eba63020, 0x00000188eb91b510,
0x00000188eb91cdf0, 0x00000188eb91d6c0, 0x00000188eb91df90, 0x00000188eb91eb90,
0x00000188eb91f4a0, 0x00000188eba7da30, 0x00000188eb885a60, 0x00000188ebcfdf40,
0x00000188f1d57310, 0x00000188f105c500, 0x00000188f17cdff0, 0x00000188f0c61030,
0x00000188f0e13270, 0x00000188f1ab5470, 0x00000188f1697950, 0x00000188ebbc9500,
0x00000188ebbc6770, 0x00000188ebbc85d0, 0x00000188ebbc8ff0, 0x00000188ebbc5d50,
0x00000188ebbc7190, 0x00000188ebbc76a0, 0x00000188ebbc7bb0, 0x00000188ebbc8ae0,
0x00000188ebbc6260, 0x00000188f15398e0, 0x00000188f1537f90, 0x00000188f153b230,
0x00000188f153dfc0, 0x00000188f1537a80, 0x00000188f1538ec0, 0x00000188f1537570,
0x00000188f153a810, 0x00000188f15393d0, 0x00000188f153cb80
}

Java Threads: ( => current thread )
  0x00000188d230c3c0 JavaThread "main" [_thread_blocked, id=27524, stack(0x00000053bf700000,0x00000053bf800000)]
  0x00000188eb8ed520 JavaThread "Reference Handler" daemon [_thread_blocked, id=49936, stack(0x00000053bfe00000,0x00000053bff00000)]
  0x00000188eba63020 JavaThread "Finalizer" daemon [_thread_blocked, id=5868, stack(0x00000053bff00000,0x00000053c0000000)]
  0x00000188eb91b510 JavaThread "Signal Dispatcher" daemon [_thread_blocked, id=55900, stack(0x00000053c0000000,0x00000053c0100000)]
  0x00000188eb91cdf0 JavaThread "Attach Listener" daemon [_thread_blocked, id=53064, stack(0x00000053c0100000,0x00000053c0200000)]
  0x00000188eb91d6c0 JavaThread "Service Thread" daemon [_thread_blocked, id=62308, stack(0x00000053c0200000,0x00000053c0300000)]
  0x00000188eb91df90 JavaThread "Monitor Deflation Thread" daemon [_thread_blocked, id=50868, stack(0x00000053c0300000,0x00000053c0400000)]
  0x00000188eb91eb90 JavaThread "C2 CompilerThread0" daemon [_thread_blocked, id=35916, stack(0x00000053c0400000,0x00000053c0500000)]
  0x00000188eb91f4a0 JavaThread "C1 CompilerThread0" daemon [_thread_blocked, id=67972, stack(0x00000053c0500000,0x00000053c0600000)]
  0x00000188eba7da30 JavaThread "Sweeper thread" daemon [_thread_blocked, id=83740, stack(0x00000053c0600000,0x00000053c0700000)]
  0x00000188eb885a60 JavaThread "Common-Cleaner" daemon [_thread_blocked, id=70924, stack(0x00000053c0700000,0x00000053c0800000)]
  0x00000188ebcfdf40 JavaThread "Notification Thread" daemon [_thread_blocked, id=36064, stack(0x00000053c0800000,0x00000053c0900000)]
  0x00000188f1d57310 JavaThread "Daemon health stats" [_thread_blocked, id=79860, stack(0x00000053c0d00000,0x00000053c0e00000)]
  0x00000188f105c500 JavaThread "Incoming local TCP Connector on port 65043" [_thread_in_native, id=61752, stack(0x00000053c0e00000,0x00000053c0f00000)]
  0x00000188f17cdff0 JavaThread "Daemon periodic checks" [_thread_blocked, id=2236, stack(0x00000053c0f00000,0x00000053c1000000)]
  0x00000188f0c61030 JavaThread "Daemon" [_thread_blocked, id=85672, stack(0x00000053c1000000,0x00000053c1100000)]
  0x00000188f0e13270 JavaThread "Handler for socket connection from /127.0.0.1:65043 to /127.0.0.1:65044" [_thread_in_native, id=29072, stack(0x00000053c1100000,0x00000053c1200000)]
  0x00000188f1ab5470 JavaThread "Cancel handler" [_thread_blocked, id=4160, stack(0x00000053c1200000,0x00000053c1300000)]
  0x00000188f1697950 JavaThread "Daemon worker" [_thread_blocked, id=53736, stack(0x00000053c1300000,0x00000053c1400000)]
  0x00000188ebbc9500 JavaThread "Asynchronous log dispatcher for DefaultDaemonConnection: socket connection from /127.0.0.1:65043 to /127.0.0.1:65044" [_thread_blocked, id=50772, stack(0x00000053c1400000,0x00000053c1500000)]
  0x00000188ebbc6770 JavaThread "Daemon client event forwarder" [_thread_blocked, id=78700, stack(0x00000053c1600000,0x00000053c1700000)]
  0x00000188ebbc85d0 JavaThread "Cache worker for journal cache (C:\Users\Zack Githui\.gradle\caches\journal-1)" [_thread_blocked, id=55168, stack(0x00000053c1700000,0x00000053c1800000)]
  0x00000188ebbc8ff0 JavaThread "File lock request listener" [_thread_in_native, id=19376, stack(0x00000053c1800000,0x00000053c1900000)]
  0x00000188ebbc5d50 JavaThread "Cache worker for file hash cache (C:\Users\Zack Githui\.gradle\caches\8.6\fileHashes)" [_thread_blocked, id=66856, stack(0x00000053c1900000,0x00000053c1a00000)]
  0x00000188ebbc7190 JavaThread "File watcher server" daemon [_thread_blocked, id=57564, stack(0x00000053c1a00000,0x00000053c1b00000)]
  0x00000188ebbc76a0 JavaThread "File watcher consumer" daemon [_thread_blocked, id=74600, stack(0x00000053c1b00000,0x00000053c1c00000)]
  0x00000188ebbc7bb0 JavaThread "Cache worker for checksums cache (C:\Users\Zack Githui\AndroidStudioProjects\Cleanshelf\.gradle\8.6\checksums)" [_thread_blocked, id=84040, stack(0x00000053c1c00000,0x00000053c1d00000)]
  0x00000188ebbc8ae0 JavaThread "Cache worker for file hash cache (C:\Users\Zack Githui\AndroidStudioProjects\Cleanshelf\.gradle\8.6\fileHashes)" [_thread_blocked, id=71788, stack(0x00000053c1d00000,0x00000053c1e00000)]
  0x00000188ebbc6260 JavaThread "Cache worker for cache directory md-supplier (C:\Users\Zack Githui\.gradle\caches\8.6\md-supplier)" [_thread_blocked, id=71428, stack(0x00000053c1e00000,0x00000053c1f00000)]
  0x00000188f15398e0 JavaThread "Cache worker for cache directory md-rule (C:\Users\Zack Githui\.gradle\caches\8.6\md-rule)" [_thread_blocked, id=8568, stack(0x00000053c1f00000,0x00000053c2000000)]
  0x00000188f1537f90 JavaThread "Cache worker for file content cache (C:\Users\Zack Githui\.gradle\caches\8.6\fileContent)" [_thread_blocked, id=61220, stack(0x00000053c2000000,0x00000053c2100000)]
  0x00000188f153b230 JavaThread "jar transforms" [_thread_blocked, id=75164, stack(0x00000053c2200000,0x00000053c2300000)]
  0x00000188f153dfc0 JavaThread "jar transforms Thread 2" [_thread_blocked, id=33676, stack(0x00000053c2300000,0x00000053c2400000)]
  0x00000188f1537a80 JavaThread "jar transforms Thread 3" [_thread_blocked, id=69152, stack(0x00000053c2400000,0x00000053c2500000)]
  0x00000188f1538ec0 JavaThread "jar transforms Thread 4" [_thread_blocked, id=20476, stack(0x00000053c2500000,0x00000053c2600000)]
  0x00000188f1537570 JavaThread "Cache worker for Build Output Cleanup Cache (C:\Users\Zack Githui\AndroidStudioProjects\Cleanshelf\.gradle\buildOutputCleanup)" [_thread_blocked, id=46148, stack(0x00000053bf400000,0x00000053bf500000)]
  0x00000188f153a810 JavaThread "Unconstrained build operations" [_thread_blocked, id=59584, stack(0x00000053bf600000,0x00000053bf700000)]
  0x00000188f15393d0 JavaThread "Unconstrained build operations Thread 2" [_thread_blocked, id=10872, stack(0x00000053c1500000,0x00000053c1600000)]
  0x00000188f153cb80 JavaThread "Unconstrained build operations Thread 3" [_thread_blocked, id=32456, stack(0x00000053c2800000,0x00000053c2900000)]

Other Threads:
=>0x00000188eb89fff0 VMThread "VM Thread" [stack: 0x00000053bfd00000,0x00000053bfe00000] [id=28464]
  0x00000188d230d150 WatcherThread [stack: 0x00000053c0900000,0x00000053c0a00000] [id=23920]
  0x00000188d23687d0 GCTaskThread "GC Thread#0" [stack: 0x00000053bf800000,0x00000053bf900000] [id=39512]
  0x00000188ebddbd10 GCTaskThread "GC Thread#1" [stack: 0x00000053c0a00000,0x00000053c0b00000] [id=13996]
  0x00000188ebddbfd0 GCTaskThread "GC Thread#2" [stack: 0x00000053c0b00000,0x00000053c0c00000] [id=84476]
  0x00000188f00422b0 GCTaskThread "GC Thread#3" [stack: 0x00000053c0c00000,0x00000053c0d00000] [id=17436]
  0x00000188d2379630 ConcurrentGCThread "G1 Main Marker" [stack: 0x00000053bf900000,0x00000053bfa00000] [id=51308]
  0x00000188d2379f60 ConcurrentGCThread "G1 Conc#0" [stack: 0x00000053bfa00000,0x00000053bfb00000] [id=39364]
  0x00000188d23cec30 ConcurrentGCThread "G1 Refine#0" [stack: 0x00000053bfb00000,0x00000053bfc00000] [id=57944]
  0x00000188f20b6280 ConcurrentGCThread "G1 Refine#1" [stack: 0x00000053c2100000,0x00000053c2200000] [id=53792]
  0x00000188eb7506f0 ConcurrentGCThread "G1 Service" [stack: 0x00000053bfc00000,0x00000053bfd00000] [id=1292]

Threads with active compile tasks:

VM state: at safepoint (normal execution)

VM Mutex/Monitor currently owned by a thread:  ([mutex/lock_event])
[0x00000188d2308520] Threads_lock - owner thread: 0x00000188eb89fff0
[0x00000188d2306bd0] Heap_lock - owner thread: 0x00000188f1697950

Heap address: 0x0000000080000000, size: 2048 MB, Compressed Oops mode: 32-bit

CDS archive(s) not mapped
Compressed class space mapped at: 0x0000000100000000-0x0000000140000000, reserved size: 1073741824
Narrow klass base: 0x0000000000000000, Narrow klass shift: 3, Narrow klass range: 0x140000000

GC Precious Log:
 CPUs: 4 total, 4 available
 Memory: 8072M
 Large Page Support: Disabled
 NUMA Support: Disabled
 Compressed Oops: Enabled (32-bit)
 Heap Region Size: 1M
 Heap Min Capacity: 8M
 Heap Initial Capacity: 128M
 Heap Max Capacity: 2G
 Pre-touch: Disabled
 Parallel Workers: 4
 Concurrent Workers: 1
 Concurrent Refinement Workers: 4
 Periodic GC: Disabled

Heap:
 garbage-first heap   total 86016K, used 65544K [0x0000000080000000, 0x0000000100000000)
  region size 1024K, 1 young (1024K), 1 survivors (1024K)
 Metaspace       used 64609K, committed 65152K, reserved 1114112K
  class space    used 8727K, committed 8960K, reserved 1048576K

Heap Regions: E=young(eden), S=young(survivor), O=old, HS=humongous(starts), HC=humongous(continues), CS=collection set, F=free, OA=open archive, CA=closed archive, TAMS=top-at-mark-start (previous, next)
|   0|0x0000000080000000, 0x0000000080100000, 0x0000000080100000|100%| O|  |TAMS 0x0000000080100000, 0x0000000080100000| Untracked 
|   1|0x0000000080100000, 0x0000000080200000, 0x0000000080200000|100%| O|  |TAMS 0x0000000080200000, 0x0000000080200000| Untracked 
|   2|0x0000000080200000, 0x0000000080300000, 0x0000000080300000|100%|HS|  |TAMS 0x0000000080300000, 0x0000000080300000| Complete 
|   3|0x0000000080300000, 0x0000000080400000, 0x0000000080400000|100%|HC|  |TAMS 0x0000000080400000, 0x0000000080400000| Complete 
|   4|0x0000000080400000, 0x0000000080500000, 0x0000000080500000|100%|HC|  |TAMS 0x0000000080500000, 0x0000000080500000| Complete 
|   5|0x0000000080500000, 0x0000000080600000, 0x0000000080600000|100%|HC|  |TAMS 0x0000000080600000, 0x0000000080600000| Complete 
|   6|0x0000000080600000, 0x0000000080700000, 0x0000000080700000|100%| O|  |TAMS 0x0000000080700000, 0x0000000080700000| Untracked 
|   7|0x0000000080700000, 0x0000000080800000, 0x0000000080800000|100%| O|  |TAMS 0x0000000080800000, 0x0000000080800000| Untracked 
|   8|0x0000000080800000, 0x0000000080900000, 0x0000000080900000|100%| O|  |TAMS 0x0000000080900000, 0x0000000080900000| Untracked 
|   9|0x0000000080900000, 0x0000000080a00000, 0x0000000080a00000|100%| O|  |TAMS 0x0000000080a00000, 0x0000000080a00000| Untracked 
|  10|0x0000000080a00000, 0x0000000080ab6200, 0x0000000080b00000| 71%| O|  |TAMS 0x0000000080ab6200, 0x0000000080ab6200| Untracked 
|  11|0x0000000080b00000, 0x0000000080c00000, 0x0000000080c00000|100%| O|  |TAMS 0x0000000080c00000, 0x0000000080c00000| Untracked 
|  12|0x0000000080c00000, 0x0000000080d00000, 0x0000000080d00000|100%| O|  |TAMS 0x0000000080d00000, 0x0000000080d00000| Untracked 
|  13|0x0000000080d00000, 0x0000000080e00000, 0x0000000080e00000|100%| O|  |TAMS 0x0000000080e00000, 0x0000000080e00000| Untracked 
|  14|0x0000000080e00000, 0x0000000080f00000, 0x0000000080f00000|100%| O|  |TAMS 0x0000000080f00000, 0x0000000080f00000| Untracked 
|  15|0x0000000080f00000, 0x0000000081000000, 0x0000000081000000|100%| O|  |TAMS 0x0000000081000000, 0x0000000081000000| Untracked 
|  16|0x0000000081000000, 0x0000000081100000, 0x0000000081100000|100%| O|  |TAMS 0x0000000081100000, 0x0000000081100000| Untracked 
|  17|0x0000000081100000, 0x0000000081200000, 0x0000000081200000|100%| O|  |TAMS 0x0000000081200000, 0x0000000081200000| Untracked 
|  18|0x0000000081200000, 0x0000000081300000, 0x0000000081300000|100%| O|  |TAMS 0x0000000081300000, 0x0000000081300000| Untracked 
|  19|0x0000000081300000, 0x0000000081400000, 0x0000000081400000|100%| O|  |TAMS 0x0000000081400000, 0x0000000081400000| Untracked 
|  20|0x0000000081400000, 0x0000000081500000, 0x0000000081500000|100%| O|  |TAMS 0x0000000081500000, 0x0000000081500000| Untracked 
|  21|0x0000000081500000, 0x0000000081600000, 0x0000000081600000|100%| O|  |TAMS 0x0000000081600000, 0x0000000081600000| Untracked 
|  22|0x0000000081600000, 0x0000000081700000, 0x0000000081700000|100%|HS|  |TAMS 0x0000000081600000, 0x0000000081700000| Complete 
|  23|0x0000000081700000, 0x0000000081800000, 0x0000000081800000|100%| O|  |TAMS 0x0000000081800000, 0x0000000081800000| Untracked 
|  24|0x0000000081800000, 0x0000000081900000, 0x0000000081900000|100%| O|  |TAMS 0x0000000081900000, 0x0000000081900000| Untracked 
|  25|0x0000000081900000, 0x0000000081a00000, 0x0000000081a00000|100%| O|  |TAMS 0x0000000081a00000, 0x0000000081a00000| Untracked 
|  26|0x0000000081a00000, 0x0000000081b00000, 0x0000000081b00000|100%| O|  |TAMS 0x0000000081b00000, 0x0000000081b00000| Untracked 
|  27|0x0000000081b00000, 0x0000000081c00000, 0x0000000081c00000|100%| O|  |TAMS 0x0000000081c00000, 0x0000000081c00000| Untracked 
|  28|0x0000000081c00000, 0x0000000081d00000, 0x0000000081d00000|100%| O|  |TAMS 0x0000000081d00000, 0x0000000081d00000| Untracked 
|  29|0x0000000081d00000, 0x0000000081e00000, 0x0000000081e00000|100%| O|  |TAMS 0x0000000081e00000, 0x0000000081e00000| Untracked 
|  30|0x0000000081e00000, 0x0000000081f00000, 0x0000000081f00000|100%| O|  |TAMS 0x0000000081f00000, 0x0000000081f00000| Untracked 
|  31|0x0000000081f00000, 0x0000000082000000, 0x0000000082000000|100%| O|  |TAMS 0x0000000082000000, 0x0000000082000000| Untracked 
|  32|0x0000000082000000, 0x0000000082100000, 0x0000000082100000|100%| O|  |TAMS 0x0000000082100000, 0x0000000082100000| Untracked 
|  33|0x0000000082100000, 0x0000000082200000, 0x0000000082200000|100%| O|  |TAMS 0x0000000082200000, 0x0000000082200000| Untracked 
|  34|0x0000000082200000, 0x0000000082300000, 0x0000000082300000|100%| O|  |TAMS 0x0000000082300000, 0x0000000082300000| Untracked 
|  35|0x0000000082300000, 0x0000000082400000, 0x0000000082400000|100%| O|  |TAMS 0x0000000082400000, 0x0000000082400000| Untracked 
|  36|0x0000000082400000, 0x0000000082500000, 0x0000000082500000|100%| O|  |TAMS 0x0000000082500000, 0x0000000082500000| Untracked 
|  37|0x0000000082500000, 0x0000000082600000, 0x0000000082600000|100%| O|  |TAMS 0x0000000082600000, 0x0000000082600000| Untracked 
|  38|0x0000000082600000, 0x0000000082700000, 0x0000000082700000|100%| O|  |TAMS 0x0000000082700000, 0x0000000082700000| Untracked 
|  39|0x0000000082700000, 0x0000000082800000, 0x0000000082800000|100%| O|  |TAMS 0x0000000082800000, 0x0000000082800000| Untracked 
|  40|0x0000000082800000, 0x0000000082900000, 0x0000000082900000|100%| O|  |TAMS 0x0000000082900000, 0x0000000082900000| Untracked 
|  41|0x0000000082900000, 0x00000000829a0a00, 0x0000000082a00000| 62%| O|  |TAMS 0x0000000082900000, 0x0000000082900000| Untracked 
|  42|0x0000000082a00000, 0x0000000082b00000, 0x0000000082b00000|100%| O|  |TAMS 0x0000000082b00000, 0x0000000082b00000| Untracked 
|  43|0x0000000082b00000, 0x0000000082c00000, 0x0000000082c00000|100%| O|  |TAMS 0x0000000082c00000, 0x0000000082c00000| Untracked 
|  44|0x0000000082c00000, 0x0000000082c00000, 0x0000000082d00000|  0%| F|  |TAMS 0x0000000082c00000, 0x0000000082c00000| Untracked 
|  45|0x0000000082d00000, 0x0000000082e00000, 0x0000000082e00000|100%| O|  |TAMS 0x0000000082dda000, 0x0000000082e00000| Untracked 
|  46|0x0000000082e00000, 0x0000000082f00000, 0x0000000082f00000|100%|HS|  |TAMS 0x0000000082e00000, 0x0000000082f00000| Complete 
|  47|0x0000000082f00000, 0x0000000083000000, 0x0000000083000000|100%|HS|  |TAMS 0x0000000082f00000, 0x0000000083000000| Complete 
|  48|0x0000000083000000, 0x0000000083100000, 0x0000000083100000|100%|HC|  |TAMS 0x0000000083000000, 0x0000000083100000| Complete 
|  49|0x0000000083100000, 0x0000000083200000, 0x0000000083200000|100%|HS|  |TAMS 0x0000000083100000, 0x0000000083200000| Complete 
|  50|0x0000000083200000, 0x0000000083300000, 0x0000000083300000|100%|HC|  |TAMS 0x0000000083200000, 0x0000000083300000| Complete 
|  51|0x0000000083300000, 0x0000000083400000, 0x0000000083400000|100%|HS|  |TAMS 0x0000000083300000, 0x0000000083400000| Complete 
|  52|0x0000000083400000, 0x0000000083500000, 0x0000000083500000|100%|HS|  |TAMS 0x0000000083400000, 0x0000000083500000| Complete 
|  53|0x0000000083500000, 0x0000000083600000, 0x0000000083600000|100%|HC|  |TAMS 0x0000000083500000, 0x0000000083600000| Complete 
|  54|0x0000000083600000, 0x0000000083700000, 0x0000000083700000|100%|HC|  |TAMS 0x0000000083600000, 0x0000000083700000| Complete 
|  55|0x0000000083700000, 0x0000000083800000, 0x0000000083800000|100%|HC|  |TAMS 0x0000000083700000, 0x0000000083800000| Complete 
|  56|0x0000000083800000, 0x0000000083900000, 0x0000000083900000|100%|HS|  |TAMS 0x0000000083800000, 0x0000000083900000| Complete 
|  57|0x0000000083900000, 0x0000000083a00000, 0x0000000083a00000|100%| O|  |TAMS 0x0000000083900000, 0x0000000083a00000| Untracked 
|  58|0x0000000083a00000, 0x0000000083b00000, 0x0000000083b00000|100%| O|  |TAMS 0x0000000083a00000, 0x0000000083b00000| Untracked 
|  59|0x0000000083b00000, 0x0000000083c00000, 0x0000000083c00000|100%| O|  |TAMS 0x0000000083b00000, 0x0000000083bf2c00| Untracked 
|  60|0x0000000083c00000, 0x0000000083c00000, 0x0000000083d00000|  0%| F|  |TAMS 0x0000000083c00000, 0x0000000083c00000| Untracked 
|  61|0x0000000083d00000, 0x0000000083e00000, 0x0000000083e00000|100%| O|  |TAMS 0x0000000083d00000, 0x0000000083e00000| Untracked 
|  62|0x0000000083e00000, 0x0000000083f00000, 0x0000000083f00000|100%| O|  |TAMS 0x0000000083e00000, 0x0000000083f00000| Untracked 
|  63|0x0000000083f00000, 0x0000000084000000, 0x0000000084000000|100%| O|  |TAMS 0x0000000083f00000, 0x0000000084000000| Untracked 
|  64|0x0000000084000000, 0x0000000084000000, 0x0000000084100000|  0%| F|  |TAMS 0x0000000084000000, 0x0000000084000000| Untracked 
|  65|0x0000000084100000, 0x0000000084100000, 0x0000000084200000|  0%| F|  |TAMS 0x0000000084100000, 0x0000000084100000| Untracked 
|  66|0x0000000084200000, 0x0000000084200000, 0x0000000084300000|  0%| F|  |TAMS 0x0000000084200000, 0x0000000084200000| Untracked 
|  67|0x0000000084300000, 0x0000000084300000, 0x0000000084400000|  0%| F|  |TAMS 0x0000000084300000, 0x0000000084300000| Untracked 
|  68|0x0000000084400000, 0x0000000084400000, 0x0000000084500000|  0%| F|  |TAMS 0x0000000084400000, 0x0000000084400000| Untracked 
|  69|0x0000000084500000, 0x0000000084500000, 0x0000000084600000|  0%| F|  |TAMS 0x0000000084500000, 0x0000000084500000| Untracked 
|  70|0x0000000084600000, 0x0000000084600000, 0x0000000084700000|  0%| F|  |TAMS 0x0000000084600000, 0x0000000084600000| Untracked 
|  71|0x0000000084700000, 0x0000000084700000, 0x0000000084800000|  0%| F|  |TAMS 0x0000000084700000, 0x0000000084700000| Untracked 
|  72|0x0000000084800000, 0x0000000084800000, 0x0000000084900000|  0%| F|  |TAMS 0x0000000084800000, 0x0000000084800000| Untracked 
|  73|0x0000000084900000, 0x0000000084900000, 0x0000000084a00000|  0%| F|  |TAMS 0x0000000084900000, 0x0000000084900000| Untracked 
|  74|0x0000000084a00000, 0x0000000084a00000, 0x0000000084b00000|  0%| F|  |TAMS 0x0000000084a00000, 0x0000000084a00000| Untracked 
|  75|0x0000000084b00000, 0x0000000084bab5d8, 0x0000000084c00000| 66%| S|CS|TAMS 0x0000000084b00000, 0x0000000084b00000| Complete 
|  76|0x0000000084c00000, 0x0000000084c00000, 0x0000000084d00000|  0%| F|  |TAMS 0x0000000084c00000, 0x0000000084c00000| Untracked 
|  77|0x0000000084d00000, 0x0000000084d00000, 0x0000000084e00000|  0%| F|  |TAMS 0x0000000084d00000, 0x0000000084d00000| Untracked 
|  78|0x0000000084e00000, 0x0000000084e00000, 0x0000000084f00000|  0%| F|  |TAMS 0x0000000084e00000, 0x0000000084e00000| Untracked 
|  79|0x0000000084f00000, 0x0000000084f00000, 0x0000000085000000|  0%| F|  |TAMS 0x0000000084f00000, 0x0000000084f00000| Untracked 
|  80|0x0000000085000000, 0x0000000085000000, 0x0000000085100000|  0%| F|  |TAMS 0x0000000085000000, 0x0000000085000000| Untracked 
| 127|0x0000000087f00000, 0x0000000087f00000, 0x0000000088000000|  0%| F|  |TAMS 0x0000000087f00000, 0x0000000087f00000| Untracked 
|2046|0x00000000ffe00000, 0x00000000fff00000, 0x00000000fff00000|100%| O|  |TAMS 0x00000000ffe00000, 0x00000000fff00000| Untracked 
|2047|0x00000000fff00000, 0x0000000100000000, 0x0000000100000000|100%| O|  |TAMS 0x00000000fff00000, 0x0000000100000000| Untracked 

Card table byte_map: [0x00000188e4bf0000,0x00000188e4ff0000] _byte_map_base: 0x00000188e47f0000

Marking Bits (Prev, Next): (CMBitMap*) 0x00000188d2368d00, (CMBitMap*) 0x00000188d2368d40
 Prev Bits: [0x00000188e53f0000, 0x00000188e73f0000)
 Next Bits: [0x00000188e73f0000, 0x00000188e93f0000)

Polling page: 0x00000188d1ad0000

Metaspace:

Usage:
  Non-class:     54.57 MB used.
      Class:      8.52 MB used.
       Both:     63.10 MB used.

Virtual space:
  Non-class space:       64.00 MB reserved,      54.88 MB ( 86%) committed,  1 nodes.
      Class space:        1.00 GB reserved,       8.75 MB ( <1%) committed,  1 nodes.
             Both:        1.06 GB reserved,      63.62 MB (  6%) committed. 

Chunk freelists:
   Non-Class:  9.11 MB
       Class:  7.25 MB
        Both:  16.36 MB

MaxMetaspaceSize: unlimited
CompressedClassSpaceSize: 1.00 GB
Initial GC threshold: 21.00 MB
Current GC threshold: 105.12 MB
CDS: off
MetaspaceReclaimPolicy: balanced
 - commit_granule_bytes: 65536.
 - commit_granule_words: 8192.
 - virtual_space_node_default_size: 8388608.
 - enlarge_chunks_in_place: 1.
 - new_chunks_are_fully_committed: 0.
 - uncommit_free_chunks: 1.
 - use_allocation_guard: 0.
 - handle_deallocations: 1.


Internal statistics:

num_allocs_failed_limit: 6.
num_arena_births: 680.
num_arena_deaths: 0.
num_vsnodes_births: 2.
num_vsnodes_deaths: 0.
num_space_committed: 1018.
num_space_uncommitted: 0.
num_chunks_returned_to_freelist: 6.
num_chunks_taken_from_freelist: 2750.
num_chunk_merges: 6.
num_chunk_splits: 1771.
num_chunks_enlarged: 1169.
num_inconsistent_stats: 0.

CodeHeap 'non-profiled nmethods': size=120000Kb used=3698Kb max_used=3698Kb free=116301Kb
 bounds [0x00000188dd2c0000, 0x00000188dd660000, 0x00000188e47f0000]
CodeHeap 'profiled nmethods': size=120000Kb used=13113Kb max_used=13113Kb free=106886Kb
 bounds [0x00000188d57f0000, 0x00000188d64c0000, 0x00000188dcd20000]
CodeHeap 'non-nmethods': size=5760Kb used=1671Kb max_used=1737Kb free=4088Kb
 bounds [0x00000188dcd20000, 0x00000188dcf90000, 0x00000188dd2c0000]
 total_blobs=7726 nmethods=6973 adapters=664
 compilation: enabled
              stopped_count=0, restarted_count=0
 full_count=0

Compilation events (20 events):
Event: 115.435 Thread 0x00000188eb91f4a0 nmethod 7739 0x00000188dd652490 code [0x00000188dd652620, 0x00000188dd6526f8]
Event: 115.435 Thread 0x00000188eb91f4a0 7740       3       jdk.internal.reflect.ClassFileAssembler::opc_new (16 bytes)
Event: 115.436 Thread 0x00000188eb91f4a0 nmethod 7740 0x00000188d64ba710 code [0x00000188d64ba920, 0x00000188d64bae68]
Event: 115.436 Thread 0x00000188eb91f4a0 7741       3       jdk.internal.reflect.ByteVectorFactory::create (8 bytes)
Event: 115.436 Thread 0x00000188eb91f4a0 nmethod 7741 0x00000188d64bb110 code [0x00000188d64bb2c0, 0x00000188d64bb618]
Event: 115.453 Thread 0x00000188eb91f4a0 7742       3       java.net.URL::openConnection (9 bytes)
Event: 115.453 Thread 0x00000188eb91f4a0 nmethod 7742 0x00000188d64bb790 code [0x00000188d64bb940, 0x00000188d64bbb08]
Event: 115.470 Thread 0x00000188eb91eb90 nmethod 7731 0x00000188dd652790 code [0x00000188dd652b60, 0x00000188dd657968]
Event: 115.471 Thread 0x00000188eb91eb90 7735       4       java.util.jar.Manifest$FastInputStream::peek (38 bytes)
Event: 115.473 Thread 0x00000188eb91eb90 nmethod 7735 0x00000188dd65a490 code [0x00000188dd65a620, 0x00000188dd65a728]
Event: 115.479 Thread 0x00000188eb91f4a0 7743       3       java.util.HashMap$HashIterator::<init> (79 bytes)
Event: 115.480 Thread 0x00000188eb91f4a0 nmethod 7743 0x00000188d64bbc10 code [0x00000188d64bbdc0, 0x00000188d64bc1f8]
Event: 115.540 Thread 0x00000188eb91eb90 7745       4       java.lang.Character::isJavaIdentifierPart (9 bytes)
Event: 115.542 Thread 0x00000188eb91eb90 nmethod 7745 0x00000188dd65ab10 code [0x00000188dd65aca0, 0x00000188dd65ad98]
Event: 115.569 Thread 0x00000188eb91eb90 7746       4       java.lang.String::equalsIgnoreCase (45 bytes)
Event: 115.598 Thread 0x00000188eb91eb90 nmethod 7746 0x00000188dd65ae90 code [0x00000188dd65b040, 0x00000188dd65b858]
Event: 115.635 Thread 0x00000188eb91eb90 7747       4       java.util.stream.Collectors$$Lambda$70/0x000000010016bcd0::accept (14 bytes)
Event: 115.654 Thread 0x00000188eb91f4a0 7748       3       groovy.lang.MetaClassImpl::filterPropertyMethod (305 bytes)
Event: 115.655 Thread 0x00000188eb91eb90 nmethod 7747 0x00000188dd65bd10 code [0x00000188dd65bea0, 0x00000188dd65c6f8]
Event: 115.657 Thread 0x00000188eb91f4a0 nmethod 7748 0x00000188d64bc390 code [0x00000188d64bc6c0, 0x00000188d64be0e8]

GC Heap History (20 events):
Event: 71.938 GC heap after
{Heap after GC invocations=16 (full 0):
 garbage-first heap   total 71680K, used 34629K [0x0000000080000000, 0x0000000100000000)
  region size 1024K, 3 young (3072K), 3 survivors (3072K)
 Metaspace       used 52604K, committed 53056K, reserved 1114112K
  class space    used 7293K, committed 7488K, reserved 1048576K
}
Event: 86.971 GC heap before
{Heap before GC invocations=17 (full 0):
 garbage-first heap   total 71680K, used 60229K [0x0000000080000000, 0x0000000100000000)
  region size 1024K, 26 young (26624K), 3 survivors (3072K)
 Metaspace       used 56414K, committed 56960K, reserved 1114112K
  class space    used 7742K, committed 8000K, reserved 1048576K
}
Event: 87.014 GC heap after
{Heap after GC invocations=18 (full 0):
 garbage-first heap   total 71680K, used 35550K [0x0000000080000000, 0x0000000100000000)
  region size 1024K, 2 young (2048K), 2 survivors (2048K)
 Metaspace       used 56414K, committed 56960K, reserved 1114112K
  class space    used 7742K, committed 8000K, reserved 1048576K
}
Event: 101.143 GC heap before
{Heap before GC invocations=18 (full 0):
 garbage-first heap   total 71680K, used 58078K [0x0000000080000000, 0x0000000100000000)
  region size 1024K, 24 young (24576K), 2 survivors (2048K)
 Metaspace       used 61879K, committed 62400K, reserved 1114112K
  class space    used 8425K, committed 8640K, reserved 1048576K
}
Event: 101.154 GC heap after
{Heap after GC invocations=19 (full 0):
 garbage-first heap   total 71680K, used 38271K [0x0000000080000000, 0x0000000100000000)
  region size 1024K, 3 young (3072K), 3 survivors (3072K)
 Metaspace       used 61879K, committed 62400K, reserved 1114112K
  class space    used 8425K, committed 8640K, reserved 1048576K
}
Event: 110.463 GC heap before
{Heap before GC invocations=20 (full 0):
 garbage-first heap   total 71680K, used 57727K [0x0000000080000000, 0x0000000100000000)
  region size 1024K, 22 young (22528K), 3 survivors (3072K)
 Metaspace       used 63297K, committed 63872K, reserved 1114112K
  class space    used 8575K, committed 8832K, reserved 1048576K
}
Event: 110.484 GC heap after
{Heap after GC invocations=21 (full 0):
 garbage-first heap   total 71680K, used 41433K [0x0000000080000000, 0x0000000100000000)
  region size 1024K, 3 young (3072K), 3 survivors (3072K)
 Metaspace       used 63297K, committed 63872K, reserved 1114112K
  class space    used 8575K, committed 8832K, reserved 1048576K
}
Event: 112.043 GC heap before
{Heap before GC invocations=21 (full 0):
 garbage-first heap   total 71680K, used 56793K [0x0000000080000000, 0x0000000100000000)
  region size 1024K, 19 young (19456K), 3 survivors (3072K)
 Metaspace       used 63643K, committed 64256K, reserved 1114112K
  class space    used 8620K, committed 8896K, reserved 1048576K
}
Event: 112.066 GC heap after
{Heap after GC invocations=22 (full 0):
 garbage-first heap   total 71680K, used 45524K [0x0000000080000000, 0x0000000100000000)
  region size 1024K, 3 young (3072K), 3 survivors (3072K)
 Metaspace       used 63643K, committed 64256K, reserved 1114112K
  class space    used 8620K, committed 8896K, reserved 1048576K
}
Event: 112.718 GC heap before
{Heap before GC invocations=23 (full 0):
 garbage-first heap   total 80896K, used 57812K [0x0000000080000000, 0x0000000100000000)
  region size 1024K, 15 young (15360K), 3 survivors (3072K)
 Metaspace       used 63721K, committed 64320K, reserved 1114112K
  class space    used 8620K, committed 8896K, reserved 1048576K
}
Event: 112.732 GC heap after
{Heap after GC invocations=24 (full 0):
 garbage-first heap   total 80896K, used 46299K [0x0000000080000000, 0x0000000100000000)
  region size 1024K, 2 young (2048K), 2 survivors (2048K)
 Metaspace       used 63721K, committed 64320K, reserved 1114112K
  class space    used 8620K, committed 8896K, reserved 1048576K
}
Event: 112.772 GC heap before
{Heap before GC invocations=24 (full 0):
 garbage-first heap   total 80896K, used 47323K [0x0000000080000000, 0x0000000100000000)
  region size 1024K, 3 young (3072K), 2 survivors (2048K)
 Metaspace       used 63727K, committed 64320K, reserved 1114112K
  class space    used 8620K, committed 8896K, reserved 1048576K
}
Event: 112.786 GC heap after
{Heap after GC invocations=25 (full 0):
 garbage-first heap   total 80896K, used 46417K [0x0000000080000000, 0x0000000100000000)
  region size 1024K, 1 young (1024K), 1 survivors (1024K)
 Metaspace       used 63727K, committed 64320K, reserved 1114112K
  class space    used 8620K, committed 8896K, reserved 1048576K
}
Event: 113.835 GC heap before
{Heap before GC invocations=25 (full 0):
 garbage-first heap   total 80896K, used 62801K [0x0000000080000000, 0x0000000100000000)
  region size 1024K, 18 young (18432K), 1 survivors (1024K)
 Metaspace       used 63906K, committed 64512K, reserved 1114112K
  class space    used 8628K, committed 8896K, reserved 1048576K
}
Event: 113.844 GC heap after
{Heap after GC invocations=26 (full 0):
 garbage-first heap   total 80896K, used 48228K [0x0000000080000000, 0x0000000100000000)
  region size 1024K, 3 young (3072K), 3 survivors (3072K)
 Metaspace       used 63906K, committed 64512K, reserved 1114112K
  class space    used 8628K, committed 8896K, reserved 1048576K
}
Event: 115.057 GC heap before
{Heap before GC invocations=27 (full 0):
 garbage-first heap   total 83968K, used 74852K [0x0000000080000000, 0x0000000100000000)
  region size 1024K, 18 young (18432K), 3 survivors (3072K)
 Metaspace       used 64194K, committed 64704K, reserved 1114112K
  class space    used 8663K, committed 8896K, reserved 1048576K
}
Event: 115.071 GC heap after
{Heap after GC invocations=28 (full 0):
 garbage-first heap   total 86016K, used 65626K [0x0000000080000000, 0x0000000100000000)
  region size 1024K, 3 young (3072K), 3 survivors (3072K)
 Metaspace       used 64194K, committed 64704K, reserved 1114112K
  class space    used 8663K, committed 8896K, reserved 1048576K
}
Event: 115.326 GC heap before
{Heap before GC invocations=28 (full 0):
 garbage-first heap   total 86016K, used 65626K [0x0000000080000000, 0x0000000100000000)
  region size 1024K, 4 young (4096K), 3 survivors (3072K)
 Metaspace       used 64195K, committed 64704K, reserved 1114112K
  class space    used 8663K, committed 8896K, reserved 1048576K
}
Event: 115.332 GC heap after
{Heap after GC invocations=29 (full 0):
 garbage-first heap   total 86016K, used 64846K [0x0000000080000000, 0x0000000100000000)
  region size 1024K, 1 young (1024K), 1 survivors (1024K)
 Metaspace       used 64195K, committed 64704K, reserved 1114112K
  class space    used 8663K, committed 8896K, reserved 1048576K
}
Event: 115.665 GC heap before
{Heap before GC invocations=29 (full 0):
 garbage-first heap   total 86016K, used 68942K [0x0000000080000000, 0x0000000100000000)
  region size 1024K, 6 young (6144K), 1 survivors (1024K)
 Metaspace       used 64609K, committed 65152K, reserved 1114112K
  class space    used 8727K, committed 8960K, reserved 1048576K
}

Dll operation events (3 events):
Event: 0.104 Loaded shared library C:\Users\Zack Githui\AppData\Local\Programs\Android Studio\jbr\bin\java.dll
Event: 1.426 Loaded shared library C:\Users\Zack Githui\AppData\Local\Programs\Android Studio\jbr\bin\zip.dll
Event: 3.995 Loaded shared library C:\Users\Zack Githui\AppData\Local\Programs\Android Studio\jbr\bin\verify.dll

Deoptimization events (20 events):
Event: 114.823 Thread 0x00000188f1697950 DEOPT PACKING pc=0x00000188d5a73e69 sp=0x00000053c13f7e30
Event: 114.823 Thread 0x00000188f1697950 DEOPT UNPACKING pc=0x00000188dcd77143 sp=0x00000053c13f73b0 mode 0
Event: 114.928 Thread 0x00000188f1697950 DEOPT PACKING pc=0x00000188d5a73e69 sp=0x00000053c13f7e30
Event: 114.928 Thread 0x00000188f1697950 DEOPT UNPACKING pc=0x00000188dcd77143 sp=0x00000053c13f73b0 mode 0
Event: 114.990 Thread 0x00000188f1697950 DEOPT PACKING pc=0x00000188d5a73e69 sp=0x00000053c13f7e30
Event: 114.990 Thread 0x00000188f1697950 DEOPT UNPACKING pc=0x00000188dcd77143 sp=0x00000053c13f73b0 mode 0
Event: 115.351 Thread 0x00000188f1697950 DEOPT PACKING pc=0x00000188d5a73e69 sp=0x00000053c13f7e30
Event: 115.351 Thread 0x00000188f1697950 DEOPT UNPACKING pc=0x00000188dcd77143 sp=0x00000053c13f73b0 mode 0
Event: 115.480 Thread 0x00000188f1697950 Uncommon trap: trap_request=0xffffffc6 fr.pc=0x00000188dd5decfc relative=0x00000000000001bc
Event: 115.480 Thread 0x00000188f1697950 Uncommon trap: reason=bimorphic_or_optimized_type_check action=maybe_recompile pc=0x00000188dd5decfc method=com.google.common.collect.ImmutableList.copyOf(Ljava/util/Collection;)Lcom/google/common/collect/ImmutableList; @ 16 c2
Event: 115.480 Thread 0x00000188f1697950 DEOPT PACKING pc=0x00000188dd5decfc sp=0x00000053c13f87f0
Event: 115.480 Thread 0x00000188f1697950 DEOPT UNPACKING pc=0x00000188dcd769a3 sp=0x00000053c13f8798 mode 2
Event: 115.482 Thread 0x00000188f1697950 Uncommon trap: trap_request=0xffffffc6 fr.pc=0x00000188dd5decfc relative=0x00000000000001bc
Event: 115.482 Thread 0x00000188f1697950 Uncommon trap: reason=bimorphic_or_optimized_type_check action=maybe_recompile pc=0x00000188dd5decfc method=com.google.common.collect.ImmutableList.copyOf(Ljava/util/Collection;)Lcom/google/common/collect/ImmutableList; @ 16 c2
Event: 115.482 Thread 0x00000188f1697950 DEOPT PACKING pc=0x00000188dd5decfc sp=0x00000053c13f80b0
Event: 115.482 Thread 0x00000188f1697950 DEOPT UNPACKING pc=0x00000188dcd769a3 sp=0x00000053c13f8058 mode 2
Event: 115.652 Thread 0x00000188f1697950 Uncommon trap: trap_request=0xffffffc6 fr.pc=0x00000188dd306854 relative=0x0000000000000774
Event: 115.652 Thread 0x00000188f1697950 Uncommon trap: reason=bimorphic_or_optimized_type_check action=maybe_recompile pc=0x00000188dd306854 method=java.util.regex.Pattern$Start.match(Ljava/util/regex/Matcher;ILjava/lang/CharSequence;)Z @ 44 c2
Event: 115.652 Thread 0x00000188f1697950 DEOPT PACKING pc=0x00000188dd306854 sp=0x00000053c13f7b20
Event: 115.652 Thread 0x00000188f1697950 DEOPT UNPACKING pc=0x00000188dcd769a3 sp=0x00000053c13f79e8 mode 2

Classes unloaded (0 events):
No events

Classes redefined (0 events):
No events

Internal exceptions (20 events):
Event: 101.436 Thread 0x00000188f1697950 Implicit null exception at 0x00000188dd320472 to 0x00000188dd320aac
Event: 110.421 Thread 0x00000188f1697950 Exception <a 'java/lang/NoSuchMethodError'{0x000000008333ad40}: 'java.lang.Object java.lang.invoke.DirectMethodHandle$Holder.newInvokeSpecial(java.lang.Object, java.lang.Object, java.lang.Object, java.lang.Object, int, java.lang.Object)'> (0x000000008333ad40) 
thrown [s\src\hotspot\share\interpreter\linkResolver.cpp, line 771]
Event: 110.422 Thread 0x00000188f1697950 Exception <a 'java/lang/NoSuchMethodError'{0x0000000083340050}: 'java.lang.Object java.lang.invoke.Invokers$Holder.linkToTargetMethod(java.lang.Object, java.lang.Object, java.lang.Object, int, java.lang.Object, java.lang.Object)'> (0x0000000083340050) 
thrown [s\src\hotspot\share\interpreter\linkResolver.cpp, line 771]
Event: 110.498 Thread 0x00000188eba63020 Implicit null exception at 0x00000188dd425783 to 0x00000188dd42595c
Event: 113.888 Thread 0x00000188f1697950 Exception <a 'java/lang/NoSuchMethodError'{0x0000000087f49158}: 'long java.lang.invoke.DirectMethodHandle$Holder.invokeVirtual(java.lang.Object, java.lang.Object)'> (0x0000000087f49158) 
thrown [s\src\hotspot\share\interpreter\linkResolver.cpp, line 771]
Event: 113.924 Thread 0x00000188ebbc6770 Exception <a 'java/lang/NoSuchMethodError'{0x0000000087f774b8}: static Lorg/gradle/internal/build/event/types/DefaultOperationFinishedProgressEvent;.<clinit>()V> (0x0000000087f774b8) 
thrown [s\src\hotspot\share\prims\jni.cpp, line 1108]
Event: 113.938 Thread 0x00000188ebbc6770 Exception <a 'java/lang/NoSuchMethodError'{0x0000000087fa5418}: static Lorg/gradle/internal/build/event/types/DefaultProjectConfigurationSuccessResult;.<clinit>()V> (0x0000000087fa5418) 
thrown [s\src\hotspot\share\prims\jni.cpp, line 1108]
Event: 113.938 Thread 0x00000188ebbc6770 Exception <a 'java/lang/NoSuchMethodError'{0x0000000087fa69b0}: static Lorg/gradle/internal/build/event/types/AbstractProjectConfigurationResult;.<clinit>()V> (0x0000000087fa69b0) 
thrown [s\src\hotspot\share\prims\jni.cpp, line 1108]
Event: 113.938 Thread 0x00000188ebbc6770 Exception <a 'java/lang/NoSuchMethodError'{0x0000000087fa80f8}: static Lorg/gradle/internal/build/event/types/AbstractOperationResult;.<clinit>()V> (0x0000000087fa80f8) 
thrown [s\src\hotspot\share\prims\jni.cpp, line 1108]
Event: 113.939 Thread 0x00000188ebbc6770 Exception <a 'java/lang/NoSuchMethodError'{0x0000000087fa9570}: static Lorg/gradle/internal/build/event/types/AbstractResult;.<clinit>()V> (0x0000000087fa9570) 
thrown [s\src\hotspot\share\prims\jni.cpp, line 1108]
Event: 113.944 Thread 0x00000188ebbc6770 Exception <a 'java/lang/NoSuchMethodError'{0x0000000087fc22b0}: static Lorg/gradle/internal/build/event/types/DefaultPluginApplicationResult;.<clinit>()V> (0x0000000087fc22b0) 
thrown [s\src\hotspot\share\prims\jni.cpp, line 1108]
Event: 113.950 Thread 0x00000188ebbc6770 Exception <a 'java/lang/NoSuchMethodError'{0x0000000087fceca0}: static Lorg/gradle/internal/build/event/types/DefaultBinaryPluginIdentifier;.<clinit>()V> (0x0000000087fceca0) 
thrown [s\src\hotspot\share\prims\jni.cpp, line 1108]
Event: 113.955 Thread 0x00000188ebbc6770 Exception <a 'java/lang/NoSuchMethodError'{0x0000000087fe8d40}: static Lorg/gradle/internal/build/event/types/DefaultScriptPluginIdentifier;.<clinit>()V> (0x0000000087fe8d40) 
thrown [s\src\hotspot\share\prims\jni.cpp, line 1108]
Event: 114.378 Thread 0x00000188f1697950 Implicit null exception at 0x00000188dd412a12 to 0x00000188dd4132ac
Event: 114.378 Thread 0x00000188f1697950 Implicit null exception at 0x00000188dd414494 to 0x00000188dd414d14
Event: 115.496 Thread 0x00000188f1697950 Exception <a 'java/lang/NoSuchMethodError'{0x0000000084e68578}: 'void java.lang.invoke.Invokers$Holder.invoke_MT(java.lang.Object, java.lang.Object, java.lang.Object, java.lang.Object)'> (0x0000000084e68578) 
thrown [s\src\hotspot\share\interpreter\linkResolver.cpp, line 771]
Event: 115.514 Thread 0x00000188f1697950 Exception <a 'java/lang/NoSuchMethodError'{0x0000000084eb2788}: 'java.lang.Object java.lang.invoke.DirectMethodHandle$Holder.invokeSpecial(java.lang.Object, java.lang.Object, java.lang.Object, int, java.lang.Object, java.lang.Object)'> (0x0000000084eb2788) 
thrown [s\src\hotspot\share\interpreter\linkResolver.cpp, line 771]
Event: 115.648 Thread 0x00000188f1697950 Exception <a 'java/lang/ClassNotFoundException'{0x0000000084cc0de0}: sun/misc/SharedSecrets> (0x0000000084cc0de0) 
thrown [s\src\hotspot\share\classfile\systemDictionary.cpp, line 256]
Event: 115.648 Thread 0x00000188f1697950 Exception <a 'java/lang/ClassNotFoundException'{0x0000000084cc2648}: org/gradle/api/internal/plugins/DefaultObjectConfigurationActionBeanInfo> (0x0000000084cc2648) 
thrown [s\src\hotspot\share\classfile\systemDictionary.cpp, line 256]
Event: 115.651 Thread 0x00000188f1697950 Exception <a 'java/lang/ClassNotFoundException'{0x0000000084cd92f0}: org/gradle/api/internal/plugins/DefaultObjectConfigurationActionCustomizer> (0x0000000084cd92f0) 
thrown [s\src\hotspot\share\classfile\systemDictionary.cpp, line 256]

VM Operations (20 events):
Event: 112.229 Executing VM operation: G1PauseRemark done
Event: 112.306 Executing VM operation: G1PauseCleanup
Event: 112.306 Executing VM operation: G1PauseCleanup done
Event: 112.718 Executing VM operation: G1CollectForAllocation
Event: 112.733 Executing VM operation: G1CollectForAllocation done
Event: 112.772 Executing VM operation: G1CollectForAllocation
Event: 112.786 Executing VM operation: G1CollectForAllocation done
Event: 113.731 Executing VM operation: HandshakeAllThreads
Event: 113.731 Executing VM operation: HandshakeAllThreads done
Event: 113.834 Executing VM operation: G1CollectForAllocation
Event: 113.844 Executing VM operation: G1CollectForAllocation done
Event: 114.054 Executing VM operation: G1PauseRemark
Event: 114.062 Executing VM operation: G1PauseRemark done
Event: 114.149 Executing VM operation: G1PauseCleanup
Event: 114.150 Executing VM operation: G1PauseCleanup done
Event: 115.057 Executing VM operation: G1CollectForAllocation
Event: 115.071 Executing VM operation: G1CollectForAllocation done
Event: 115.326 Executing VM operation: G1CollectForAllocation
Event: 115.332 Executing VM operation: G1CollectForAllocation done
Event: 115.665 Executing VM operation: G1CollectForAllocation

Events (20 events):
Event: 105.323 loading class java/util/LinkedList$LLSpliterator done
Event: 109.396 loading class java/util/Collections$ReverseComparator
Event: 109.396 loading class java/util/Collections$ReverseComparator done
Event: 109.396 loading class java/util/Collections$ReverseComparator2
Event: 109.397 loading class java/util/Collections$ReverseComparator2 done
Event: 110.461 Thread 0x00000188f153a810 Thread added: 0x00000188f153a810
Event: 110.462 Thread 0x00000188f15393d0 Thread added: 0x00000188f15393d0
Event: 110.462 Thread 0x00000188f153cb80 Thread added: 0x00000188f153cb80
Event: 110.492 loading class sun/security/ssl/Alert
Event: 110.496 loading class sun/security/ssl/Alert done
Event: 110.496 loading class sun/security/ssl/Alert$AlertConsumer
Event: 110.497 loading class sun/security/ssl/Alert$AlertConsumer done
Event: 110.497 loading class sun/security/ssl/Alert$Level
Event: 110.497 loading class sun/security/ssl/Alert$Level done
Event: 113.892 loading class java/util/stream/SortedOps$RefSortingSink
Event: 113.893 loading class java/util/stream/SortedOps$RefSortingSink done
Event: 113.952 loading class java/time/Ser
Event: 113.952 loading class java/time/Ser done
Event: 115.648 loading class sun/misc/SharedSecrets
Event: 115.648 loading class sun/misc/SharedSecrets done


Dynamic libraries:
0x00007ff7ff1c0000 - 0x00007ff7ff1ca000 	C:\Users\Zack Githui\AppData\Local\Programs\Android Studio\jbr\bin\java.exe
0x00007ff8cdb80000 - 0x00007ff8cdd89000 	C:\Windows\SYSTEM32\ntdll.dll
0x00007ff8cbff0000 - 0x00007ff8cc0ad000 	C:\Windows\System32\KERNEL32.DLL
0x00007ff8cb520000 - 0x00007ff8cb8a4000 	C:\Windows\System32\KERNELBASE.dll
0x00007ff8cb1d0000 - 0x00007ff8cb2e1000 	C:\Windows\System32\ucrtbase.dll
0x00007ff8c4d40000 - 0x00007ff8c4d5b000 	C:\Users\Zack Githui\AppData\Local\Programs\Android Studio\jbr\bin\VCRUNTIME140.dll
0x00007ff8bfec0000 - 0x00007ff8bfed7000 	C:\Users\Zack Githui\AppData\Local\Programs\Android Studio\jbr\bin\jli.dll
0x00007ff8cd8e0000 - 0x00007ff8cda8d000 	C:\Windows\System32\USER32.dll
0x00007ff8cb0b0000 - 0x00007ff8cb0d6000 	C:\Windows\System32\win32u.dll
0x00007ff8cc700000 - 0x00007ff8cc72a000 	C:\Windows\System32\GDI32.dll
0x00007ff8cb8b0000 - 0x00007ff8cb9ce000 	C:\Windows\System32\gdi32full.dll
0x00007ff8cb010000 - 0x00007ff8cb0ad000 	C:\Windows\System32\msvcp_win.dll
0x00007ff8aef30000 - 0x00007ff8af1d5000 	C:\Windows\WinSxS\amd64_microsoft.windows.common-controls_6595b64144ccf1df_6.0.22000.120_none_9d947278b86cc467\COMCTL32.dll
0x00007ff8cc430000 - 0x00007ff8cc4d3000 	C:\Windows\System32\msvcrt.dll
0x00007ff8cda90000 - 0x00007ff8cdac1000 	C:\Windows\System32\IMM32.DLL
0x00007ff8c4d30000 - 0x00007ff8c4d3c000 	C:\Users\Zack Githui\AppData\Local\Programs\Android Studio\jbr\bin\vcruntime140_1.dll
0x00007ff8c4ca0000 - 0x00007ff8c4d2d000 	C:\Users\Zack Githui\AppData\Local\Programs\Android Studio\jbr\bin\msvcp140.dll
0x00007ff865610000 - 0x00007ff866293000 	C:\Users\Zack Githui\AppData\Local\Programs\Android Studio\jbr\bin\server\jvm.dll
0x00007ff8cc730000 - 0x00007ff8cc7de000 	C:\Windows\System32\ADVAPI32.dll
0x00007ff8cd810000 - 0x00007ff8cd8ae000 	C:\Windows\System32\sechost.dll
0x00007ff8cb9d0000 - 0x00007ff8cbaf1000 	C:\Windows\System32\RPCRT4.dll
0x00007ff8cad40000 - 0x00007ff8cad8d000 	C:\Windows\SYSTEM32\POWRPROF.dll
0x00007ff8c8710000 - 0x00007ff8c8719000 	C:\Windows\SYSTEM32\WSOCK32.dll
0x00007ff8bfd30000 - 0x00007ff8bfd63000 	C:\Windows\SYSTEM32\WINMM.dll
0x00007ff8b8e00000 - 0x00007ff8b8e0a000 	C:\Windows\SYSTEM32\VERSION.dll
0x00007ff8cc7e0000 - 0x00007ff8cc84f000 	C:\Windows\System32\WS2_32.dll
0x00007ff8cad20000 - 0x00007ff8cad33000 	C:\Windows\SYSTEM32\UMPDC.dll
0x00007ff8ca040000 - 0x00007ff8ca058000 	C:\Windows\SYSTEM32\kernel.appcore.dll
0x00007ff8c9900000 - 0x00007ff8c990a000 	C:\Users\Zack Githui\AppData\Local\Programs\Android Studio\jbr\bin\jimage.dll
0x00007ff8c2960000 - 0x00007ff8c2b81000 	C:\Windows\SYSTEM32\DBGHELP.DLL
0x00007ff8b8340000 - 0x00007ff8b8371000 	C:\Windows\SYSTEM32\dbgcore.DLL
0x00007ff8cb150000 - 0x00007ff8cb1cf000 	C:\Windows\System32\bcryptPrimitives.dll
0x00007ff8bff00000 - 0x00007ff8bff0e000 	C:\Users\Zack Githui\AppData\Local\Programs\Android Studio\jbr\bin\instrument.dll
0x00007ff8c86e0000 - 0x00007ff8c8705000 	C:\Users\Zack Githui\AppData\Local\Programs\Android Studio\jbr\bin\java.dll
0x00007ff8c40f0000 - 0x00007ff8c4108000 	C:\Users\Zack Githui\AppData\Local\Programs\Android Studio\jbr\bin\zip.dll
0x00007ff8cc8c0000 - 0x00007ff8cd085000 	C:\Windows\System32\SHELL32.dll
0x00007ff8c8f40000 - 0x00007ff8c97a2000 	C:\Windows\SYSTEM32\windows.storage.dll
0x00007ff8cc0b0000 - 0x00007ff8cc426000 	C:\Windows\System32\combase.dll
0x00007ff8c8dd0000 - 0x00007ff8c8f37000 	C:\Windows\SYSTEM32\wintypes.dll
0x00007ff8cd090000 - 0x00007ff8cd17a000 	C:\Windows\System32\SHCORE.dll
0x00007ff8cd7a0000 - 0x00007ff8cd7fd000 	C:\Windows\System32\shlwapi.dll
0x00007ff8caf40000 - 0x00007ff8caf65000 	C:\Windows\SYSTEM32\profapi.dll
0x00007ff8c01e0000 - 0x00007ff8c01f9000 	C:\Users\Zack Githui\AppData\Local\Programs\Android Studio\jbr\bin\net.dll
0x00007ff8bf100000 - 0x00007ff8bf214000 	C:\Windows\SYSTEM32\WINHTTP.dll
0x00007ff8ca4e0000 - 0x00007ff8ca547000 	C:\Windows\system32\mswsock.dll
0x00007ff8c01c0000 - 0x00007ff8c01d6000 	C:\Users\Zack Githui\AppData\Local\Programs\Android Studio\jbr\bin\nio.dll
0x00007ff8c8720000 - 0x00007ff8c8730000 	C:\Users\Zack Githui\AppData\Local\Programs\Android Studio\jbr\bin\verify.dll
0x00007ff8aef00000 - 0x00007ff8aef27000 	C:\Users\Zack Githui\.gradle\native\c067742578af261105cb4f569cf0c3c89f3d7b1fecec35dd04571415982c5e48\windows-amd64\native-platform.dll
0x00007ff8c3240000 - 0x00007ff8c3384000 	C:\Users\Zack Githui\.gradle\native\38dada09dfb8b06ba9b0570ebf7e218e3eb74d4ef43ca46872605cf95ebc2f47\windows-amd64\native-platform-file-events.dll
0x00007ff8c4170000 - 0x00007ff8c4179000 	C:\Users\Zack Githui\AppData\Local\Programs\Android Studio\jbr\bin\management.dll
0x00007ff8c28a0000 - 0x00007ff8c28ab000 	C:\Users\Zack Githui\AppData\Local\Programs\Android Studio\jbr\bin\management_ext.dll
0x00007ff8cd190000 - 0x00007ff8cd198000 	C:\Windows\System32\PSAPI.DLL
0x00007ff8ca820000 - 0x00007ff8ca838000 	C:\Windows\SYSTEM32\CRYPTSP.dll
0x00007ff8c9fa0000 - 0x00007ff8c9fd5000 	C:\Windows\system32\rsaenh.dll
0x00007ff8ca580000 - 0x00007ff8ca5ac000 	C:\Windows\SYSTEM32\USERENV.dll
0x00007ff8ca960000 - 0x00007ff8ca987000 	C:\Windows\SYSTEM32\bcrypt.dll
0x00007ff8ca6d0000 - 0x00007ff8ca6dc000 	C:\Windows\SYSTEM32\CRYPTBASE.dll
0x00007ff8c9b60000 - 0x00007ff8c9b8d000 	C:\Windows\SYSTEM32\IPHLPAPI.DLL
0x00007ff8cd180000 - 0x00007ff8cd189000 	C:\Windows\System32\NSI.dll
0x00007ff8beec0000 - 0x00007ff8beed9000 	C:\Windows\SYSTEM32\dhcpcsvc6.DLL
0x00007ff8bf940000 - 0x00007ff8bf95e000 	C:\Windows\SYSTEM32\dhcpcsvc.DLL
0x00007ff8c9bd0000 - 0x00007ff8c9cb7000 	C:\Windows\SYSTEM32\DNSAPI.dll
0x00007ff8c86d0000 - 0x00007ff8c86d9000 	C:\Users\Zack Githui\AppData\Local\Programs\Android Studio\jbr\bin\extnet.dll
0x00007ff8c36d0000 - 0x00007ff8c36d8000 	C:\Windows\system32\wshunix.dll
0x00007ff8b8940000 - 0x00007ff8b894a000 	C:\Windows\System32\rasadhlp.dll
0x00007ff8ba330000 - 0x00007ff8ba3b1000 	C:\Windows\System32\fwpuclnt.dll

dbghelp: loaded successfully - version: 4.0.5 - missing functions: none
symbol engine: initialized successfully - sym options: 0x614 - pdb path: .;C:\Users\Zack Githui\AppData\Local\Programs\Android Studio\jbr\bin;C:\Windows\SYSTEM32;C:\Windows\WinSxS\amd64_microsoft.windows.common-controls_6595b64144ccf1df_6.0.22000.120_none_9d947278b86cc467;C:\Users\Zack Githui\AppData\Local\Programs\Android Studio\jbr\bin\server;C:\Users\Zack Githui\.gradle\native\c067742578af261105cb4f569cf0c3c89f3d7b1fecec35dd04571415982c5e48\windows-amd64;C:\Users\Zack Githui\.gradle\native\38dada09dfb8b06ba9b0570ebf7e218e3eb74d4ef43ca46872605cf95ebc2f47\windows-amd64

VM Arguments:
jvm_args: --add-opens=java.base/java.util=ALL-UNNAMED --add-opens=java.base/java.lang=ALL-UNNAMED --add-opens=java.base/java.lang.invoke=ALL-UNNAMED --add-opens=java.prefs/java.util.prefs=ALL-UNNAMED --add-opens=java.base/java.nio.charset=ALL-UNNAMED --add-opens=java.base/java.net=ALL-UNNAMED --add-opens=java.base/java.util.concurrent.atomic=ALL-UNNAMED -Xmx2048m -Dfile.encoding=UTF-8 -Duser.country=US -Duser.language=en -Duser.variant -javaagent:C:\Users\Zack Githui\.gradle\wrapper\dists\gradle-8.6-bin\afr5mpiioh2wthjmwnkmdsd5w\gradle-8.6\lib\agents\gradle-instrumentation-agent-8.6.jar 
java_command: org.gradle.launcher.daemon.bootstrap.GradleDaemon 8.6
java_class_path (initial): C:\Users\Zack Githui\.gradle\wrapper\dists\gradle-8.6-bin\afr5mpiioh2wthjmwnkmdsd5w\gradle-8.6\lib\gradle-launcher-8.6.jar
Launcher Type: SUN_STANDARD

[Global flags]
     intx CICompilerCount                          = 3                                         {product} {ergonomic}
     uint ConcGCThreads                            = 1                                         {product} {ergonomic}
     uint G1ConcRefinementThreads                  = 4                                         {product} {ergonomic}
   size_t G1HeapRegionSize                         = 1048576                                   {product} {ergonomic}
    uintx GCDrainStackTargetSize                   = 64                                        {product} {ergonomic}
   size_t InitialHeapSize                          = 134217728                                 {product} {ergonomic}
   size_t MarkStackSize                            = 4194304                                   {product} {ergonomic}
   size_t MaxHeapSize                              = 2147483648                                {product} {command line}
   size_t MaxNewSize                               = 1287651328                                {product} {ergonomic}
   size_t MinHeapDeltaBytes                        = 1048576                                   {product} {ergonomic}
   size_t MinHeapSize                              = 8388608                                   {product} {ergonomic}
    uintx NonNMethodCodeHeapSize                   = 5832780                                {pd product} {ergonomic}
    uintx NonProfiledCodeHeapSize                  = 122912730                              {pd product} {ergonomic}
    uintx ProfiledCodeHeapSize                     = 122912730                              {pd product} {ergonomic}
    uintx ReservedCodeCacheSize                    = 251658240                              {pd product} {ergonomic}
     bool SegmentedCodeCache                       = true                                      {product} {ergonomic}
   size_t SoftMaxHeapSize                          = 2147483648                             {manageable} {ergonomic}
     bool UseCompressedClassPointers               = true                           {product lp64_product} {ergonomic}
     bool UseCompressedOops                        = true                           {product lp64_product} {ergonomic}
     bool UseG1GC                                  = true                                      {product} {ergonomic}
     bool UseLargePagesIndividualAllocation        = false                                  {pd product} {ergonomic}

Logging:
Log output configuration:
 #0: stdout all=warning uptime,level,tags
 #1: stderr all=off uptime,level,tags

Environment Variables:
JAVA_HOME=C:\Users\Zack Githui\AppData\Local\Coursier\cache\arc\https\github.com\adoptium\temurin11-binaries\releases\download\jdk-11.0.24%252B8\OpenJDK11U-jdk_x64_windows_hotspot_11.0.24_8.zip\jdk-11.0.24+8
PATH=C:\Windows\system32;C:\Windows;C:\Windows\System32\Wbem;C:\Windows\System32\WindowsPowerShell\v1.0\;C:\Windows\System32\OpenSSH\;C:\Program Files\Git\cmd;C:\Users\zack githui\AppData\Local\Packages\PythonSoftwareFoundation.Python.3.12_qbz5n2kfra8p0\LocalCache\local-packages\Python312\;C:\Users\zack githui\AppData\Local\Packages\PythonSoftwareFoundation.Python.3.12_qbz5n2kfra8p0\LocalCache\local-packages\Python312\Scripts\;C:\Program Files\nodejs\;C:\Program Files\ngrok\;C:\Users\Zack Githui\AppData\Local\Programs\Python\Launcher\;C:\Users\Zack Githui\AppData\Local\Microsoft\WindowsApps;C:\Users\Zack Githui\AppData\Local\Coursier\cache\arc\https\github.com\adoptium\temurin11-binaries\releases\download\jdk-11.0.24%252B8\OpenJDK11U-jdk_x64_windows_hotspot_11.0.24_8.zip\jdk-11.0.24+8\bin;C:\Users\Zack Githui\AppData\Local\Coursier\data\bin;C:\Users\Zack Githui\AppData\Local\JetBrains\Toolbox\scripts;C:\Users\Zack Githui\AppData\Local\Programs\Microsoft VS Code\bin;C:\Users\Zack Githui\AppData\Local\Microsoft\WinGet\Links;C:\Users\Zack Githui\AppData\Roaming\npm
USERNAME=Zack Githui
OS=Windows_NT
PROCESSOR_IDENTIFIER=Intel64 Family 6 Model 78 Stepping 3, GenuineIntel
TMP=C:\Users\ZACKGI~1\AppData\Local\Temp
TEMP=C:\Users\ZACKGI~1\AppData\Local\Temp



Periodic native trim disabled

JNI global refs:
JNI global refs: 26, weak refs: 0

JNI global refs memory usage: 843, weak refs: 841

OOME stack traces (most recent first):
Classloader memory used:
Loader org.gradle.internal.classloader.VisitableURLClassLoader                         : 3498K
Loader bootstrap                                                                       : 3116K
Loader org.gradle.initialization.MixInLegacyTypesClassLoader                           : 1262K
Loader jdk.internal.loader.ClassLoaders$PlatformClassLoader                            : 101733B
Loader jdk.internal.loader.ClassLoaders$AppClassLoader                                 : 28733B
Loader org.gradle.internal.classloader.VisitableURLClassLoader$InstrumentingVisitableURLClassLoader: 27336B
Loader jdk.internal.reflect.DelegatingClassLoader                                      : 26879B
Loader org.gradle.internal.classloader.VisitableURLClassLoader                         : 19529B

Classes loaded by more than one classloader:
Class Program                                                                         : loaded 4 times (x 72B)
Class org.gradle.internal.classpath.ClassPath                                         : loaded 2 times (x 68B)
Class org.gradle.api.internal.classpath.DefaultModuleRegistry                         : loaded 2 times (x 84B)
Class Settings_gradle$1$1                                                             : loaded 2 times (x 73B)
Class org.gradle.api.Action                                                           : loaded 2 times (x 68B)
Class org.gradle.api.internal.DefaultClassPathProvider                                : loaded 2 times (x 74B)
Class org.gradle.internal.installation.GradleInstallation$1                           : loaded 2 times (x 73B)
Class org.gradle.internal.classloader.FilteringClassLoader                            : loaded 2 times (x 103B)
Class org.gradle.internal.classpath.DefaultClassPath$ImmutableUniqueList$Builder      : loaded 2 times (x 73B)
Class org.gradle.internal.classloader.ClassLoaderVisitor                              : loaded 2 times (x 74B)
Class org.gradle.internal.service.DefaultServiceLocator                               : loaded 2 times (x 81B)
Class org.gradle.internal.service.UnknownServiceException                             : loaded 2 times (x 81B)
Class org.gradle.internal.classloader.DefaultClassLoaderFactory                       : loaded 2 times (x 80B)
Class org.gradle.internal.classloader.VisitableURLClassLoader$Spec                    : loaded 2 times (x 72B)
Class org.gradle.api.GradleException                                                  : loaded 2 times (x 80B)
Class org.gradle.api.internal.classpath.ModuleRegistry                                : loaded 2 times (x 68B)
Class org.gradle.api.internal.ClassPathProvider                                       : loaded 2 times (x 68B)
Class org.gradle.internal.classloader.ClasspathUtil$1                                 : loaded 2 times (x 74B)
Class org.gradle.internal.classloader.ClassLoaderFactory                              : loaded 2 times (x 68B)
Class org.gradle.api.internal.classpath.ManifestUtil                                  : loaded 2 times (x 69B)
Class org.gradle.api.specs.Spec                                                       : loaded 2 times (x 68B)
Class org.gradle.internal.IoActions                                                   : loaded 2 times (x 69B)
Class Settings_gradle$1$1$1                                                           : loaded 2 times (x 73B)
Class org.gradle.api.internal.classpath.EffectiveClassPath                            : loaded 2 times (x 88B)
Class org.gradle.internal.installation.CurrentGradleInstallation                      : loaded 2 times (x 71B)
Class org.gradle.internal.agents.InstrumentingClassLoader                             : loaded 2 times (x 68B)
Class org.gradle.internal.installation.CurrentGradleInstallationLocator               : loaded 2 times (x 69B)
Class org.gradle.api.internal.classpath.Module                                        : loaded 2 times (x 68B)
Class org.gradle.internal.service.CachingServiceLocator                               : loaded 2 times (x 80B)
Class org.gradle.internal.classpath.DefaultClassPath                                  : loaded 2 times (x 88B)
Class Build_gradle$1                                                                  : loaded 2 times (x 76B)
Class org.gradle.internal.classloader.SystemClassLoaderSpec                           : loaded 2 times (x 69B)
Class org.gradle.api.UncheckedIOException                                             : loaded 2 times (x 80B)
Class org.gradle.internal.installation.GradleInstallation                             : loaded 2 times (x 73B)
Class org.gradle.internal.classloader.ClasspathUtil                                   : loaded 2 times (x 69B)
Class org.gradle.api.internal.DefaultClassPathRegistry                                : loaded 2 times (x 74B)
Class org.gradle.api.internal.classpath.DefaultModuleRegistry$DefaultModule           : loaded 2 times (x 84B)
Class org.gradle.kotlin.dsl.VersionCatalogAccessorsKt                                 : loaded 2 times (x 69B)
Class org.gradle.api.internal.classpath.UnknownModuleException                        : loaded 2 times (x 80B)
Class org.gradle.internal.service.ServiceLookupException                              : loaded 2 times (x 80B)
Class org.gradle.cache.GlobalCache                                                    : loaded 2 times (x 68B)
Class [Lorg.gradle.api.internal.ClassPathProvider;                                    : loaded 2 times (x 67B)
Class org.gradle.util.internal.GUtil                                                  : loaded 2 times (x 69B)
Class org.gradle.internal.classloader.ClassLoaderSpec                                 : loaded 2 times (x 69B)
Class org.gradle.internal.classloader.VisitableURLClassLoader                         : loaded 2 times (x 115B)
Class org.gradle.internal.Cast                                                        : loaded 2 times (x 69B)
Class Build_gradle                                                                    : loaded 2 times (x 70B)
Class org.gradle.api.internal.ClassPathRegistry                                       : loaded 2 times (x 68B)
Class org.gradle.internal.classloader.VisitableURLClassLoader$InstrumentingVisitableURLClassLoader: loaded 2 times (x 121B)
Class org.gradle.internal.classloader.ClassLoaderHierarchy                            : loaded 2 times (x 68B)
Class org.gradle.internal.InternalTransformer                                         : loaded 2 times (x 68B)
Class org.gradle.internal.service.ServiceLocator                                      : loaded 2 times (x 68B)
Class Settings_gradle$1                                                               : loaded 2 times (x 73B)
Class org.gradle.internal.classpath.DefaultClassPath$ImmutableUniqueList              : loaded 2 times (x 159B)
Class org.gradle.internal.classpath.TransformedClassPath                              : loaded 2 times (x 94B)
Class Settings_gradle                                                                 : loaded 2 times (x 126B)


---------------  S Y S T E M  ---------------

OS:
 Windows 11 , 64 bit Build 22000 (10.0.22000.2538)
OS uptime: 42 days 4:50 hours
Hyper-V role detected

CPU: total 4 (initial active 4) (2 cores per cpu, 2 threads per core) family 6 model 78 stepping 3 microcode 0xf0, cx8, cmov, fxsr, ht, mmx, 3dnowpref, sse, sse2, sse3, ssse3, sse4.1, sse4.2, popcnt, lzcnt, tsc, tscinvbit, avx, avx2, aes, erms, clmul, bmi1, bmi2, rtm, adx, fma, vzeroupper, clflush, clflushopt, hv
Processor Information for processor 0
  Max Mhz: 2496, Current Mhz: 1497, Mhz Limit: 2396
Processor Information for processor 1
  Max Mhz: 2496, Current Mhz: 2396, Mhz Limit: 2396
Processor Information for processor 2
  Max Mhz: 2496, Current Mhz: 2396, Mhz Limit: 2396
Processor Information for processor 3
  Max Mhz: 2496, Current Mhz: 2396, Mhz Limit: 2396

Memory: 4k page, system-wide physical 8072M (135M free)
TotalPageFile size 32648M (AvailPageFile size 29M)
current process WorkingSet (physical memory assigned to process): 216M, peak: 222M
current process commit charge ("private bytes"): 288M, peak: 335M

vm_info: OpenJDK 64-Bit Server VM (17.0.10+0--11572160) for windows-amd64 JRE (17.0.10+0--11572160), built on Mar 13 2024 23:56:38 by "androidbuild" with MS VC++ 16.10 / 16.11 (VS2019)

END.
